[0.008s] Invoking command in '/home/wl/Documents/simulation_all_ros2/build/robot_msgs': CMAKE_PREFIX_PATH=/opt/ros/foxy /usr/bin/cmake /home/wl/Documents/simulation_all_ros2/src/robot_msgs -DCMAKE_INSTALL_PREFIX=/home/wl/Documents/simulation_all_ros2/install/robot_msgs
[0.019s] -- Found ament_cmake: 0.9.12 (/opt/ros/foxy/share/ament_cmake/cmake)
[0.034s] -- Found PythonInterp: /usr/bin/python3 (found suitable version "3.8.10", minimum required is "3") 
[0.034s] -- Using PYTHON_EXECUTABLE: /usr/bin/python3
[0.211s] -- Found rosidl_default_generators: 1.0.1 (/opt/ros/foxy/share/rosidl_default_generators/cmake)
[0.212s] -- Using all available rosidl_typesupport_c: rosidl_typesupport_fastrtps_c;rosidl_typesupport_introspection_c
[0.214s] -- Found rosidl_adapter: 1.3.1 (/opt/ros/foxy/share/rosidl_adapter/cmake)
[0.333s] -- Using all available rosidl_typesupport_cpp: rosidl_typesupport_fastrtps_cpp;rosidl_typesupport_introspection_cpp
[0.349s] -- Found std_msgs: 2.0.5 (/opt/ros/foxy/share/std_msgs/cmake)
[0.372s] -- Found geometry_msgs: 2.0.5 (/opt/ros/foxy/share/geometry_msgs/cmake)
[0.397s] -- Found sensor_msgs: 2.0.5 (/opt/ros/foxy/share/sensor_msgs/cmake)
[0.465s] -- Found PythonInterp: /usr/bin/python3 (found version "3.8.10") 
[0.639s] -- Found ament_cmake_ros: 0.9.2 (/opt/ros/foxy/share/ament_cmake_ros/cmake)
[0.871s] -- Using all available rosidl_typesupport_c: rosidl_typesupport_fastrtps_c;rosidl_typesupport_introspection_c
[0.989s] -- Using all available rosidl_typesupport_cpp: rosidl_typesupport_fastrtps_cpp;rosidl_typesupport_introspection_cpp
[1.008s] -- Found PythonInterp: /usr/bin/python3 (found suitable version "3.8.10", minimum required is "3.5") 
[1.009s] -- Found python_cmake_module: 0.8.1 (/opt/ros/foxy/share/python_cmake_module/cmake)
[1.029s] -- Found PythonLibs: /usr/lib/x86_64-linux-gnu/libpython3.8.so (found suitable version "3.8.10", minimum required is "3.5") 
[1.030s] -- Using PYTHON_EXECUTABLE: /usr/bin/python3
[1.030s] -- Using PYTHON_INCLUDE_DIRS: /usr/include/python3.8
[1.030s] -- Using PYTHON_LIBRARIES: /usr/lib/x86_64-linux-gnu/libpython3.8.so
[1.044s] -- Found PythonExtra: .so  
[1.116s] -- Found ament_lint_auto: 0.9.8 (/opt/ros/foxy/share/ament_lint_auto/cmake)
[1.138s] -- Added test 'copyright' to check source files copyright and LICENSE
[1.140s] -- Added test 'lint_cmake' to check CMake code style
[1.141s] -- Added test 'xmllint' to check XML markup files
[1.144s] -- Configuring done
[1.195s] -- Generating done
[1.197s] -- Build files have been written to: /home/wl/Documents/simulation_all_ros2/build/robot_msgs
[1.201s] Invoked command in '/home/wl/Documents/simulation_all_ros2/build/robot_msgs' returned '0': CMAKE_PREFIX_PATH=/opt/ros/foxy /usr/bin/cmake /home/wl/Documents/simulation_all_ros2/src/robot_msgs -DCMAKE_INSTALL_PREFIX=/home/wl/Documents/simulation_all_ros2/install/robot_msgs
[1.203s] Invoking command in '/home/wl/Documents/simulation_all_ros2/build/robot_msgs': CMAKE_PREFIX_PATH=/opt/ros/foxy /usr/bin/cmake --build /home/wl/Documents/simulation_all_ros2/build/robot_msgs -- -j16 -l16
[1.232s] [35m[1mScanning dependencies of target robot_msgs__cpp[0m
[1.232s] [  1%] [34m[1mGenerating C code for ROS interfaces[0m
[1.239s] [  3%] [34m[1mGenerating C++ code for ROS interfaces[0m
[1.620s] [  3%] Built target robot_msgs__cpp
[1.632s] [  6%] [34m[1mGenerating C++ type support dispatch for ROS interfaces[0m
[1.632s] [  6%] [34m[1mGenerating C++ type support for eProsima Fast-RTPS[0m
[1.637s] [  7%] [34m[1mGenerating C++ introspection for ROS interfaces[0m
[1.655s] [35m[1mScanning dependencies of target robot_msgs__rosidl_generator_c[0m
[1.669s] [  9%] [32mBuilding C object CMakeFiles/robot_msgs__rosidl_generator_c.dir/rosidl_generator_c/robot_msgs/msg/detail/motor_command__functions.c.o[0m
[1.670s] [ 15%] [32mBuilding C object CMakeFiles/robot_msgs__rosidl_generator_c.dir/rosidl_generator_c/robot_msgs/msg/detail/robot_state__functions.c.o[0m
[1.670s] [ 15%] [32mBuilding C object CMakeFiles/robot_msgs__rosidl_generator_c.dir/rosidl_generator_c/robot_msgs/msg/detail/robot_command__functions.c.o[0m
[1.670s] [ 15%] [32mBuilding C object CMakeFiles/robot_msgs__rosidl_generator_c.dir/rosidl_generator_c/robot_msgs/msg/detail/motor_state__functions.c.o[0m
[1.670s] [ 15%] [32mBuilding C object CMakeFiles/robot_msgs__rosidl_generator_c.dir/rosidl_generator_c/robot_msgs/msg/detail/imu__functions.c.o[0m
[1.718s] [ 17%] [32m[1mLinking C shared library librobot_msgs__rosidl_generator_c.so[0m
[1.755s] [ 17%] Built target robot_msgs__rosidl_generator_c
[1.764s] [ 20%] [34m[1mGenerating C type support dispatch for ROS interfaces[0m
[1.764s] [ 20%] [34m[1mGenerating C introspection for ROS interfaces[0m
[1.939s] [35m[1mScanning dependencies of target robot_msgs__rosidl_typesupport_cpp[0m
[1.952s] [ 22%] [32mBuilding CXX object CMakeFiles/robot_msgs__rosidl_typesupport_cpp.dir/rosidl_typesupport_cpp/robot_msgs/msg/imu__type_support.cpp.o[0m
[1.953s] [ 26%] [32mBuilding CXX object CMakeFiles/robot_msgs__rosidl_typesupport_cpp.dir/rosidl_typesupport_cpp/robot_msgs/msg/robot_command__type_support.cpp.o[0m
[1.953s] [ 26%] [32mBuilding CXX object CMakeFiles/robot_msgs__rosidl_typesupport_cpp.dir/rosidl_typesupport_cpp/robot_msgs/msg/motor_command__type_support.cpp.o[0m
[1.953s] [ 26%] [32mBuilding CXX object CMakeFiles/robot_msgs__rosidl_typesupport_cpp.dir/rosidl_typesupport_cpp/robot_msgs/msg/motor_state__type_support.cpp.o[0m
[1.953s] [ 28%] [32mBuilding CXX object CMakeFiles/robot_msgs__rosidl_typesupport_cpp.dir/rosidl_typesupport_cpp/robot_msgs/msg/robot_state__type_support.cpp.o[0m
[2.014s] [35m[1mScanning dependencies of target robot_msgs__rosidl_typesupport_introspection_cpp[0m
[2.029s] [ 30%] [32mBuilding CXX object CMakeFiles/robot_msgs__rosidl_typesupport_introspection_cpp.dir/rosidl_typesupport_introspection_cpp/robot_msgs/msg/detail/robot_state__type_support.cpp.o[0m
[2.029s] [ 34%] [32mBuilding CXX object CMakeFiles/robot_msgs__rosidl_typesupport_introspection_cpp.dir/rosidl_typesupport_introspection_cpp/robot_msgs/msg/detail/motor_state__type_support.cpp.o[0m
[2.029s] [ 34%] [32mBuilding CXX object CMakeFiles/robot_msgs__rosidl_typesupport_introspection_cpp.dir/rosidl_typesupport_introspection_cpp/robot_msgs/msg/detail/robot_command__type_support.cpp.o[0m
[2.030s] [ 34%] [32mBuilding CXX object CMakeFiles/robot_msgs__rosidl_typesupport_introspection_cpp.dir/rosidl_typesupport_introspection_cpp/robot_msgs/msg/detail/motor_command__type_support.cpp.o[0m
[2.030s] [35m[1mScanning dependencies of target robot_msgs__rosidl_typesupport_fastrtps_cpp[0m
[2.033s] [ 36%] [32mBuilding CXX object CMakeFiles/robot_msgs__rosidl_typesupport_introspection_cpp.dir/rosidl_typesupport_introspection_cpp/robot_msgs/msg/detail/imu__type_support.cpp.o[0m
[2.058s] [ 38%] [32mBuilding CXX object CMakeFiles/robot_msgs__rosidl_typesupport_fastrtps_cpp.dir/rosidl_typesupport_fastrtps_cpp/robot_msgs/msg/detail/dds_fastrtps/motor_command__type_support.cpp.o[0m
[2.080s] [ 39%] [32mBuilding CXX object CMakeFiles/robot_msgs__rosidl_typesupport_fastrtps_cpp.dir/rosidl_typesupport_fastrtps_cpp/robot_msgs/msg/detail/dds_fastrtps/motor_state__type_support.cpp.o[0m
[2.083s] [ 41%] [32mBuilding CXX object CMakeFiles/robot_msgs__rosidl_typesupport_fastrtps_cpp.dir/rosidl_typesupport_fastrtps_cpp/robot_msgs/msg/detail/dds_fastrtps/robot_command__type_support.cpp.o[0m
[2.090s] [ 42%] [32mBuilding CXX object CMakeFiles/robot_msgs__rosidl_typesupport_fastrtps_cpp.dir/rosidl_typesupport_fastrtps_cpp/robot_msgs/msg/detail/dds_fastrtps/robot_state__type_support.cpp.o[0m
[2.323s] [35m[1mScanning dependencies of target robot_msgs__rosidl_typesupport_c[0m
[2.334s] [ 44%] [32mBuilding CXX object CMakeFiles/robot_msgs__rosidl_typesupport_fastrtps_cpp.dir/rosidl_typesupport_fastrtps_cpp/robot_msgs/msg/detail/dds_fastrtps/imu__type_support.cpp.o[0m
[2.349s] [ 46%] [32mBuilding CXX object CMakeFiles/robot_msgs__rosidl_typesupport_c.dir/rosidl_typesupport_c/robot_msgs/msg/motor_command__type_support.cpp.o[0m
[2.355s] [ 47%] [32mBuilding CXX object CMakeFiles/robot_msgs__rosidl_typesupport_c.dir/rosidl_typesupport_c/robot_msgs/msg/motor_state__type_support.cpp.o[0m
[2.356s] [ 49%] [32mBuilding CXX object CMakeFiles/robot_msgs__rosidl_typesupport_c.dir/rosidl_typesupport_c/robot_msgs/msg/robot_command__type_support.cpp.o[0m
[2.362s] [ 50%] [32mBuilding CXX object CMakeFiles/robot_msgs__rosidl_typesupport_c.dir/rosidl_typesupport_c/robot_msgs/msg/robot_state__type_support.cpp.o[0m
[2.372s] [35m[1mScanning dependencies of target robot_msgs__rosidl_typesupport_introspection_c[0m
[2.384s] [ 52%] [32m[1mLinking CXX shared library librobot_msgs__rosidl_typesupport_cpp.so[0m
[2.401s] [ 57%] [32mBuilding CXX object CMakeFiles/robot_msgs__rosidl_typesupport_c.dir/rosidl_typesupport_c/robot_msgs/msg/imu__type_support.cpp.o[0m
[2.402s] [ 57%] [32mBuilding C object CMakeFiles/robot_msgs__rosidl_typesupport_introspection_c.dir/rosidl_typesupport_introspection_c/robot_msgs/msg/detail/motor_state__type_support.c.o[0m
[2.402s] [ 57%] [32mBuilding C object CMakeFiles/robot_msgs__rosidl_typesupport_introspection_c.dir/rosidl_typesupport_introspection_c/robot_msgs/msg/detail/motor_command__type_support.c.o[0m
[2.408s] [ 58%] [32mBuilding C object CMakeFiles/robot_msgs__rosidl_typesupport_introspection_c.dir/rosidl_typesupport_introspection_c/robot_msgs/msg/detail/robot_command__type_support.c.o[0m
[2.424s] [ 60%] [32mBuilding C object CMakeFiles/robot_msgs__rosidl_typesupport_introspection_c.dir/rosidl_typesupport_introspection_c/robot_msgs/msg/detail/robot_state__type_support.c.o[0m
[2.434s] [ 61%] [32mBuilding C object CMakeFiles/robot_msgs__rosidl_typesupport_introspection_c.dir/rosidl_typesupport_introspection_c/robot_msgs/msg/detail/imu__type_support.c.o[0m
[2.446s] [ 63%] [32m[1mLinking CXX shared library librobot_msgs__rosidl_typesupport_c.so[0m
[2.458s] [ 63%] Built target robot_msgs__rosidl_typesupport_cpp
[2.461s] [ 65%] [32m[1mLinking CXX shared library librobot_msgs__rosidl_typesupport_introspection_cpp.so[0m
[2.472s] [ 66%] [32m[1mLinking C shared library librobot_msgs__rosidl_typesupport_introspection_c.so[0m
[2.489s] [ 66%] Built target robot_msgs__rosidl_typesupport_c
[2.507s] [ 66%] Built target robot_msgs__rosidl_typesupport_introspection_c
[2.544s] [ 66%] Built target robot_msgs__rosidl_typesupport_introspection_cpp
[2.767s] [ 68%] [32m[1mLinking CXX shared library librobot_msgs__rosidl_typesupport_fastrtps_cpp.so[0m
[2.854s] [ 68%] Built target robot_msgs__rosidl_typesupport_fastrtps_cpp
[2.863s] [ 69%] [34m[1mGenerating C type support for eProsima Fast-RTPS[0m
[3.196s] [35m[1mScanning dependencies of target robot_msgs__rosidl_typesupport_fastrtps_c[0m
[3.209s] [ 74%] [32mBuilding CXX object CMakeFiles/robot_msgs__rosidl_typesupport_fastrtps_c.dir/rosidl_typesupport_fastrtps_c/robot_msgs/msg/detail/imu__type_support_c.cpp.o[0m
[3.209s] [ 74%] [32mBuilding CXX object CMakeFiles/robot_msgs__rosidl_typesupport_fastrtps_c.dir/rosidl_typesupport_fastrtps_c/robot_msgs/msg/detail/motor_command__type_support_c.cpp.o[0m
[3.210s] [ 74%] [32mBuilding CXX object CMakeFiles/robot_msgs__rosidl_typesupport_fastrtps_c.dir/rosidl_typesupport_fastrtps_c/robot_msgs/msg/detail/robot_command__type_support_c.cpp.o[0m
[3.210s] [ 76%] [32mBuilding CXX object CMakeFiles/robot_msgs__rosidl_typesupport_fastrtps_c.dir/rosidl_typesupport_fastrtps_c/robot_msgs/msg/detail/robot_state__type_support_c.cpp.o[0m
[3.210s] [ 77%] [32mBuilding CXX object CMakeFiles/robot_msgs__rosidl_typesupport_fastrtps_c.dir/rosidl_typesupport_fastrtps_c/robot_msgs/msg/detail/motor_state__type_support_c.cpp.o[0m
[3.466s] [ 79%] [32m[1mLinking CXX shared library librobot_msgs__rosidl_typesupport_fastrtps_c.so[0m
[3.525s] [ 79%] Built target robot_msgs__rosidl_typesupport_fastrtps_c
[3.532s] [35m[1mScanning dependencies of target robot_msgs[0m
[3.540s] [ 79%] Built target robot_msgs
[3.546s] [35m[1mScanning dependencies of target robot_msgs__py[0m
[3.553s] [ 80%] [34m[1mGenerating Python code for ROS interfaces[0m
[4.238s] [ 80%] Built target robot_msgs__py
[4.245s] [35m[1mScanning dependencies of target robot_msgs__python[0m
[4.274s] [ 88%] [32mBuilding C object CMakeFiles/robot_msgs__python.dir/rosidl_generator_py/robot_msgs/msg/_motor_command_s.c.o[0m
[4.274s] [ 88%] [32mBuilding C object CMakeFiles/robot_msgs__python.dir/rosidl_generator_py/robot_msgs/msg/_robot_command_s.c.o[0m
[4.274s] [ 88%] [32mBuilding C object CMakeFiles/robot_msgs__python.dir/rosidl_generator_py/robot_msgs/msg/_imu_s.c.o[0m
[4.274s] [ 88%] [32mBuilding C object CMakeFiles/robot_msgs__python.dir/rosidl_generator_py/robot_msgs/msg/_motor_state_s.c.o[0m
[4.274s] [ 88%] [32mBuilding C object CMakeFiles/robot_msgs__python.dir/rosidl_generator_py/robot_msgs/msg/_robot_state_s.c.o[0m
[4.347s] [ 90%] [32m[1mLinking C shared library rosidl_generator_py/robot_msgs/librobot_msgs__python.so[0m
[4.378s] [ 90%] Built target robot_msgs__python
[4.385s] [35m[1mScanning dependencies of target robot_msgs__rosidl_typesupport_c__pyext[0m
[4.385s] [35m[1mScanning dependencies of target robot_msgs__rosidl_typesupport_introspection_c__pyext[0m
[4.385s] [35m[1mScanning dependencies of target robot_msgs__rosidl_typesupport_fastrtps_c__pyext[0m
[4.397s] [ 93%] [32mBuilding C object CMakeFiles/robot_msgs__rosidl_typesupport_c__pyext.dir/rosidl_generator_py/robot_msgs/_robot_msgs_s.ep.rosidl_typesupport_c.c.o[0m
[4.398s] [ 93%] [32mBuilding C object CMakeFiles/robot_msgs__rosidl_typesupport_introspection_c__pyext.dir/rosidl_generator_py/robot_msgs/_robot_msgs_s.ep.rosidl_typesupport_introspection_c.c.o[0m
[4.398s] [ 95%] [32mBuilding C object CMakeFiles/robot_msgs__rosidl_typesupport_fastrtps_c__pyext.dir/rosidl_generator_py/robot_msgs/_robot_msgs_s.ep.rosidl_typesupport_fastrtps_c.c.o[0m
[4.461s] [ 98%] [32m[1mLinking C shared library rosidl_generator_py/robot_msgs/robot_msgs_s__rosidl_typesupport_c.cpython-38-x86_64-linux-gnu.so[0m
[4.461s] [ 98%] [32m[1mLinking C shared library rosidl_generator_py/robot_msgs/robot_msgs_s__rosidl_typesupport_introspection_c.cpython-38-x86_64-linux-gnu.so[0m
[4.461s] [100%] [32m[1mLinking CXX shared library rosidl_generator_py/robot_msgs/robot_msgs_s__rosidl_typesupport_fastrtps_c.cpython-38-x86_64-linux-gnu.so[0m
[4.490s] [100%] Built target robot_msgs__rosidl_typesupport_introspection_c__pyext
[4.490s] [100%] Built target robot_msgs__rosidl_typesupport_c__pyext
[4.510s] [100%] Built target robot_msgs__rosidl_typesupport_fastrtps_c__pyext
[4.519s] Invoked command in '/home/wl/Documents/simulation_all_ros2/build/robot_msgs' returned '0': CMAKE_PREFIX_PATH=/opt/ros/foxy /usr/bin/cmake --build /home/wl/Documents/simulation_all_ros2/build/robot_msgs -- -j16 -l16
[4.590s] Invoking command in '/home/wl/Documents/simulation_all_ros2/build/robot_msgs': CMAKE_PREFIX_PATH=/opt/ros/foxy /usr/bin/cmake --install /home/wl/Documents/simulation_all_ros2/build/robot_msgs
[4.597s] -- Install configuration: ""
[4.597s] -- Installing: /home/wl/Documents/simulation_all_ros2/install/robot_msgs/share/ament_index/resource_index/rosidl_interfaces/robot_msgs
[4.597s] -- Installing: /home/wl/Documents/simulation_all_ros2/install/robot_msgs/include/robot_msgs
[4.597s] -- Installing: /home/wl/Documents/simulation_all_ros2/install/robot_msgs/include/robot_msgs/msg
[4.597s] -- Installing: /home/wl/Documents/simulation_all_ros2/install/robot_msgs/include/robot_msgs/msg/motor_command.h
[4.597s] -- Installing: /home/wl/Documents/simulation_all_ros2/install/robot_msgs/include/robot_msgs/msg/detail
[4.597s] -- Installing: /home/wl/Documents/simulation_all_ros2/install/robot_msgs/include/robot_msgs/msg/detail/robot_command__struct.h
[4.597s] -- Installing: /home/wl/Documents/simulation_all_ros2/install/robot_msgs/include/robot_msgs/msg/detail/robot_command__type_support.h
[4.598s] -- Installing: /home/wl/Documents/simulation_all_ros2/install/robot_msgs/include/robot_msgs/msg/detail/motor_command__type_support.h
[4.598s] -- Installing: /home/wl/Documents/simulation_all_ros2/install/robot_msgs/include/robot_msgs/msg/detail/robot_command__functions.c
[4.598s] -- Installing: /home/wl/Documents/simulation_all_ros2/install/robot_msgs/include/robot_msgs/msg/detail/robot_state__struct.h
[4.598s] -- Installing: /home/wl/Documents/simulation_all_ros2/install/robot_msgs/include/robot_msgs/msg/detail/imu__functions.c
[4.598s] -- Installing: /home/wl/Documents/simulation_all_ros2/install/robot_msgs/include/robot_msgs/msg/detail/motor_command__struct.h
[4.598s] -- Installing: /home/wl/Documents/simulation_all_ros2/install/robot_msgs/include/robot_msgs/msg/detail/robot_state__type_support.h
[4.598s] -- Installing: /home/wl/Documents/simulation_all_ros2/install/robot_msgs/include/robot_msgs/msg/detail/motor_state__functions.c
[4.598s] -- Installing: /home/wl/Documents/simulation_all_ros2/install/robot_msgs/include/robot_msgs/msg/detail/imu__functions.h
[4.598s] -- Installing: /home/wl/Documents/simulation_all_ros2/install/robot_msgs/include/robot_msgs/msg/detail/robot_state__functions.c
[4.598s] -- Installing: /home/wl/Documents/simulation_all_ros2/install/robot_msgs/include/robot_msgs/msg/detail/robot_state__functions.h
[4.598s] -- Installing: /home/wl/Documents/simulation_all_ros2/install/robot_msgs/include/robot_msgs/msg/detail/motor_state__functions.h
[4.598s] -- Installing: /home/wl/Documents/simulation_all_ros2/install/robot_msgs/include/robot_msgs/msg/detail/motor_state__struct.h
[4.599s] -- Installing: /home/wl/Documents/simulation_all_ros2/install/robot_msgs/include/robot_msgs/msg/detail/motor_command__functions.h
[4.599s] -- Installing: /home/wl/Documents/simulation_all_ros2/install/robot_msgs/include/robot_msgs/msg/detail/motor_command__functions.c
[4.599s] -- Installing: /home/wl/Documents/simulation_all_ros2/install/robot_msgs/include/robot_msgs/msg/detail/motor_state__type_support.h
[4.599s] -- Installing: /home/wl/Documents/simulation_all_ros2/install/robot_msgs/include/robot_msgs/msg/detail/robot_command__functions.h
[4.599s] -- Installing: /home/wl/Documents/simulation_all_ros2/install/robot_msgs/include/robot_msgs/msg/detail/imu__type_support.h
[4.599s] -- Installing: /home/wl/Documents/simulation_all_ros2/install/robot_msgs/include/robot_msgs/msg/detail/imu__struct.h
[4.599s] -- Installing: /home/wl/Documents/simulation_all_ros2/install/robot_msgs/include/robot_msgs/msg/imu.h
[4.599s] -- Installing: /home/wl/Documents/simulation_all_ros2/install/robot_msgs/include/robot_msgs/msg/motor_state.h
[4.599s] -- Installing: /home/wl/Documents/simulation_all_ros2/install/robot_msgs/include/robot_msgs/msg/robot_state.h
[4.599s] -- Installing: /home/wl/Documents/simulation_all_ros2/install/robot_msgs/include/robot_msgs/msg/rosidl_generator_c__visibility_control.h
[4.599s] -- Installing: /home/wl/Documents/simulation_all_ros2/install/robot_msgs/include/robot_msgs/msg/robot_command.h
[4.599s] -- Installing: /home/wl/Documents/simulation_all_ros2/install/robot_msgs/share/robot_msgs/environment/library_path.sh
[4.599s] -- Installing: /home/wl/Documents/simulation_all_ros2/install/robot_msgs/share/robot_msgs/environment/library_path.dsv
[4.600s] -- Installing: /home/wl/Documents/simulation_all_ros2/install/robot_msgs/lib/librobot_msgs__rosidl_generator_c.so
[4.600s] -- Set runtime path of "/home/wl/Documents/simulation_all_ros2/install/robot_msgs/lib/librobot_msgs__rosidl_generator_c.so" to ""
[4.600s] -- Up-to-date: /home/wl/Documents/simulation_all_ros2/install/robot_msgs/include/robot_msgs
[4.600s] -- Up-to-date: /home/wl/Documents/simulation_all_ros2/install/robot_msgs/include/robot_msgs/msg
[4.600s] -- Up-to-date: /home/wl/Documents/simulation_all_ros2/install/robot_msgs/include/robot_msgs/msg/detail
[4.600s] -- Installing: /home/wl/Documents/simulation_all_ros2/install/robot_msgs/include/robot_msgs/msg/detail/robot_command__rosidl_typesupport_fastrtps_c.h
[4.600s] -- Installing: /home/wl/Documents/simulation_all_ros2/install/robot_msgs/include/robot_msgs/msg/detail/motor_state__rosidl_typesupport_fastrtps_c.h
[4.600s] -- Installing: /home/wl/Documents/simulation_all_ros2/install/robot_msgs/include/robot_msgs/msg/detail/robot_state__rosidl_typesupport_fastrtps_c.h
[4.600s] -- Installing: /home/wl/Documents/simulation_all_ros2/install/robot_msgs/include/robot_msgs/msg/detail/motor_command__rosidl_typesupport_fastrtps_c.h
[4.600s] -- Installing: /home/wl/Documents/simulation_all_ros2/install/robot_msgs/include/robot_msgs/msg/detail/imu__rosidl_typesupport_fastrtps_c.h
[4.600s] -- Installing: /home/wl/Documents/simulation_all_ros2/install/robot_msgs/include/robot_msgs/msg/rosidl_typesupport_fastrtps_c__visibility_control.h
[4.600s] -- Installing: /home/wl/Documents/simulation_all_ros2/install/robot_msgs/lib/librobot_msgs__rosidl_typesupport_fastrtps_c.so
[4.601s] -- Set runtime path of "/home/wl/Documents/simulation_all_ros2/install/robot_msgs/lib/librobot_msgs__rosidl_typesupport_fastrtps_c.so" to ""
[4.601s] -- Up-to-date: /home/wl/Documents/simulation_all_ros2/install/robot_msgs/include/robot_msgs
[4.601s] -- Up-to-date: /home/wl/Documents/simulation_all_ros2/install/robot_msgs/include/robot_msgs/msg
[4.601s] -- Up-to-date: /home/wl/Documents/simulation_all_ros2/install/robot_msgs/include/robot_msgs/msg/detail
[4.601s] -- Installing: /home/wl/Documents/simulation_all_ros2/install/robot_msgs/include/robot_msgs/msg/detail/motor_state__rosidl_typesupport_fastrtps_cpp.hpp
[4.601s] -- Installing: /home/wl/Documents/simulation_all_ros2/install/robot_msgs/include/robot_msgs/msg/detail/motor_command__rosidl_typesupport_fastrtps_cpp.hpp
[4.601s] -- Installing: /home/wl/Documents/simulation_all_ros2/install/robot_msgs/include/robot_msgs/msg/detail/dds_fastrtps
[4.601s] -- Installing: /home/wl/Documents/simulation_all_ros2/install/robot_msgs/include/robot_msgs/msg/detail/robot_state__rosidl_typesupport_fastrtps_cpp.hpp
[4.601s] -- Installing: /home/wl/Documents/simulation_all_ros2/install/robot_msgs/include/robot_msgs/msg/detail/robot_command__rosidl_typesupport_fastrtps_cpp.hpp
[4.601s] -- Installing: /home/wl/Documents/simulation_all_ros2/install/robot_msgs/include/robot_msgs/msg/detail/imu__rosidl_typesupport_fastrtps_cpp.hpp
[4.601s] -- Installing: /home/wl/Documents/simulation_all_ros2/install/robot_msgs/include/robot_msgs/msg/rosidl_typesupport_fastrtps_cpp__visibility_control.h
[4.601s] -- Installing: /home/wl/Documents/simulation_all_ros2/install/robot_msgs/lib/librobot_msgs__rosidl_typesupport_fastrtps_cpp.so
[4.601s] -- Set runtime path of "/home/wl/Documents/simulation_all_ros2/install/robot_msgs/lib/librobot_msgs__rosidl_typesupport_fastrtps_cpp.so" to ""
[4.601s] -- Up-to-date: /home/wl/Documents/simulation_all_ros2/install/robot_msgs/include/robot_msgs
[4.602s] -- Up-to-date: /home/wl/Documents/simulation_all_ros2/install/robot_msgs/include/robot_msgs/msg
[4.602s] -- Up-to-date: /home/wl/Documents/simulation_all_ros2/install/robot_msgs/include/robot_msgs/msg/detail
[4.602s] -- Installing: /home/wl/Documents/simulation_all_ros2/install/robot_msgs/include/robot_msgs/msg/detail/motor_command__rosidl_typesupport_introspection_c.h
[4.602s] -- Installing: /home/wl/Documents/simulation_all_ros2/install/robot_msgs/include/robot_msgs/msg/detail/robot_state__rosidl_typesupport_introspection_c.h
[4.602s] -- Installing: /home/wl/Documents/simulation_all_ros2/install/robot_msgs/include/robot_msgs/msg/detail/motor_state__type_support.c
[4.602s] -- Installing: /home/wl/Documents/simulation_all_ros2/install/robot_msgs/include/robot_msgs/msg/detail/motor_command__type_support.c
[4.602s] -- Installing: /home/wl/Documents/simulation_all_ros2/install/robot_msgs/include/robot_msgs/msg/detail/robot_state__type_support.c
[4.602s] -- Installing: /home/wl/Documents/simulation_all_ros2/install/robot_msgs/include/robot_msgs/msg/detail/motor_state__rosidl_typesupport_introspection_c.h
[4.602s] -- Installing: /home/wl/Documents/simulation_all_ros2/install/robot_msgs/include/robot_msgs/msg/detail/imu__rosidl_typesupport_introspection_c.h
[4.602s] -- Installing: /home/wl/Documents/simulation_all_ros2/install/robot_msgs/include/robot_msgs/msg/detail/imu__type_support.c
[4.603s] -- Installing: /home/wl/Documents/simulation_all_ros2/install/robot_msgs/include/robot_msgs/msg/detail/robot_command__type_support.c
[4.603s] -- Installing: /home/wl/Documents/simulation_all_ros2/install/robot_msgs/include/robot_msgs/msg/detail/robot_command__rosidl_typesupport_introspection_c.h
[4.603s] -- Installing: /home/wl/Documents/simulation_all_ros2/install/robot_msgs/include/robot_msgs/msg/rosidl_typesupport_introspection_c__visibility_control.h
[4.603s] -- Installing: /home/wl/Documents/simulation_all_ros2/install/robot_msgs/lib/librobot_msgs__rosidl_typesupport_introspection_c.so
[4.603s] -- Set runtime path of "/home/wl/Documents/simulation_all_ros2/install/robot_msgs/lib/librobot_msgs__rosidl_typesupport_introspection_c.so" to ""
[4.603s] -- Installing: /home/wl/Documents/simulation_all_ros2/install/robot_msgs/lib/librobot_msgs__rosidl_typesupport_c.so
[4.603s] -- Set runtime path of "/home/wl/Documents/simulation_all_ros2/install/robot_msgs/lib/librobot_msgs__rosidl_typesupport_c.so" to ""
[4.603s] -- Up-to-date: /home/wl/Documents/simulation_all_ros2/install/robot_msgs/include/robot_msgs
[4.603s] -- Up-to-date: /home/wl/Documents/simulation_all_ros2/install/robot_msgs/include/robot_msgs/msg
[4.603s] -- Installing: /home/wl/Documents/simulation_all_ros2/install/robot_msgs/include/robot_msgs/msg/motor_command.hpp
[4.603s] -- Installing: /home/wl/Documents/simulation_all_ros2/install/robot_msgs/include/robot_msgs/msg/robot_command.hpp
[4.603s] -- Installing: /home/wl/Documents/simulation_all_ros2/install/robot_msgs/include/robot_msgs/msg/rosidl_generator_cpp__visibility_control.hpp
[4.603s] -- Up-to-date: /home/wl/Documents/simulation_all_ros2/install/robot_msgs/include/robot_msgs/msg/detail
[4.603s] -- Installing: /home/wl/Documents/simulation_all_ros2/install/robot_msgs/include/robot_msgs/msg/detail/motor_command__builder.hpp
[4.604s] -- Installing: /home/wl/Documents/simulation_all_ros2/install/robot_msgs/include/robot_msgs/msg/detail/motor_command__traits.hpp
[4.604s] -- Installing: /home/wl/Documents/simulation_all_ros2/install/robot_msgs/include/robot_msgs/msg/detail/robot_command__type_support.hpp
[4.604s] -- Installing: /home/wl/Documents/simulation_all_ros2/install/robot_msgs/include/robot_msgs/msg/detail/motor_state__traits.hpp
[4.604s] -- Installing: /home/wl/Documents/simulation_all_ros2/install/robot_msgs/include/robot_msgs/msg/detail/robot_state__struct.hpp
[4.604s] -- Installing: /home/wl/Documents/simulation_all_ros2/install/robot_msgs/include/robot_msgs/msg/detail/motor_command__type_support.hpp
[4.604s] -- Installing: /home/wl/Documents/simulation_all_ros2/install/robot_msgs/include/robot_msgs/msg/detail/imu__type_support.hpp
[4.604s] -- Installing: /home/wl/Documents/simulation_all_ros2/install/robot_msgs/include/robot_msgs/msg/detail/robot_command__traits.hpp
[4.604s] -- Installing: /home/wl/Documents/simulation_all_ros2/install/robot_msgs/include/robot_msgs/msg/detail/robot_command__builder.hpp
[4.604s] -- Installing: /home/wl/Documents/simulation_all_ros2/install/robot_msgs/include/robot_msgs/msg/detail/robot_state__type_support.hpp
[4.604s] -- Installing: /home/wl/Documents/simulation_all_ros2/install/robot_msgs/include/robot_msgs/msg/detail/motor_command__struct.hpp
[4.604s] -- Installing: /home/wl/Documents/simulation_all_ros2/install/robot_msgs/include/robot_msgs/msg/detail/imu__traits.hpp
[4.604s] -- Installing: /home/wl/Documents/simulation_all_ros2/install/robot_msgs/include/robot_msgs/msg/detail/motor_state__struct.hpp
[4.604s] -- Installing: /home/wl/Documents/simulation_all_ros2/install/robot_msgs/include/robot_msgs/msg/detail/motor_state__builder.hpp
[4.604s] -- Installing: /home/wl/Documents/simulation_all_ros2/install/robot_msgs/include/robot_msgs/msg/detail/robot_command__struct.hpp
[4.604s] -- Installing: /home/wl/Documents/simulation_all_ros2/install/robot_msgs/include/robot_msgs/msg/detail/imu__builder.hpp
[4.604s] -- Installing: /home/wl/Documents/simulation_all_ros2/install/robot_msgs/include/robot_msgs/msg/detail/robot_state__traits.hpp
[4.604s] -- Installing: /home/wl/Documents/simulation_all_ros2/install/robot_msgs/include/robot_msgs/msg/detail/robot_state__builder.hpp
[4.605s] -- Installing: /home/wl/Documents/simulation_all_ros2/install/robot_msgs/include/robot_msgs/msg/detail/imu__struct.hpp
[4.605s] -- Installing: /home/wl/Documents/simulation_all_ros2/install/robot_msgs/include/robot_msgs/msg/detail/motor_state__type_support.hpp
[4.605s] -- Installing: /home/wl/Documents/simulation_all_ros2/install/robot_msgs/include/robot_msgs/msg/robot_state.hpp
[4.605s] -- Installing: /home/wl/Documents/simulation_all_ros2/install/robot_msgs/include/robot_msgs/msg/motor_state.hpp
[4.605s] -- Installing: /home/wl/Documents/simulation_all_ros2/install/robot_msgs/include/robot_msgs/msg/imu.hpp
[4.605s] -- Up-to-date: /home/wl/Documents/simulation_all_ros2/install/robot_msgs/include/robot_msgs
[4.605s] -- Up-to-date: /home/wl/Documents/simulation_all_ros2/install/robot_msgs/include/robot_msgs/msg
[4.605s] -- Up-to-date: /home/wl/Documents/simulation_all_ros2/install/robot_msgs/include/robot_msgs/msg/detail
[4.605s] -- Installing: /home/wl/Documents/simulation_all_ros2/install/robot_msgs/include/robot_msgs/msg/detail/motor_state__rosidl_typesupport_introspection_cpp.hpp
[4.605s] -- Installing: /home/wl/Documents/simulation_all_ros2/install/robot_msgs/include/robot_msgs/msg/detail/robot_state__type_support.cpp
[4.605s] -- Installing: /home/wl/Documents/simulation_all_ros2/install/robot_msgs/include/robot_msgs/msg/detail/robot_command__rosidl_typesupport_introspection_cpp.hpp
[4.605s] -- Installing: /home/wl/Documents/simulation_all_ros2/install/robot_msgs/include/robot_msgs/msg/detail/robot_state__rosidl_typesupport_introspection_cpp.hpp
[4.605s] -- Installing: /home/wl/Documents/simulation_all_ros2/install/robot_msgs/include/robot_msgs/msg/detail/motor_command__rosidl_typesupport_introspection_cpp.hpp
[4.605s] -- Installing: /home/wl/Documents/simulation_all_ros2/install/robot_msgs/include/robot_msgs/msg/detail/imu__type_support.cpp
[4.605s] -- Installing: /home/wl/Documents/simulation_all_ros2/install/robot_msgs/include/robot_msgs/msg/detail/robot_command__type_support.cpp
[4.605s] -- Installing: /home/wl/Documents/simulation_all_ros2/install/robot_msgs/include/robot_msgs/msg/detail/imu__rosidl_typesupport_introspection_cpp.hpp
[4.605s] -- Installing: /home/wl/Documents/simulation_all_ros2/install/robot_msgs/include/robot_msgs/msg/detail/motor_command__type_support.cpp
[4.605s] -- Installing: /home/wl/Documents/simulation_all_ros2/install/robot_msgs/include/robot_msgs/msg/detail/motor_state__type_support.cpp
[4.605s] -- Installing: /home/wl/Documents/simulation_all_ros2/install/robot_msgs/lib/librobot_msgs__rosidl_typesupport_introspection_cpp.so
[4.605s] -- Set runtime path of "/home/wl/Documents/simulation_all_ros2/install/robot_msgs/lib/librobot_msgs__rosidl_typesupport_introspection_cpp.so" to ""
[4.606s] -- Installing: /home/wl/Documents/simulation_all_ros2/install/robot_msgs/lib/librobot_msgs__rosidl_typesupport_cpp.so
[4.606s] -- Set runtime path of "/home/wl/Documents/simulation_all_ros2/install/robot_msgs/lib/librobot_msgs__rosidl_typesupport_cpp.so" to ""
[4.606s] -- Installing: /home/wl/Documents/simulation_all_ros2/install/robot_msgs/share/robot_msgs/environment/pythonpath.sh
[4.606s] -- Installing: /home/wl/Documents/simulation_all_ros2/install/robot_msgs/share/robot_msgs/environment/pythonpath.dsv
[4.606s] -- Installing: /home/wl/Documents/simulation_all_ros2/install/robot_msgs/lib/python3.8/site-packages/robot_msgs/__init__.py
[4.625s] Compiling '/home/wl/Documents/simulation_all_ros2/install/robot_msgs/lib/python3.8/site-packages/robot_msgs/__init__.py'...
[4.628s] -- Installing: /home/wl/Documents/simulation_all_ros2/install/robot_msgs/lib/python3.8/site-packages/robot_msgs/msg
[4.628s] -- Installing: /home/wl/Documents/simulation_all_ros2/install/robot_msgs/lib/python3.8/site-packages/robot_msgs/msg/__init__.py
[4.628s] -- Installing: /home/wl/Documents/simulation_all_ros2/install/robot_msgs/lib/python3.8/site-packages/robot_msgs/msg/_motor_state.py
[4.629s] -- Installing: /home/wl/Documents/simulation_all_ros2/install/robot_msgs/lib/python3.8/site-packages/robot_msgs/msg/_motor_state_s.c
[4.629s] -- Installing: /home/wl/Documents/simulation_all_ros2/install/robot_msgs/lib/python3.8/site-packages/robot_msgs/msg/_robot_command_s.c
[4.629s] -- Installing: /home/wl/Documents/simulation_all_ros2/install/robot_msgs/lib/python3.8/site-packages/robot_msgs/msg/_imu.py
[4.629s] -- Installing: /home/wl/Documents/simulation_all_ros2/install/robot_msgs/lib/python3.8/site-packages/robot_msgs/msg/_robot_state_s.c
[4.629s] -- Installing: /home/wl/Documents/simulation_all_ros2/install/robot_msgs/lib/python3.8/site-packages/robot_msgs/msg/_motor_command.py
[4.629s] -- Installing: /home/wl/Documents/simulation_all_ros2/install/robot_msgs/lib/python3.8/site-packages/robot_msgs/msg/_robot_state.py
[4.629s] -- Installing: /home/wl/Documents/simulation_all_ros2/install/robot_msgs/lib/python3.8/site-packages/robot_msgs/msg/_robot_command.py
[4.629s] -- Installing: /home/wl/Documents/simulation_all_ros2/install/robot_msgs/lib/python3.8/site-packages/robot_msgs/msg/_motor_command_s.c
[4.629s] -- Installing: /home/wl/Documents/simulation_all_ros2/install/robot_msgs/lib/python3.8/site-packages/robot_msgs/msg/_imu_s.c
[4.629s] -- Installing: /home/wl/Documents/simulation_all_ros2/install/robot_msgs/lib/python3.8/site-packages/robot_msgs/robot_msgs_s__rosidl_typesupport_fastrtps_c.cpython-38-x86_64-linux-gnu.so
[4.629s] -- Set runtime path of "/home/wl/Documents/simulation_all_ros2/install/robot_msgs/lib/python3.8/site-packages/robot_msgs/robot_msgs_s__rosidl_typesupport_fastrtps_c.cpython-38-x86_64-linux-gnu.so" to ""
[4.629s] -- Installing: /home/wl/Documents/simulation_all_ros2/install/robot_msgs/lib/python3.8/site-packages/robot_msgs/robot_msgs_s__rosidl_typesupport_introspection_c.cpython-38-x86_64-linux-gnu.so
[4.630s] -- Set runtime path of "/home/wl/Documents/simulation_all_ros2/install/robot_msgs/lib/python3.8/site-packages/robot_msgs/robot_msgs_s__rosidl_typesupport_introspection_c.cpython-38-x86_64-linux-gnu.so" to ""
[4.630s] -- Installing: /home/wl/Documents/simulation_all_ros2/install/robot_msgs/lib/python3.8/site-packages/robot_msgs/robot_msgs_s__rosidl_typesupport_c.cpython-38-x86_64-linux-gnu.so
[4.630s] -- Set runtime path of "/home/wl/Documents/simulation_all_ros2/install/robot_msgs/lib/python3.8/site-packages/robot_msgs/robot_msgs_s__rosidl_typesupport_c.cpython-38-x86_64-linux-gnu.so" to ""
[4.630s] -- Installing: /home/wl/Documents/simulation_all_ros2/install/robot_msgs/lib/librobot_msgs__python.so
[4.630s] -- Set runtime path of "/home/wl/Documents/simulation_all_ros2/install/robot_msgs/lib/librobot_msgs__python.so" to ""
[4.630s] -- Installing: /home/wl/Documents/simulation_all_ros2/install/robot_msgs/share/robot_msgs/msg/MotorCommand.idl
[4.631s] -- Installing: /home/wl/Documents/simulation_all_ros2/install/robot_msgs/share/robot_msgs/msg/MotorState.idl
[4.631s] -- Installing: /home/wl/Documents/simulation_all_ros2/install/robot_msgs/share/robot_msgs/msg/RobotCommand.idl
[4.631s] -- Installing: /home/wl/Documents/simulation_all_ros2/install/robot_msgs/share/robot_msgs/msg/RobotState.idl
[4.631s] -- Installing: /home/wl/Documents/simulation_all_ros2/install/robot_msgs/share/robot_msgs/msg/IMU.idl
[4.631s] -- Installing: /home/wl/Documents/simulation_all_ros2/install/robot_msgs/share/robot_msgs/msg/MotorCommand.msg
[4.631s] -- Installing: /home/wl/Documents/simulation_all_ros2/install/robot_msgs/share/robot_msgs/msg/MotorState.msg
[4.631s] -- Installing: /home/wl/Documents/simulation_all_ros2/install/robot_msgs/share/robot_msgs/msg/RobotCommand.msg
[4.631s] -- Installing: /home/wl/Documents/simulation_all_ros2/install/robot_msgs/share/robot_msgs/msg/RobotState.msg
[4.631s] -- Installing: /home/wl/Documents/simulation_all_ros2/install/robot_msgs/share/robot_msgs/msg/IMU.msg
[4.631s] -- Installing: /home/wl/Documents/simulation_all_ros2/install/robot_msgs/share/ament_index/resource_index/package_run_dependencies/robot_msgs
[4.631s] -- Installing: /home/wl/Documents/simulation_all_ros2/install/robot_msgs/share/ament_index/resource_index/parent_prefix_path/robot_msgs
[4.631s] -- Installing: /home/wl/Documents/simulation_all_ros2/install/robot_msgs/share/robot_msgs/environment/ament_prefix_path.sh
[4.631s] -- Installing: /home/wl/Documents/simulation_all_ros2/install/robot_msgs/share/robot_msgs/environment/ament_prefix_path.dsv
[4.632s] -- Installing: /home/wl/Documents/simulation_all_ros2/install/robot_msgs/share/robot_msgs/environment/path.sh
[4.632s] -- Installing: /home/wl/Documents/simulation_all_ros2/install/robot_msgs/share/robot_msgs/environment/path.dsv
[4.632s] -- Installing: /home/wl/Documents/simulation_all_ros2/install/robot_msgs/share/robot_msgs/local_setup.bash
[4.632s] -- Installing: /home/wl/Documents/simulation_all_ros2/install/robot_msgs/share/robot_msgs/local_setup.sh
[4.632s] -- Installing: /home/wl/Documents/simulation_all_ros2/install/robot_msgs/share/robot_msgs/local_setup.zsh
[4.632s] -- Installing: /home/wl/Documents/simulation_all_ros2/install/robot_msgs/share/robot_msgs/local_setup.dsv
[4.632s] -- Installing: /home/wl/Documents/simulation_all_ros2/install/robot_msgs/share/robot_msgs/package.dsv
[4.632s] -- Installing: /home/wl/Documents/simulation_all_ros2/install/robot_msgs/share/ament_index/resource_index/packages/robot_msgs
[4.632s] -- Installing: /home/wl/Documents/simulation_all_ros2/install/robot_msgs/share/robot_msgs/cmake/robot_msgs__rosidl_generator_cExport.cmake
[4.632s] -- Installing: /home/wl/Documents/simulation_all_ros2/install/robot_msgs/share/robot_msgs/cmake/robot_msgs__rosidl_generator_cExport-noconfig.cmake
[4.633s] -- Installing: /home/wl/Documents/simulation_all_ros2/install/robot_msgs/share/robot_msgs/cmake/robot_msgs__rosidl_typesupport_introspection_cExport.cmake
[4.633s] -- Installing: /home/wl/Documents/simulation_all_ros2/install/robot_msgs/share/robot_msgs/cmake/robot_msgs__rosidl_typesupport_introspection_cExport-noconfig.cmake
[4.633s] -- Installing: /home/wl/Documents/simulation_all_ros2/install/robot_msgs/share/robot_msgs/cmake/robot_msgs__rosidl_typesupport_cExport.cmake
[4.633s] -- Installing: /home/wl/Documents/simulation_all_ros2/install/robot_msgs/share/robot_msgs/cmake/robot_msgs__rosidl_typesupport_cExport-noconfig.cmake
[4.633s] -- Installing: /home/wl/Documents/simulation_all_ros2/install/robot_msgs/share/robot_msgs/cmake/robot_msgs__rosidl_generator_cppExport.cmake
[4.633s] -- Installing: /home/wl/Documents/simulation_all_ros2/install/robot_msgs/share/robot_msgs/cmake/robot_msgs__rosidl_typesupport_introspection_cppExport.cmake
[4.633s] -- Installing: /home/wl/Documents/simulation_all_ros2/install/robot_msgs/share/robot_msgs/cmake/robot_msgs__rosidl_typesupport_introspection_cppExport-noconfig.cmake
[4.633s] -- Installing: /home/wl/Documents/simulation_all_ros2/install/robot_msgs/share/robot_msgs/cmake/robot_msgs__rosidl_typesupport_cppExport.cmake
[4.633s] -- Installing: /home/wl/Documents/simulation_all_ros2/install/robot_msgs/share/robot_msgs/cmake/robot_msgs__rosidl_typesupport_cppExport-noconfig.cmake
[4.633s] -- Installing: /home/wl/Documents/simulation_all_ros2/install/robot_msgs/share/robot_msgs/cmake/rosidl_cmake-extras.cmake
[4.633s] -- Installing: /home/wl/Documents/simulation_all_ros2/install/robot_msgs/share/robot_msgs/cmake/ament_cmake_export_dependencies-extras.cmake
[4.634s] -- Installing: /home/wl/Documents/simulation_all_ros2/install/robot_msgs/share/robot_msgs/cmake/ament_cmake_export_libraries-extras.cmake
[4.634s] -- Installing: /home/wl/Documents/simulation_all_ros2/install/robot_msgs/share/robot_msgs/cmake/ament_cmake_export_targets-extras.cmake
[4.634s] -- Installing: /home/wl/Documents/simulation_all_ros2/install/robot_msgs/share/robot_msgs/cmake/ament_cmake_export_include_directories-extras.cmake
[4.634s] -- Installing: /home/wl/Documents/simulation_all_ros2/install/robot_msgs/share/robot_msgs/cmake/rosidl_cmake_export_typesupport_libraries-extras.cmake
[4.634s] -- Installing: /home/wl/Documents/simulation_all_ros2/install/robot_msgs/share/robot_msgs/cmake/rosidl_cmake_export_typesupport_targets-extras.cmake
[4.634s] -- Installing: /home/wl/Documents/simulation_all_ros2/install/robot_msgs/share/robot_msgs/cmake/robot_msgsConfig.cmake
[4.634s] -- Installing: /home/wl/Documents/simulation_all_ros2/install/robot_msgs/share/robot_msgs/cmake/robot_msgsConfig-version.cmake
[4.634s] -- Installing: /home/wl/Documents/simulation_all_ros2/install/robot_msgs/share/robot_msgs/package.xml
[4.636s] Invoked command in '/home/wl/Documents/simulation_all_ros2/build/robot_msgs' returned '0': CMAKE_PREFIX_PATH=/opt/ros/foxy /usr/bin/cmake --install /home/wl/Documents/simulation_all_ros2/build/robot_msgs
