[0.007s] Invoking command in '/home/ww/Documents/simulation_all_ros2/build/robot_msgs': CMAKE_PREFIX_PATH=/opt/ros/foxy /usr/bin/cmake /home/ww/Documents/simulation_all_ros2/src/robot_msgs -DCMAKE_INSTALL_PREFIX=/home/ww/Documents/simulation_all_ros2/install/robot_msgs
[0.043s] -- The C compiler identification is GNU 9.4.0
[0.080s] -- The CXX compiler identification is GNU 9.4.0
[0.083s] -- Check for working C compiler: /usr/bin/cc
[0.154s] -- Check for working C compiler: /usr/bin/cc -- works
[0.155s] -- Detecting C compiler ABI info
[0.237s] -- Detecting C compiler ABI info - done
[0.249s] -- Detecting C compile features
[0.249s] -- Detecting C compile features - done
[0.251s] -- Check for working CXX compiler: /usr/bin/c++
[0.310s] -- Check for working CXX compiler: /usr/bin/c++ -- works
[0.311s] -- Detecting CXX compiler ABI info
[0.386s] -- Detecting CXX compiler ABI info - done
[0.392s] -- Detecting CXX compile features
[0.392s] -- Detecting CXX compile features - done
[0.393s] -- Found ament_cmake: 0.9.12 (/opt/ros/foxy/share/ament_cmake/cmake)
[0.407s] -- Found PythonInterp: /usr/bin/python3 (found suitable version "3.8.10", minimum required is "3") 
[0.407s] -- Using PYTHON_EXECUTABLE: /usr/bin/python3
[0.514s] -- Found rosidl_default_generators: 1.0.1 (/opt/ros/foxy/share/rosidl_default_generators/cmake)
[0.516s] -- Using all available rosidl_typesupport_c: rosidl_typesupport_fastrtps_c;rosidl_typesupport_introspection_c
[0.519s] -- Found rosidl_adapter: 1.3.1 (/opt/ros/foxy/share/rosidl_adapter/cmake)
[0.571s] -- Found OpenSSL: /usr/lib/x86_64-linux-gnu/libcrypto.so (found version "1.1.1f")  
[0.587s] -- Found FastRTPS: /opt/ros/foxy/include  
[0.630s] -- Using all available rosidl_typesupport_cpp: rosidl_typesupport_fastrtps_cpp;rosidl_typesupport_introspection_cpp
[0.645s] -- Found std_msgs: 2.0.5 (/opt/ros/foxy/share/std_msgs/cmake)
[0.666s] -- Found geometry_msgs: 2.0.5 (/opt/ros/foxy/share/geometry_msgs/cmake)
[0.686s] -- Found sensor_msgs: 2.0.5 (/opt/ros/foxy/share/sensor_msgs/cmake)
[0.739s] -- Found PythonInterp: /usr/bin/python3 (found version "3.8.10") 
[0.868s] -- Found ament_cmake_ros: 0.9.2 (/opt/ros/foxy/share/ament_cmake_ros/cmake)
[1.023s] -- Using all available rosidl_typesupport_c: rosidl_typesupport_fastrtps_c;rosidl_typesupport_introspection_c
[1.101s] -- Using all available rosidl_typesupport_cpp: rosidl_typesupport_fastrtps_cpp;rosidl_typesupport_introspection_cpp
[1.116s] -- Found PythonInterp: /usr/bin/python3 (found suitable version "3.8.10", minimum required is "3.5") 
[1.117s] -- Found python_cmake_module: 0.8.1 (/opt/ros/foxy/share/python_cmake_module/cmake)
[1.132s] -- Found PythonLibs: /usr/lib/x86_64-linux-gnu/libpython3.8.so (found suitable version "3.8.10", minimum required is "3.5") 
[1.132s] -- Using PYTHON_EXECUTABLE: /usr/bin/python3
[1.133s] -- Using PYTHON_INCLUDE_DIRS: /usr/include/python3.8
[1.133s] -- Using PYTHON_LIBRARIES: /usr/lib/x86_64-linux-gnu/libpython3.8.so
[1.144s] -- Found PythonExtra: .so  
[1.246s] -- Found ament_lint_auto: 0.9.8 (/opt/ros/foxy/share/ament_lint_auto/cmake)
[1.256s] -- Added test 'copyright' to check source files copyright and LICENSE
[1.257s] -- Added test 'lint_cmake' to check CMake code style
[1.257s] -- Added test 'xmllint' to check XML markup files
[1.259s] -- Configuring done
[1.294s] -- Generating done
[1.295s] -- Build files have been written to: /home/ww/Documents/simulation_all_ros2/build/robot_msgs
[1.301s] Invoked command in '/home/ww/Documents/simulation_all_ros2/build/robot_msgs' returned '0': CMAKE_PREFIX_PATH=/opt/ros/foxy /usr/bin/cmake /home/ww/Documents/simulation_all_ros2/src/robot_msgs -DCMAKE_INSTALL_PREFIX=/home/ww/Documents/simulation_all_ros2/install/robot_msgs
[1.302s] Invoking command in '/home/ww/Documents/simulation_all_ros2/build/robot_msgs': CMAKE_PREFIX_PATH=/opt/ros/foxy /usr/bin/cmake --build /home/ww/Documents/simulation_all_ros2/build/robot_msgs -- -j12 -l12
[1.325s] [  1%] [34m[1mGenerating C code for ROS interfaces[0m
[1.325s] [35m[1mScanning dependencies of target robot_msgs__cpp[0m
[1.333s] [  3%] [34m[1mGenerating C++ code for ROS interfaces[0m
[1.592s] [  3%] Built target robot_msgs__cpp
[1.600s] [  4%] [34m[1mGenerating C++ type support dispatch for ROS interfaces[0m
[1.600s] [  7%] [34m[1mGenerating C++ introspection for ROS interfaces[0m
[1.601s] [  7%] [34m[1mGenerating C++ type support for eProsima Fast-RTPS[0m
[1.615s] [35m[1mScanning dependencies of target robot_msgs__rosidl_generator_c[0m
[1.624s] [  9%] [32mBuilding C object CMakeFiles/robot_msgs__rosidl_generator_c.dir/rosidl_generator_c/robot_msgs/msg/detail/robot_state__functions.c.o[0m
[1.624s] [ 11%] [32mBuilding C object CMakeFiles/robot_msgs__rosidl_generator_c.dir/rosidl_generator_c/robot_msgs/msg/detail/imu__functions.c.o[0m
[1.625s] [ 12%] [32mBuilding C object CMakeFiles/robot_msgs__rosidl_generator_c.dir/rosidl_generator_c/robot_msgs/msg/detail/motor_command__functions.c.o[0m
[1.625s] [ 14%] [32mBuilding C object CMakeFiles/robot_msgs__rosidl_generator_c.dir/rosidl_generator_c/robot_msgs/msg/detail/robot_command__functions.c.o[0m
[1.625s] [ 15%] [32mBuilding C object CMakeFiles/robot_msgs__rosidl_generator_c.dir/rosidl_generator_c/robot_msgs/msg/detail/motor_state__functions.c.o[0m
[1.661s] [ 17%] [32m[1mLinking C shared library librobot_msgs__rosidl_generator_c.so[0m
[1.681s] [ 17%] Built target robot_msgs__rosidl_generator_c
[1.688s] [ 20%] [34m[1mGenerating C introspection for ROS interfaces[0m
[1.688s] [ 20%] [34m[1mGenerating C type support dispatch for ROS interfaces[0m
[1.810s] [35m[1mScanning dependencies of target robot_msgs__rosidl_typesupport_cpp[0m
[1.818s] [ 22%] [32mBuilding CXX object CMakeFiles/robot_msgs__rosidl_typesupport_cpp.dir/rosidl_typesupport_cpp/robot_msgs/msg/motor_command__type_support.cpp.o[0m
[1.820s] [ 25%] [32mBuilding CXX object CMakeFiles/robot_msgs__rosidl_typesupport_cpp.dir/rosidl_typesupport_cpp/robot_msgs/msg/robot_command__type_support.cpp.o[0m
[1.820s] [ 25%] [32mBuilding CXX object CMakeFiles/robot_msgs__rosidl_typesupport_cpp.dir/rosidl_typesupport_cpp/robot_msgs/msg/motor_state__type_support.cpp.o[0m
[1.820s] [ 26%] [32mBuilding CXX object CMakeFiles/robot_msgs__rosidl_typesupport_cpp.dir/rosidl_typesupport_cpp/robot_msgs/msg/robot_state__type_support.cpp.o[0m
[1.820s] [ 28%] [32mBuilding CXX object CMakeFiles/robot_msgs__rosidl_typesupport_cpp.dir/rosidl_typesupport_cpp/robot_msgs/msg/imu__type_support.cpp.o[0m
[1.850s] [35m[1mScanning dependencies of target robot_msgs__rosidl_typesupport_introspection_cpp[0m
[1.878s] [ 30%] [32mBuilding CXX object CMakeFiles/robot_msgs__rosidl_typesupport_introspection_cpp.dir/rosidl_typesupport_introspection_cpp/robot_msgs/msg/detail/motor_command__type_support.cpp.o[0m
[1.878s] [ 31%] [32mBuilding CXX object CMakeFiles/robot_msgs__rosidl_typesupport_introspection_cpp.dir/rosidl_typesupport_introspection_cpp/robot_msgs/msg/detail/motor_state__type_support.cpp.o[0m
[1.878s] [35m[1mScanning dependencies of target robot_msgs__rosidl_typesupport_fastrtps_cpp[0m
[1.878s] [ 33%] [32mBuilding CXX object CMakeFiles/robot_msgs__rosidl_typesupport_introspection_cpp.dir/rosidl_typesupport_introspection_cpp/robot_msgs/msg/detail/robot_command__type_support.cpp.o[0m
[1.885s] [ 34%] [32mBuilding CXX object CMakeFiles/robot_msgs__rosidl_typesupport_introspection_cpp.dir/rosidl_typesupport_introspection_cpp/robot_msgs/msg/detail/robot_state__type_support.cpp.o[0m
[1.893s] [ 36%] [32mBuilding CXX object CMakeFiles/robot_msgs__rosidl_typesupport_fastrtps_cpp.dir/rosidl_typesupport_fastrtps_cpp/robot_msgs/msg/detail/dds_fastrtps/motor_command__type_support.cpp.o[0m
[1.966s] [35m[1mScanning dependencies of target robot_msgs__rosidl_typesupport_c[0m
[1.978s] [ 38%] [32mBuilding CXX object CMakeFiles/robot_msgs__rosidl_typesupport_c.dir/rosidl_typesupport_c/robot_msgs/msg/motor_command__type_support.cpp.o[0m
[2.005s] [ 39%] [32mBuilding CXX object CMakeFiles/robot_msgs__rosidl_typesupport_c.dir/rosidl_typesupport_c/robot_msgs/msg/motor_state__type_support.cpp.o[0m
[2.034s] [ 41%] [32mBuilding CXX object CMakeFiles/robot_msgs__rosidl_typesupport_c.dir/rosidl_typesupport_c/robot_msgs/msg/robot_command__type_support.cpp.o[0m
[2.050s] [ 42%] [32mBuilding CXX object CMakeFiles/robot_msgs__rosidl_typesupport_c.dir/rosidl_typesupport_c/robot_msgs/msg/robot_state__type_support.cpp.o[0m
[2.051s] [ 44%] [32mBuilding CXX object CMakeFiles/robot_msgs__rosidl_typesupport_c.dir/rosidl_typesupport_c/robot_msgs/msg/imu__type_support.cpp.o[0m
[2.053s] [ 46%] [32mBuilding CXX object CMakeFiles/robot_msgs__rosidl_typesupport_introspection_cpp.dir/rosidl_typesupport_introspection_cpp/robot_msgs/msg/detail/imu__type_support.cpp.o[0m
[2.058s] [ 47%] [32mBuilding CXX object CMakeFiles/robot_msgs__rosidl_typesupport_fastrtps_cpp.dir/rosidl_typesupport_fastrtps_cpp/robot_msgs/msg/detail/dds_fastrtps/motor_state__type_support.cpp.o[0m
[2.059s] [35m[1mScanning dependencies of target robot_msgs__rosidl_typesupport_introspection_c[0m
[2.071s] [ 49%] [32mBuilding CXX object CMakeFiles/robot_msgs__rosidl_typesupport_fastrtps_cpp.dir/rosidl_typesupport_fastrtps_cpp/robot_msgs/msg/detail/dds_fastrtps/robot_command__type_support.cpp.o[0m
[2.071s] [ 50%] [32m[1mLinking CXX shared library librobot_msgs__rosidl_typesupport_cpp.so[0m
[2.080s] [ 52%] [32m[1mLinking CXX shared library librobot_msgs__rosidl_typesupport_c.so[0m
[2.084s] [ 53%] [32mBuilding CXX object CMakeFiles/robot_msgs__rosidl_typesupport_fastrtps_cpp.dir/rosidl_typesupport_fastrtps_cpp/robot_msgs/msg/detail/dds_fastrtps/robot_state__type_support.cpp.o[0m
[2.087s] [ 55%] [32mBuilding C object CMakeFiles/robot_msgs__rosidl_typesupport_introspection_c.dir/rosidl_typesupport_introspection_c/robot_msgs/msg/detail/motor_command__type_support.c.o[0m
[2.117s] [ 55%] Built target robot_msgs__rosidl_typesupport_cpp
[2.122s] [ 55%] Built target robot_msgs__rosidl_typesupport_c
[2.127s] [ 58%] [32mBuilding C object CMakeFiles/robot_msgs__rosidl_typesupport_introspection_c.dir/rosidl_typesupport_introspection_c/robot_msgs/msg/detail/motor_state__type_support.c.o[0m
[2.127s] [ 58%] [32mBuilding C object CMakeFiles/robot_msgs__rosidl_typesupport_introspection_c.dir/rosidl_typesupport_introspection_c/robot_msgs/msg/detail/robot_command__type_support.c.o[0m
[2.128s] [ 60%] [32mBuilding C object CMakeFiles/robot_msgs__rosidl_typesupport_introspection_c.dir/rosidl_typesupport_introspection_c/robot_msgs/msg/detail/imu__type_support.c.o[0m
[2.129s] [ 61%] [32mBuilding CXX object CMakeFiles/robot_msgs__rosidl_typesupport_fastrtps_cpp.dir/rosidl_typesupport_fastrtps_cpp/robot_msgs/msg/detail/dds_fastrtps/imu__type_support.cpp.o[0m
[2.130s] [ 63%] [32mBuilding C object CMakeFiles/robot_msgs__rosidl_typesupport_introspection_c.dir/rosidl_typesupport_introspection_c/robot_msgs/msg/detail/robot_state__type_support.c.o[0m
[2.156s] [ 65%] [32m[1mLinking C shared library librobot_msgs__rosidl_typesupport_introspection_c.so[0m
[2.175s] [ 65%] Built target robot_msgs__rosidl_typesupport_introspection_c
[2.266s] [ 66%] [32m[1mLinking CXX shared library librobot_msgs__rosidl_typesupport_introspection_cpp.so[0m
[2.310s] [ 66%] Built target robot_msgs__rosidl_typesupport_introspection_cpp
[2.372s] [ 68%] [32m[1mLinking CXX shared library librobot_msgs__rosidl_typesupport_fastrtps_cpp.so[0m
[2.420s] [ 68%] Built target robot_msgs__rosidl_typesupport_fastrtps_cpp
[2.426s] [ 69%] [34m[1mGenerating C type support for eProsima Fast-RTPS[0m
[2.651s] [35m[1mScanning dependencies of target robot_msgs__rosidl_typesupport_fastrtps_c[0m
[2.663s] [ 73%] [32mBuilding CXX object CMakeFiles/robot_msgs__rosidl_typesupport_fastrtps_c.dir/rosidl_typesupport_fastrtps_c/robot_msgs/msg/detail/motor_state__type_support_c.cpp.o[0m
[2.663s] [ 73%] [32mBuilding CXX object CMakeFiles/robot_msgs__rosidl_typesupport_fastrtps_c.dir/rosidl_typesupport_fastrtps_c/robot_msgs/msg/detail/robot_command__type_support_c.cpp.o[0m
[2.665s] [ 74%] [32mBuilding CXX object CMakeFiles/robot_msgs__rosidl_typesupport_fastrtps_c.dir/rosidl_typesupport_fastrtps_c/robot_msgs/msg/detail/motor_command__type_support_c.cpp.o[0m
[2.665s] [ 76%] [32mBuilding CXX object CMakeFiles/robot_msgs__rosidl_typesupport_fastrtps_c.dir/rosidl_typesupport_fastrtps_c/robot_msgs/msg/detail/robot_state__type_support_c.cpp.o[0m
[2.666s] [ 77%] [32mBuilding CXX object CMakeFiles/robot_msgs__rosidl_typesupport_fastrtps_c.dir/rosidl_typesupport_fastrtps_c/robot_msgs/msg/detail/imu__type_support_c.cpp.o[0m
[2.846s] [ 79%] [32m[1mLinking CXX shared library librobot_msgs__rosidl_typesupport_fastrtps_c.so[0m
[2.893s] [ 79%] Built target robot_msgs__rosidl_typesupport_fastrtps_c
[2.897s] [35m[1mScanning dependencies of target robot_msgs[0m
[2.902s] [ 79%] Built target robot_msgs
[2.908s] [35m[1mScanning dependencies of target robot_msgs__py[0m
[2.914s] [ 80%] [34m[1mGenerating Python code for ROS interfaces[0m
[3.364s] [ 80%] Built target robot_msgs__py
[3.369s] [35m[1mScanning dependencies of target robot_msgs__python[0m
[3.391s] [ 82%] [32mBuilding C object CMakeFiles/robot_msgs__python.dir/rosidl_generator_py/robot_msgs/msg/_motor_command_s.c.o[0m
[3.392s] [ 84%] [32mBuilding C object CMakeFiles/robot_msgs__python.dir/rosidl_generator_py/robot_msgs/msg/_motor_state_s.c.o[0m
[3.392s] [ 85%] [32mBuilding C object CMakeFiles/robot_msgs__python.dir/rosidl_generator_py/robot_msgs/msg/_robot_command_s.c.o[0m
[3.393s] [ 87%] [32mBuilding C object CMakeFiles/robot_msgs__python.dir/rosidl_generator_py/robot_msgs/msg/_robot_state_s.c.o[0m
[3.398s] [ 88%] [32mBuilding C object CMakeFiles/robot_msgs__python.dir/rosidl_generator_py/robot_msgs/msg/_imu_s.c.o[0m
[3.469s] [ 90%] [32m[1mLinking C shared library rosidl_generator_py/robot_msgs/librobot_msgs__python.so[0m
[3.492s] [ 90%] Built target robot_msgs__python
[3.497s] [35m[1mScanning dependencies of target robot_msgs__rosidl_typesupport_c__pyext[0m
[3.498s] [35m[1mScanning dependencies of target robot_msgs__rosidl_typesupport_introspection_c__pyext[0m
[3.498s] [35m[1mScanning dependencies of target robot_msgs__rosidl_typesupport_fastrtps_c__pyext[0m
[3.516s] [ 92%] [32mBuilding C object CMakeFiles/robot_msgs__rosidl_typesupport_introspection_c__pyext.dir/rosidl_generator_py/robot_msgs/_robot_msgs_s.ep.rosidl_typesupport_introspection_c.c.o[0m
[3.518s] [ 93%] [32mBuilding C object CMakeFiles/robot_msgs__rosidl_typesupport_c__pyext.dir/rosidl_generator_py/robot_msgs/_robot_msgs_s.ep.rosidl_typesupport_c.c.o[0m
[3.520s] [ 95%] [32mBuilding C object CMakeFiles/robot_msgs__rosidl_typesupport_fastrtps_c__pyext.dir/rosidl_generator_py/robot_msgs/_robot_msgs_s.ep.rosidl_typesupport_fastrtps_c.c.o[0m
[3.576s] [ 96%] [32m[1mLinking C shared library rosidl_generator_py/robot_msgs/robot_msgs_s__rosidl_typesupport_introspection_c.cpython-38-x86_64-linux-gnu.so[0m
[3.577s] [ 98%] [32m[1mLinking C shared library rosidl_generator_py/robot_msgs/robot_msgs_s__rosidl_typesupport_c.cpython-38-x86_64-linux-gnu.so[0m
[3.580s] [100%] [32m[1mLinking CXX shared library rosidl_generator_py/robot_msgs/robot_msgs_s__rosidl_typesupport_fastrtps_c.cpython-38-x86_64-linux-gnu.so[0m
[3.598s] [100%] Built target robot_msgs__rosidl_typesupport_c__pyext
[3.599s] [100%] Built target robot_msgs__rosidl_typesupport_introspection_c__pyext
[3.619s] [100%] Built target robot_msgs__rosidl_typesupport_fastrtps_c__pyext
[3.626s] Invoked command in '/home/ww/Documents/simulation_all_ros2/build/robot_msgs' returned '0': CMAKE_PREFIX_PATH=/opt/ros/foxy /usr/bin/cmake --build /home/ww/Documents/simulation_all_ros2/build/robot_msgs -- -j12 -l12
[3.681s] Invoking command in '/home/ww/Documents/simulation_all_ros2/build/robot_msgs': CMAKE_PREFIX_PATH=/opt/ros/foxy /usr/bin/cmake --install /home/ww/Documents/simulation_all_ros2/build/robot_msgs
[3.685s] -- Install configuration: ""
[3.685s] -- Installing: /home/ww/Documents/simulation_all_ros2/install/robot_msgs/share/ament_index/resource_index/rosidl_interfaces/robot_msgs
[3.685s] -- Installing: /home/ww/Documents/simulation_all_ros2/install/robot_msgs/include/robot_msgs
[3.685s] -- Installing: /home/ww/Documents/simulation_all_ros2/install/robot_msgs/include/robot_msgs/msg
[3.685s] -- Installing: /home/ww/Documents/simulation_all_ros2/install/robot_msgs/include/robot_msgs/msg/rosidl_generator_c__visibility_control.h
[3.686s] -- Installing: /home/ww/Documents/simulation_all_ros2/install/robot_msgs/include/robot_msgs/msg/robot_command.h
[3.686s] -- Installing: /home/ww/Documents/simulation_all_ros2/install/robot_msgs/include/robot_msgs/msg/motor_command.h
[3.686s] -- Installing: /home/ww/Documents/simulation_all_ros2/install/robot_msgs/include/robot_msgs/msg/robot_state.h
[3.686s] -- Installing: /home/ww/Documents/simulation_all_ros2/install/robot_msgs/include/robot_msgs/msg/detail
[3.686s] -- Installing: /home/ww/Documents/simulation_all_ros2/install/robot_msgs/include/robot_msgs/msg/detail/motor_command__functions.c
[3.686s] -- Installing: /home/ww/Documents/simulation_all_ros2/install/robot_msgs/include/robot_msgs/msg/detail/robot_command__functions.c
[3.686s] -- Installing: /home/ww/Documents/simulation_all_ros2/install/robot_msgs/include/robot_msgs/msg/detail/robot_state__functions.h
[3.686s] -- Installing: /home/ww/Documents/simulation_all_ros2/install/robot_msgs/include/robot_msgs/msg/detail/motor_state__struct.h
[3.686s] -- Installing: /home/ww/Documents/simulation_all_ros2/install/robot_msgs/include/robot_msgs/msg/detail/imu__functions.h
[3.686s] -- Installing: /home/ww/Documents/simulation_all_ros2/install/robot_msgs/include/robot_msgs/msg/detail/robot_state__struct.h
[3.686s] -- Installing: /home/ww/Documents/simulation_all_ros2/install/robot_msgs/include/robot_msgs/msg/detail/motor_command__functions.h
[3.686s] -- Installing: /home/ww/Documents/simulation_all_ros2/install/robot_msgs/include/robot_msgs/msg/detail/motor_command__type_support.h
[3.686s] -- Installing: /home/ww/Documents/simulation_all_ros2/install/robot_msgs/include/robot_msgs/msg/detail/robot_command__type_support.h
[3.686s] -- Installing: /home/ww/Documents/simulation_all_ros2/install/robot_msgs/include/robot_msgs/msg/detail/robot_command__functions.h
[3.686s] -- Installing: /home/ww/Documents/simulation_all_ros2/install/robot_msgs/include/robot_msgs/msg/detail/motor_state__functions.h
[3.686s] -- Installing: /home/ww/Documents/simulation_all_ros2/install/robot_msgs/include/robot_msgs/msg/detail/robot_command__struct.h
[3.686s] -- Installing: /home/ww/Documents/simulation_all_ros2/install/robot_msgs/include/robot_msgs/msg/detail/imu__functions.c
[3.686s] -- Installing: /home/ww/Documents/simulation_all_ros2/install/robot_msgs/include/robot_msgs/msg/detail/robot_state__type_support.h
[3.686s] -- Installing: /home/ww/Documents/simulation_all_ros2/install/robot_msgs/include/robot_msgs/msg/detail/robot_state__functions.c
[3.686s] -- Installing: /home/ww/Documents/simulation_all_ros2/install/robot_msgs/include/robot_msgs/msg/detail/imu__type_support.h
[3.686s] -- Installing: /home/ww/Documents/simulation_all_ros2/install/robot_msgs/include/robot_msgs/msg/detail/motor_state__type_support.h
[3.686s] -- Installing: /home/ww/Documents/simulation_all_ros2/install/robot_msgs/include/robot_msgs/msg/detail/motor_command__struct.h
[3.686s] -- Installing: /home/ww/Documents/simulation_all_ros2/install/robot_msgs/include/robot_msgs/msg/detail/imu__struct.h
[3.686s] -- Installing: /home/ww/Documents/simulation_all_ros2/install/robot_msgs/include/robot_msgs/msg/detail/motor_state__functions.c
[3.686s] -- Installing: /home/ww/Documents/simulation_all_ros2/install/robot_msgs/include/robot_msgs/msg/imu.h
[3.686s] -- Installing: /home/ww/Documents/simulation_all_ros2/install/robot_msgs/include/robot_msgs/msg/motor_state.h
[3.686s] -- Installing: /home/ww/Documents/simulation_all_ros2/install/robot_msgs/share/robot_msgs/environment/library_path.sh
[3.686s] -- Installing: /home/ww/Documents/simulation_all_ros2/install/robot_msgs/share/robot_msgs/environment/library_path.dsv
[3.686s] -- Installing: /home/ww/Documents/simulation_all_ros2/install/robot_msgs/lib/librobot_msgs__rosidl_generator_c.so
[3.687s] -- Set runtime path of "/home/ww/Documents/simulation_all_ros2/install/robot_msgs/lib/librobot_msgs__rosidl_generator_c.so" to ""
[3.687s] -- Up-to-date: /home/ww/Documents/simulation_all_ros2/install/robot_msgs/include/robot_msgs
[3.687s] -- Up-to-date: /home/ww/Documents/simulation_all_ros2/install/robot_msgs/include/robot_msgs/msg
[3.687s] -- Installing: /home/ww/Documents/simulation_all_ros2/install/robot_msgs/include/robot_msgs/msg/rosidl_typesupport_fastrtps_c__visibility_control.h
[3.687s] -- Up-to-date: /home/ww/Documents/simulation_all_ros2/install/robot_msgs/include/robot_msgs/msg/detail
[3.687s] -- Installing: /home/ww/Documents/simulation_all_ros2/install/robot_msgs/include/robot_msgs/msg/detail/motor_command__rosidl_typesupport_fastrtps_c.h
[3.687s] -- Installing: /home/ww/Documents/simulation_all_ros2/install/robot_msgs/include/robot_msgs/msg/detail/motor_state__rosidl_typesupport_fastrtps_c.h
[3.687s] -- Installing: /home/ww/Documents/simulation_all_ros2/install/robot_msgs/include/robot_msgs/msg/detail/robot_state__rosidl_typesupport_fastrtps_c.h
[3.687s] -- Installing: /home/ww/Documents/simulation_all_ros2/install/robot_msgs/include/robot_msgs/msg/detail/imu__rosidl_typesupport_fastrtps_c.h
[3.687s] -- Installing: /home/ww/Documents/simulation_all_ros2/install/robot_msgs/include/robot_msgs/msg/detail/robot_command__rosidl_typesupport_fastrtps_c.h
[3.687s] -- Installing: /home/ww/Documents/simulation_all_ros2/install/robot_msgs/lib/librobot_msgs__rosidl_typesupport_fastrtps_c.so
[3.687s] -- Set runtime path of "/home/ww/Documents/simulation_all_ros2/install/robot_msgs/lib/librobot_msgs__rosidl_typesupport_fastrtps_c.so" to ""
[3.687s] -- Up-to-date: /home/ww/Documents/simulation_all_ros2/install/robot_msgs/include/robot_msgs
[3.687s] -- Up-to-date: /home/ww/Documents/simulation_all_ros2/install/robot_msgs/include/robot_msgs/msg
[3.687s] -- Installing: /home/ww/Documents/simulation_all_ros2/install/robot_msgs/include/robot_msgs/msg/rosidl_typesupport_fastrtps_cpp__visibility_control.h
[3.687s] -- Up-to-date: /home/ww/Documents/simulation_all_ros2/install/robot_msgs/include/robot_msgs/msg/detail
[3.687s] -- Installing: /home/ww/Documents/simulation_all_ros2/install/robot_msgs/include/robot_msgs/msg/detail/robot_command__rosidl_typesupport_fastrtps_cpp.hpp
[3.687s] -- Installing: /home/ww/Documents/simulation_all_ros2/install/robot_msgs/include/robot_msgs/msg/detail/motor_state__rosidl_typesupport_fastrtps_cpp.hpp
[3.687s] -- Installing: /home/ww/Documents/simulation_all_ros2/install/robot_msgs/include/robot_msgs/msg/detail/dds_fastrtps
[3.687s] -- Installing: /home/ww/Documents/simulation_all_ros2/install/robot_msgs/include/robot_msgs/msg/detail/imu__rosidl_typesupport_fastrtps_cpp.hpp
[3.687s] -- Installing: /home/ww/Documents/simulation_all_ros2/install/robot_msgs/include/robot_msgs/msg/detail/motor_command__rosidl_typesupport_fastrtps_cpp.hpp
[3.687s] -- Installing: /home/ww/Documents/simulation_all_ros2/install/robot_msgs/include/robot_msgs/msg/detail/robot_state__rosidl_typesupport_fastrtps_cpp.hpp
[3.688s] -- Installing: /home/ww/Documents/simulation_all_ros2/install/robot_msgs/lib/librobot_msgs__rosidl_typesupport_fastrtps_cpp.so
[3.688s] -- Set runtime path of "/home/ww/Documents/simulation_all_ros2/install/robot_msgs/lib/librobot_msgs__rosidl_typesupport_fastrtps_cpp.so" to ""
[3.688s] -- Up-to-date: /home/ww/Documents/simulation_all_ros2/install/robot_msgs/include/robot_msgs
[3.688s] -- Up-to-date: /home/ww/Documents/simulation_all_ros2/install/robot_msgs/include/robot_msgs/msg
[3.688s] -- Installing: /home/ww/Documents/simulation_all_ros2/install/robot_msgs/include/robot_msgs/msg/rosidl_typesupport_introspection_c__visibility_control.h
[3.688s] -- Up-to-date: /home/ww/Documents/simulation_all_ros2/install/robot_msgs/include/robot_msgs/msg/detail
[3.688s] -- Installing: /home/ww/Documents/simulation_all_ros2/install/robot_msgs/include/robot_msgs/msg/detail/motor_command__type_support.c
[3.688s] -- Installing: /home/ww/Documents/simulation_all_ros2/install/robot_msgs/include/robot_msgs/msg/detail/imu__type_support.c
[3.688s] -- Installing: /home/ww/Documents/simulation_all_ros2/install/robot_msgs/include/robot_msgs/msg/detail/robot_command__rosidl_typesupport_introspection_c.h
[3.688s] -- Installing: /home/ww/Documents/simulation_all_ros2/install/robot_msgs/include/robot_msgs/msg/detail/imu__rosidl_typesupport_introspection_c.h
[3.688s] -- Installing: /home/ww/Documents/simulation_all_ros2/install/robot_msgs/include/robot_msgs/msg/detail/robot_state__type_support.c
[3.688s] -- Installing: /home/ww/Documents/simulation_all_ros2/install/robot_msgs/include/robot_msgs/msg/detail/motor_state__rosidl_typesupport_introspection_c.h
[3.688s] -- Installing: /home/ww/Documents/simulation_all_ros2/install/robot_msgs/include/robot_msgs/msg/detail/robot_state__rosidl_typesupport_introspection_c.h
[3.688s] -- Installing: /home/ww/Documents/simulation_all_ros2/install/robot_msgs/include/robot_msgs/msg/detail/motor_state__type_support.c
[3.688s] -- Installing: /home/ww/Documents/simulation_all_ros2/install/robot_msgs/include/robot_msgs/msg/detail/robot_command__type_support.c
[3.688s] -- Installing: /home/ww/Documents/simulation_all_ros2/install/robot_msgs/include/robot_msgs/msg/detail/motor_command__rosidl_typesupport_introspection_c.h
[3.688s] -- Installing: /home/ww/Documents/simulation_all_ros2/install/robot_msgs/lib/librobot_msgs__rosidl_typesupport_introspection_c.so
[3.688s] -- Set runtime path of "/home/ww/Documents/simulation_all_ros2/install/robot_msgs/lib/librobot_msgs__rosidl_typesupport_introspection_c.so" to ""
[3.688s] -- Installing: /home/ww/Documents/simulation_all_ros2/install/robot_msgs/lib/librobot_msgs__rosidl_typesupport_c.so
[3.688s] -- Set runtime path of "/home/ww/Documents/simulation_all_ros2/install/robot_msgs/lib/librobot_msgs__rosidl_typesupport_c.so" to ""
[3.688s] -- Up-to-date: /home/ww/Documents/simulation_all_ros2/install/robot_msgs/include/robot_msgs
[3.688s] -- Up-to-date: /home/ww/Documents/simulation_all_ros2/install/robot_msgs/include/robot_msgs/msg
[3.689s] -- Installing: /home/ww/Documents/simulation_all_ros2/install/robot_msgs/include/robot_msgs/msg/imu.hpp
[3.689s] -- Installing: /home/ww/Documents/simulation_all_ros2/install/robot_msgs/include/robot_msgs/msg/rosidl_generator_cpp__visibility_control.hpp
[3.689s] -- Installing: /home/ww/Documents/simulation_all_ros2/install/robot_msgs/include/robot_msgs/msg/motor_state.hpp
[3.689s] -- Installing: /home/ww/Documents/simulation_all_ros2/install/robot_msgs/include/robot_msgs/msg/robot_state.hpp
[3.689s] -- Installing: /home/ww/Documents/simulation_all_ros2/install/robot_msgs/include/robot_msgs/msg/motor_command.hpp
[3.689s] -- Installing: /home/ww/Documents/simulation_all_ros2/install/robot_msgs/include/robot_msgs/msg/robot_command.hpp
[3.689s] -- Up-to-date: /home/ww/Documents/simulation_all_ros2/install/robot_msgs/include/robot_msgs/msg/detail
[3.689s] -- Installing: /home/ww/Documents/simulation_all_ros2/install/robot_msgs/include/robot_msgs/msg/detail/imu__traits.hpp
[3.689s] -- Installing: /home/ww/Documents/simulation_all_ros2/install/robot_msgs/include/robot_msgs/msg/detail/motor_state__type_support.hpp
[3.689s] -- Installing: /home/ww/Documents/simulation_all_ros2/install/robot_msgs/include/robot_msgs/msg/detail/motor_command__traits.hpp
[3.689s] -- Installing: /home/ww/Documents/simulation_all_ros2/install/robot_msgs/include/robot_msgs/msg/detail/robot_command__traits.hpp
[3.689s] -- Installing: /home/ww/Documents/simulation_all_ros2/install/robot_msgs/include/robot_msgs/msg/detail/robot_state__struct.hpp
[3.689s] -- Installing: /home/ww/Documents/simulation_all_ros2/install/robot_msgs/include/robot_msgs/msg/detail/motor_command__type_support.hpp
[3.689s] -- Installing: /home/ww/Documents/simulation_all_ros2/install/robot_msgs/include/robot_msgs/msg/detail/robot_state__type_support.hpp
[3.689s] -- Installing: /home/ww/Documents/simulation_all_ros2/install/robot_msgs/include/robot_msgs/msg/detail/motor_state__traits.hpp
[3.689s] -- Installing: /home/ww/Documents/simulation_all_ros2/install/robot_msgs/include/robot_msgs/msg/detail/robot_command__type_support.hpp
[3.689s] -- Installing: /home/ww/Documents/simulation_all_ros2/install/robot_msgs/include/robot_msgs/msg/detail/motor_command__struct.hpp
[3.689s] -- Installing: /home/ww/Documents/simulation_all_ros2/install/robot_msgs/include/robot_msgs/msg/detail/robot_state__builder.hpp
[3.689s] -- Installing: /home/ww/Documents/simulation_all_ros2/install/robot_msgs/include/robot_msgs/msg/detail/motor_command__builder.hpp
[3.689s] -- Installing: /home/ww/Documents/simulation_all_ros2/install/robot_msgs/include/robot_msgs/msg/detail/imu__type_support.hpp
[3.689s] -- Installing: /home/ww/Documents/simulation_all_ros2/install/robot_msgs/include/robot_msgs/msg/detail/motor_state__builder.hpp
[3.689s] -- Installing: /home/ww/Documents/simulation_all_ros2/install/robot_msgs/include/robot_msgs/msg/detail/motor_state__struct.hpp
[3.689s] -- Installing: /home/ww/Documents/simulation_all_ros2/install/robot_msgs/include/robot_msgs/msg/detail/robot_command__struct.hpp
[3.689s] -- Installing: /home/ww/Documents/simulation_all_ros2/install/robot_msgs/include/robot_msgs/msg/detail/imu__struct.hpp
[3.689s] -- Installing: /home/ww/Documents/simulation_all_ros2/install/robot_msgs/include/robot_msgs/msg/detail/robot_state__traits.hpp
[3.689s] -- Installing: /home/ww/Documents/simulation_all_ros2/install/robot_msgs/include/robot_msgs/msg/detail/robot_command__builder.hpp
[3.689s] -- Installing: /home/ww/Documents/simulation_all_ros2/install/robot_msgs/include/robot_msgs/msg/detail/imu__builder.hpp
[3.689s] -- Up-to-date: /home/ww/Documents/simulation_all_ros2/install/robot_msgs/include/robot_msgs
[3.690s] -- Up-to-date: /home/ww/Documents/simulation_all_ros2/install/robot_msgs/include/robot_msgs/msg
[3.690s] -- Up-to-date: /home/ww/Documents/simulation_all_ros2/install/robot_msgs/include/robot_msgs/msg/detail
[3.690s] -- Installing: /home/ww/Documents/simulation_all_ros2/install/robot_msgs/include/robot_msgs/msg/detail/motor_command__rosidl_typesupport_introspection_cpp.hpp
[3.690s] -- Installing: /home/ww/Documents/simulation_all_ros2/install/robot_msgs/include/robot_msgs/msg/detail/imu__type_support.cpp
[3.690s] -- Installing: /home/ww/Documents/simulation_all_ros2/install/robot_msgs/include/robot_msgs/msg/detail/robot_command__rosidl_typesupport_introspection_cpp.hpp
[3.690s] -- Installing: /home/ww/Documents/simulation_all_ros2/install/robot_msgs/include/robot_msgs/msg/detail/robot_state__type_support.cpp
[3.690s] -- Installing: /home/ww/Documents/simulation_all_ros2/install/robot_msgs/include/robot_msgs/msg/detail/motor_command__type_support.cpp
[3.690s] -- Installing: /home/ww/Documents/simulation_all_ros2/install/robot_msgs/include/robot_msgs/msg/detail/motor_state__type_support.cpp
[3.690s] -- Installing: /home/ww/Documents/simulation_all_ros2/install/robot_msgs/include/robot_msgs/msg/detail/robot_state__rosidl_typesupport_introspection_cpp.hpp
[3.690s] -- Installing: /home/ww/Documents/simulation_all_ros2/install/robot_msgs/include/robot_msgs/msg/detail/robot_command__type_support.cpp
[3.690s] -- Installing: /home/ww/Documents/simulation_all_ros2/install/robot_msgs/include/robot_msgs/msg/detail/motor_state__rosidl_typesupport_introspection_cpp.hpp
[3.690s] -- Installing: /home/ww/Documents/simulation_all_ros2/install/robot_msgs/include/robot_msgs/msg/detail/imu__rosidl_typesupport_introspection_cpp.hpp
[3.690s] -- Installing: /home/ww/Documents/simulation_all_ros2/install/robot_msgs/lib/librobot_msgs__rosidl_typesupport_introspection_cpp.so
[3.690s] -- Set runtime path of "/home/ww/Documents/simulation_all_ros2/install/robot_msgs/lib/librobot_msgs__rosidl_typesupport_introspection_cpp.so" to ""
[3.690s] -- Installing: /home/ww/Documents/simulation_all_ros2/install/robot_msgs/lib/librobot_msgs__rosidl_typesupport_cpp.so
[3.690s] -- Set runtime path of "/home/ww/Documents/simulation_all_ros2/install/robot_msgs/lib/librobot_msgs__rosidl_typesupport_cpp.so" to ""
[3.690s] -- Installing: /home/ww/Documents/simulation_all_ros2/install/robot_msgs/share/robot_msgs/environment/pythonpath.sh
[3.690s] -- Installing: /home/ww/Documents/simulation_all_ros2/install/robot_msgs/share/robot_msgs/environment/pythonpath.dsv
[3.690s] -- Installing: /home/ww/Documents/simulation_all_ros2/install/robot_msgs/lib/python3.8/site-packages/robot_msgs/__init__.py
[3.708s] Compiling '/home/ww/Documents/simulation_all_ros2/install/robot_msgs/lib/python3.8/site-packages/robot_msgs/__init__.py'...
[3.710s] -- Installing: /home/ww/Documents/simulation_all_ros2/install/robot_msgs/lib/python3.8/site-packages/robot_msgs/msg
[3.710s] -- Installing: /home/ww/Documents/simulation_all_ros2/install/robot_msgs/lib/python3.8/site-packages/robot_msgs/msg/__init__.py
[3.710s] -- Installing: /home/ww/Documents/simulation_all_ros2/install/robot_msgs/lib/python3.8/site-packages/robot_msgs/msg/_motor_state_s.c
[3.710s] -- Installing: /home/ww/Documents/simulation_all_ros2/install/robot_msgs/lib/python3.8/site-packages/robot_msgs/msg/_robot_state.py
[3.710s] -- Installing: /home/ww/Documents/simulation_all_ros2/install/robot_msgs/lib/python3.8/site-packages/robot_msgs/msg/_robot_command_s.c
[3.710s] -- Installing: /home/ww/Documents/simulation_all_ros2/install/robot_msgs/lib/python3.8/site-packages/robot_msgs/msg/_motor_state.py
[3.710s] -- Installing: /home/ww/Documents/simulation_all_ros2/install/robot_msgs/lib/python3.8/site-packages/robot_msgs/msg/_imu.py
[3.711s] -- Installing: /home/ww/Documents/simulation_all_ros2/install/robot_msgs/lib/python3.8/site-packages/robot_msgs/msg/_motor_command_s.c
[3.711s] -- Installing: /home/ww/Documents/simulation_all_ros2/install/robot_msgs/lib/python3.8/site-packages/robot_msgs/msg/_robot_state_s.c
[3.711s] -- Installing: /home/ww/Documents/simulation_all_ros2/install/robot_msgs/lib/python3.8/site-packages/robot_msgs/msg/_motor_command.py
[3.711s] -- Installing: /home/ww/Documents/simulation_all_ros2/install/robot_msgs/lib/python3.8/site-packages/robot_msgs/msg/_robot_command.py
[3.711s] -- Installing: /home/ww/Documents/simulation_all_ros2/install/robot_msgs/lib/python3.8/site-packages/robot_msgs/msg/_imu_s.c
[3.711s] -- Installing: /home/ww/Documents/simulation_all_ros2/install/robot_msgs/lib/python3.8/site-packages/robot_msgs/robot_msgs_s__rosidl_typesupport_fastrtps_c.cpython-38-x86_64-linux-gnu.so
[3.711s] -- Set runtime path of "/home/ww/Documents/simulation_all_ros2/install/robot_msgs/lib/python3.8/site-packages/robot_msgs/robot_msgs_s__rosidl_typesupport_fastrtps_c.cpython-38-x86_64-linux-gnu.so" to ""
[3.711s] -- Installing: /home/ww/Documents/simulation_all_ros2/install/robot_msgs/lib/python3.8/site-packages/robot_msgs/robot_msgs_s__rosidl_typesupport_introspection_c.cpython-38-x86_64-linux-gnu.so
[3.712s] -- Set runtime path of "/home/ww/Documents/simulation_all_ros2/install/robot_msgs/lib/python3.8/site-packages/robot_msgs/robot_msgs_s__rosidl_typesupport_introspection_c.cpython-38-x86_64-linux-gnu.so" to ""
[3.712s] -- Installing: /home/ww/Documents/simulation_all_ros2/install/robot_msgs/lib/python3.8/site-packages/robot_msgs/robot_msgs_s__rosidl_typesupport_c.cpython-38-x86_64-linux-gnu.so
[3.712s] -- Set runtime path of "/home/ww/Documents/simulation_all_ros2/install/robot_msgs/lib/python3.8/site-packages/robot_msgs/robot_msgs_s__rosidl_typesupport_c.cpython-38-x86_64-linux-gnu.so" to ""
[3.712s] -- Installing: /home/ww/Documents/simulation_all_ros2/install/robot_msgs/lib/librobot_msgs__python.so
[3.712s] -- Set runtime path of "/home/ww/Documents/simulation_all_ros2/install/robot_msgs/lib/librobot_msgs__python.so" to ""
[3.712s] -- Installing: /home/ww/Documents/simulation_all_ros2/install/robot_msgs/share/robot_msgs/msg/MotorCommand.idl
[3.712s] -- Installing: /home/ww/Documents/simulation_all_ros2/install/robot_msgs/share/robot_msgs/msg/MotorState.idl
[3.712s] -- Installing: /home/ww/Documents/simulation_all_ros2/install/robot_msgs/share/robot_msgs/msg/RobotCommand.idl
[3.713s] -- Installing: /home/ww/Documents/simulation_all_ros2/install/robot_msgs/share/robot_msgs/msg/RobotState.idl
[3.713s] -- Installing: /home/ww/Documents/simulation_all_ros2/install/robot_msgs/share/robot_msgs/msg/IMU.idl
[3.713s] -- Installing: /home/ww/Documents/simulation_all_ros2/install/robot_msgs/share/robot_msgs/msg/MotorCommand.msg
[3.713s] -- Installing: /home/ww/Documents/simulation_all_ros2/install/robot_msgs/share/robot_msgs/msg/MotorState.msg
[3.713s] -- Installing: /home/ww/Documents/simulation_all_ros2/install/robot_msgs/share/robot_msgs/msg/RobotCommand.msg
[3.713s] -- Installing: /home/ww/Documents/simulation_all_ros2/install/robot_msgs/share/robot_msgs/msg/RobotState.msg
[3.713s] -- Installing: /home/ww/Documents/simulation_all_ros2/install/robot_msgs/share/robot_msgs/msg/IMU.msg
[3.713s] -- Installing: /home/ww/Documents/simulation_all_ros2/install/robot_msgs/share/ament_index/resource_index/package_run_dependencies/robot_msgs
[3.713s] -- Installing: /home/ww/Documents/simulation_all_ros2/install/robot_msgs/share/ament_index/resource_index/parent_prefix_path/robot_msgs
[3.713s] -- Installing: /home/ww/Documents/simulation_all_ros2/install/robot_msgs/share/robot_msgs/environment/ament_prefix_path.sh
[3.713s] -- Installing: /home/ww/Documents/simulation_all_ros2/install/robot_msgs/share/robot_msgs/environment/ament_prefix_path.dsv
[3.713s] -- Installing: /home/ww/Documents/simulation_all_ros2/install/robot_msgs/share/robot_msgs/environment/path.sh
[3.713s] -- Installing: /home/ww/Documents/simulation_all_ros2/install/robot_msgs/share/robot_msgs/environment/path.dsv
[3.713s] -- Installing: /home/ww/Documents/simulation_all_ros2/install/robot_msgs/share/robot_msgs/local_setup.bash
[3.713s] -- Installing: /home/ww/Documents/simulation_all_ros2/install/robot_msgs/share/robot_msgs/local_setup.sh
[3.713s] -- Installing: /home/ww/Documents/simulation_all_ros2/install/robot_msgs/share/robot_msgs/local_setup.zsh
[3.713s] -- Installing: /home/ww/Documents/simulation_all_ros2/install/robot_msgs/share/robot_msgs/local_setup.dsv
[3.713s] -- Installing: /home/ww/Documents/simulation_all_ros2/install/robot_msgs/share/robot_msgs/package.dsv
[3.713s] -- Installing: /home/ww/Documents/simulation_all_ros2/install/robot_msgs/share/ament_index/resource_index/packages/robot_msgs
[3.713s] -- Installing: /home/ww/Documents/simulation_all_ros2/install/robot_msgs/share/robot_msgs/cmake/robot_msgs__rosidl_generator_cExport.cmake
[3.714s] -- Installing: /home/ww/Documents/simulation_all_ros2/install/robot_msgs/share/robot_msgs/cmake/robot_msgs__rosidl_generator_cExport-noconfig.cmake
[3.714s] -- Installing: /home/ww/Documents/simulation_all_ros2/install/robot_msgs/share/robot_msgs/cmake/robot_msgs__rosidl_typesupport_introspection_cExport.cmake
[3.714s] -- Installing: /home/ww/Documents/simulation_all_ros2/install/robot_msgs/share/robot_msgs/cmake/robot_msgs__rosidl_typesupport_introspection_cExport-noconfig.cmake
[3.714s] -- Installing: /home/ww/Documents/simulation_all_ros2/install/robot_msgs/share/robot_msgs/cmake/robot_msgs__rosidl_typesupport_cExport.cmake
[3.714s] -- Installing: /home/ww/Documents/simulation_all_ros2/install/robot_msgs/share/robot_msgs/cmake/robot_msgs__rosidl_typesupport_cExport-noconfig.cmake
[3.714s] -- Installing: /home/ww/Documents/simulation_all_ros2/install/robot_msgs/share/robot_msgs/cmake/robot_msgs__rosidl_generator_cppExport.cmake
[3.714s] -- Installing: /home/ww/Documents/simulation_all_ros2/install/robot_msgs/share/robot_msgs/cmake/robot_msgs__rosidl_typesupport_introspection_cppExport.cmake
[3.714s] -- Installing: /home/ww/Documents/simulation_all_ros2/install/robot_msgs/share/robot_msgs/cmake/robot_msgs__rosidl_typesupport_introspection_cppExport-noconfig.cmake
[3.714s] -- Installing: /home/ww/Documents/simulation_all_ros2/install/robot_msgs/share/robot_msgs/cmake/robot_msgs__rosidl_typesupport_cppExport.cmake
[3.714s] -- Installing: /home/ww/Documents/simulation_all_ros2/install/robot_msgs/share/robot_msgs/cmake/robot_msgs__rosidl_typesupport_cppExport-noconfig.cmake
[3.714s] -- Installing: /home/ww/Documents/simulation_all_ros2/install/robot_msgs/share/robot_msgs/cmake/rosidl_cmake-extras.cmake
[3.714s] -- Installing: /home/ww/Documents/simulation_all_ros2/install/robot_msgs/share/robot_msgs/cmake/ament_cmake_export_dependencies-extras.cmake
[3.714s] -- Installing: /home/ww/Documents/simulation_all_ros2/install/robot_msgs/share/robot_msgs/cmake/ament_cmake_export_libraries-extras.cmake
[3.714s] -- Installing: /home/ww/Documents/simulation_all_ros2/install/robot_msgs/share/robot_msgs/cmake/ament_cmake_export_targets-extras.cmake
[3.714s] -- Installing: /home/ww/Documents/simulation_all_ros2/install/robot_msgs/share/robot_msgs/cmake/ament_cmake_export_include_directories-extras.cmake
[3.714s] -- Installing: /home/ww/Documents/simulation_all_ros2/install/robot_msgs/share/robot_msgs/cmake/rosidl_cmake_export_typesupport_libraries-extras.cmake
[3.714s] -- Installing: /home/ww/Documents/simulation_all_ros2/install/robot_msgs/share/robot_msgs/cmake/rosidl_cmake_export_typesupport_targets-extras.cmake
[3.715s] -- Installing: /home/ww/Documents/simulation_all_ros2/install/robot_msgs/share/robot_msgs/cmake/robot_msgsConfig.cmake
[3.715s] -- Installing: /home/ww/Documents/simulation_all_ros2/install/robot_msgs/share/robot_msgs/cmake/robot_msgsConfig-version.cmake
[3.715s] -- Installing: /home/ww/Documents/simulation_all_ros2/install/robot_msgs/share/robot_msgs/package.xml
[3.716s] Invoked command in '/home/ww/Documents/simulation_all_ros2/build/robot_msgs' returned '0': CMAKE_PREFIX_PATH=/opt/ros/foxy /usr/bin/cmake --install /home/ww/Documents/simulation_all_ros2/build/robot_msgs
