[0.000000] (-) TimerEvent: {}
[0.000322] (-) JobUnselected: {'identifier': 'a1_description'}
[0.000470] (-) JobUnselected: {'identifier': 'gh1_description'}
[0.000494] (-) JobUnselected: {'identifier': 'go1_description'}
[0.000504] (-) JobUnselected: {'identifier': 'gr1t1_description'}
[0.000511] (-) JobUnselected: {'identifier': 'gr1t2_description'}
[0.000518] (-) JobUnselected: {'identifier': 'iris_description'}
[0.000526] (-) JobUnselected: {'identifier': 'mz_description'}
[0.000534] (-) JobUnselected: {'identifier': 'qa01_description'}
[0.000541] (-) JobUnselected: {'identifier': 'rm_65_b_description'}
[0.000548] (-) JobUnselected: {'identifier': 'robot_msgs'}
[0.000555] (-) JobUnselected: {'identifier': 'ros2_control_demo_example_11'}
[0.000563] (-) JobUnselected: {'identifier': 'seven_description'}
[0.000570] (-) JobUnselected: {'identifier': 'simulation_all'}
[0.000578] (-) JobUnselected: {'identifier': 'simulation_all_ros2'}
[0.000585] (-) JobUnselected: {'identifier': 'sz_description'}
[0.000593] (robot_joint_controller) JobQueued: {'identifier': 'robot_joint_controller', 'dependencies': OrderedDict([('robot_msgs', '/home/ww/Documents/simulation_all_ros2/install/robot_msgs')])}
[0.000605] (robot_joint_controller) JobStarted: {'identifier': 'robot_joint_controller'}
[0.012897] (robot_joint_controller) JobEnded: {'identifier': 'robot_joint_controller', 'rc': 1}
[0.023122] (-) EventReactorShutdown: {}
