-- Found controller_manager: 0.11.0 (/opt/ros/foxy/share/controller_manager/cmake)
-- Using PYTHON_EXECUTABLE: /usr/bin/python3
-- Using all available rosidl_typesupport_c: rosidl_typesupport_fastrtps_c;rosidl_typesupport_introspection_c
-- Found rosidl_adapter: 1.3.1 (/opt/ros/foxy/share/rosidl_adapter/cmake)
-- Using all available rosidl_typesupport_cpp: rosidl_typesupport_fastrtps_cpp;rosidl_typesupport_introspection_cpp
-- Found rmw_implementation_cmake: 1.0.4 (/opt/ros/foxy/share/rmw_implementation_cmake/cmake)
-- Using RMW implementation 'rmw_fastrtps_cpp' as default
-- Found realtime_tools: 2.2.0 (/opt/ros/foxy/share/realtime_tools/cmake)
-- Found robot_msgs: 0.0.0 (/home/ww/Documents/simulation_all_ros2/install/robot_msgs/share/robot_msgs/cmake)
-- Configuring done
-- Generating done
-- Build files have been written to: /home/ww/Documents/simulation_all_ros2/build/robot_joint_controller
[35m[1mScanning dependencies of target robot_joint_controller[0m
[ 50%] [32mBuilding CXX object CMakeFiles/robot_joint_controller.dir/src/robot_joint_controller.cpp.o[0m
[100%] [32m[1mLinking CXX static library librobot_joint_controller.a[0m
[100%] Built target robot_joint_controller
-- Install configuration: ""
-- Up-to-date: /home/ww/Documents/simulation_all_ros2/install/robot_joint_controller/share/robot_joint_controller/robot_joint_controller_plugins.xml
-- Installing: /home/ww/Documents/simulation_all_ros2/install/robot_joint_controller/lib/librobot_joint_controller.a
-- Up-to-date: /home/ww/Documents/simulation_all_ros2/install/robot_joint_controller/share/robot_joint_controller/environment/library_path.sh
-- Installing: /home/ww/Documents/simulation_all_ros2/install/robot_joint_controller/share/robot_joint_controller/environment/library_path.dsv
-- Installing: /home/ww/Documents/simulation_all_ros2/install/robot_joint_controller/share/ament_index/resource_index/package_run_dependencies/robot_joint_controller
-- Up-to-date: /home/ww/Documents/simulation_all_ros2/install/robot_joint_controller/share/ament_index/resource_index/parent_prefix_path/robot_joint_controller
-- Up-to-date: /home/ww/Documents/simulation_all_ros2/install/robot_joint_controller/share/robot_joint_controller/environment/ament_prefix_path.sh
-- Installing: /home/ww/Documents/simulation_all_ros2/install/robot_joint_controller/share/robot_joint_controller/environment/ament_prefix_path.dsv
-- Up-to-date: /home/ww/Documents/simulation_all_ros2/install/robot_joint_controller/share/robot_joint_controller/environment/path.sh
-- Installing: /home/ww/Documents/simulation_all_ros2/install/robot_joint_controller/share/robot_joint_controller/environment/path.dsv
-- Up-to-date: /home/ww/Documents/simulation_all_ros2/install/robot_joint_controller/share/robot_joint_controller/local_setup.bash
-- Up-to-date: /home/ww/Documents/simulation_all_ros2/install/robot_joint_controller/share/robot_joint_controller/local_setup.sh
-- Up-to-date: /home/ww/Documents/simulation_all_ros2/install/robot_joint_controller/share/robot_joint_controller/local_setup.zsh
-- Installing: /home/ww/Documents/simulation_all_ros2/install/robot_joint_controller/share/robot_joint_controller/local_setup.dsv
-- Installing: /home/ww/Documents/simulation_all_ros2/install/robot_joint_controller/share/robot_joint_controller/package.dsv
-- Up-to-date: /home/ww/Documents/simulation_all_ros2/install/robot_joint_controller/share/ament_index/resource_index/packages/robot_joint_controller
-- Up-to-date: /home/ww/Documents/simulation_all_ros2/install/robot_joint_controller/share/ament_index/resource_index/controller_interface__pluginlib__plugin/robot_joint_controller
-- Up-to-date: /home/ww/Documents/simulation_all_ros2/install/robot_joint_controller/share/robot_joint_controller/cmake/robot_joint_controllerExport.cmake
-- Installing: /home/ww/Documents/simulation_all_ros2/install/robot_joint_controller/share/robot_joint_controller/cmake/robot_joint_controllerExport-noconfig.cmake
-- Up-to-date: /home/ww/Documents/simulation_all_ros2/install/robot_joint_controller/share/robot_joint_controller/cmake/ament_cmake_export_targets-extras.cmake
-- Up-to-date: /home/ww/Documents/simulation_all_ros2/install/robot_joint_controller/share/robot_joint_controller/cmake/ament_cmake_export_dependencies-extras.cmake
-- Up-to-date: /home/ww/Documents/simulation_all_ros2/install/robot_joint_controller/share/robot_joint_controller/cmake/robot_joint_controllerConfig.cmake
-- Up-to-date: /home/ww/Documents/simulation_all_ros2/install/robot_joint_controller/share/robot_joint_controller/cmake/robot_joint_controllerConfig-version.cmake
-- Installing: /home/ww/Documents/simulation_all_ros2/install/robot_joint_controller/share/robot_joint_controller/package.xml
