[100%] Built target robot_joint_controller
-- Install configuration: ""
-- Up-to-date: /home/ww/Documents/simulation_all_ros2/install/robot_joint_controller/share/robot_joint_controller/robot_joint_controller_plugins.xml
-- Up-to-date: /home/ww/Documents/simulation_all_ros2/install/robot_joint_controller/lib/librobot_joint_controller.a
-- Up-to-date: /home/ww/Documents/simulation_all_ros2/install/robot_joint_controller/share/robot_joint_controller/environment/library_path.sh
-- Up-to-date: /home/ww/Documents/simulation_all_ros2/install/robot_joint_controller/share/robot_joint_controller/environment/library_path.dsv
-- Up-to-date: /home/ww/Documents/simulation_all_ros2/install/robot_joint_controller/share/ament_index/resource_index/package_run_dependencies/robot_joint_controller
-- Up-to-date: /home/ww/Documents/simulation_all_ros2/install/robot_joint_controller/share/ament_index/resource_index/parent_prefix_path/robot_joint_controller
-- Up-to-date: /home/ww/Documents/simulation_all_ros2/install/robot_joint_controller/share/robot_joint_controller/environment/ament_prefix_path.sh
-- Up-to-date: /home/ww/Documents/simulation_all_ros2/install/robot_joint_controller/share/robot_joint_controller/environment/ament_prefix_path.dsv
-- Up-to-date: /home/ww/Documents/simulation_all_ros2/install/robot_joint_controller/share/robot_joint_controller/environment/path.sh
-- Up-to-date: /home/ww/Documents/simulation_all_ros2/install/robot_joint_controller/share/robot_joint_controller/environment/path.dsv
-- Up-to-date: /home/ww/Documents/simulation_all_ros2/install/robot_joint_controller/share/robot_joint_controller/local_setup.bash
-- Up-to-date: /home/ww/Documents/simulation_all_ros2/install/robot_joint_controller/share/robot_joint_controller/local_setup.sh
-- Up-to-date: /home/ww/Documents/simulation_all_ros2/install/robot_joint_controller/share/robot_joint_controller/local_setup.zsh
-- Up-to-date: /home/ww/Documents/simulation_all_ros2/install/robot_joint_controller/share/robot_joint_controller/local_setup.dsv
-- Installing: /home/ww/Documents/simulation_all_ros2/install/robot_joint_controller/share/robot_joint_controller/package.dsv
-- Up-to-date: /home/ww/Documents/simulation_all_ros2/install/robot_joint_controller/share/ament_index/resource_index/packages/robot_joint_controller
-- Up-to-date: /home/ww/Documents/simulation_all_ros2/install/robot_joint_controller/share/ament_index/resource_index/controller_interface__pluginlib__plugin/robot_joint_controller
-- Up-to-date: /home/ww/Documents/simulation_all_ros2/install/robot_joint_controller/share/robot_joint_controller/cmake/robot_joint_controllerExport.cmake
-- Up-to-date: /home/ww/Documents/simulation_all_ros2/install/robot_joint_controller/share/robot_joint_controller/cmake/robot_joint_controllerExport-noconfig.cmake
-- Up-to-date: /home/ww/Documents/simulation_all_ros2/install/robot_joint_controller/share/robot_joint_controller/cmake/ament_cmake_export_targets-extras.cmake
-- Up-to-date: /home/ww/Documents/simulation_all_ros2/install/robot_joint_controller/share/robot_joint_controller/cmake/ament_cmake_export_dependencies-extras.cmake
-- Up-to-date: /home/ww/Documents/simulation_all_ros2/install/robot_joint_controller/share/robot_joint_controller/cmake/robot_joint_controllerConfig.cmake
-- Up-to-date: /home/ww/Documents/simulation_all_ros2/install/robot_joint_controller/share/robot_joint_controller/cmake/robot_joint_controllerConfig-version.cmake
-- Up-to-date: /home/ww/Documents/simulation_all_ros2/install/robot_joint_controller/share/robot_joint_controller/package.xml
