[0.009s] Invoking command in '/home/ww/Documents/simulation_all_ros2/build/robot_joint_controller': AMENT_PREFIX_PATH=/home/ww/Documents/simulation_all_ros2/install/robot_msgs:${AMENT_PREFIX_PATH} CMAKE_PREFIX_PATH=/home/ww/Documents/simulation_all_ros2/install/robot_msgs:/opt/ros/foxy LD_LIBRARY_PATH=/home/ww/Documents/simulation_all_ros2/install/robot_msgs/lib:${LD_LIBRARY_PATH} PYTHONPATH=/home/ww/Documents/simulation_all_ros2/install/robot_msgs/lib/python3.8/site-packages:${PYTHONPATH} /usr/bin/cmake --build /home/ww/Documents/simulation_all_ros2/build/robot_joint_controller -- -j12 -l12
[0.049s] [100%] Built target robot_joint_controller
[0.054s] Invoked command in '/home/ww/Documents/simulation_all_ros2/build/robot_joint_controller' returned '0': AMENT_PREFIX_PATH=/home/ww/Documents/simulation_all_ros2/install/robot_msgs:${AMENT_PREFIX_PATH} CMAKE_PREFIX_PATH=/home/ww/Documents/simulation_all_ros2/install/robot_msgs:/opt/ros/foxy LD_LIBRARY_PATH=/home/ww/Documents/simulation_all_ros2/install/robot_msgs/lib:${LD_LIBRARY_PATH} PYTHONPATH=/home/ww/Documents/simulation_all_ros2/install/robot_msgs/lib/python3.8/site-packages:${PYTHONPATH} /usr/bin/cmake --build /home/ww/Documents/simulation_all_ros2/build/robot_joint_controller -- -j12 -l12
[0.078s] Invoking command in '/home/ww/Documents/simulation_all_ros2/build/robot_joint_controller': AMENT_PREFIX_PATH=/home/ww/Documents/simulation_all_ros2/install/robot_msgs:${AMENT_PREFIX_PATH} CMAKE_PREFIX_PATH=/home/ww/Documents/simulation_all_ros2/install/robot_msgs:/opt/ros/foxy LD_LIBRARY_PATH=/home/ww/Documents/simulation_all_ros2/install/robot_msgs/lib:${LD_LIBRARY_PATH} PYTHONPATH=/home/ww/Documents/simulation_all_ros2/install/robot_msgs/lib/python3.8/site-packages:${PYTHONPATH} /usr/bin/cmake --install /home/ww/Documents/simulation_all_ros2/build/robot_joint_controller
[0.083s] -- Install configuration: ""
[0.084s] -- Up-to-date: /home/ww/Documents/simulation_all_ros2/install/robot_joint_controller/share/robot_joint_controller/robot_joint_controller_plugins.xml
[0.084s] -- Up-to-date: /home/ww/Documents/simulation_all_ros2/install/robot_joint_controller/lib/librobot_joint_controller.a
[0.084s] -- Up-to-date: /home/ww/Documents/simulation_all_ros2/install/robot_joint_controller/share/robot_joint_controller/environment/library_path.sh
[0.084s] -- Up-to-date: /home/ww/Documents/simulation_all_ros2/install/robot_joint_controller/share/robot_joint_controller/environment/library_path.dsv
[0.084s] -- Up-to-date: /home/ww/Documents/simulation_all_ros2/install/robot_joint_controller/share/ament_index/resource_index/package_run_dependencies/robot_joint_controller
[0.084s] -- Up-to-date: /home/ww/Documents/simulation_all_ros2/install/robot_joint_controller/share/ament_index/resource_index/parent_prefix_path/robot_joint_controller
[0.084s] -- Up-to-date: /home/ww/Documents/simulation_all_ros2/install/robot_joint_controller/share/robot_joint_controller/environment/ament_prefix_path.sh
[0.084s] -- Up-to-date: /home/ww/Documents/simulation_all_ros2/install/robot_joint_controller/share/robot_joint_controller/environment/ament_prefix_path.dsv
[0.084s] -- Up-to-date: /home/ww/Documents/simulation_all_ros2/install/robot_joint_controller/share/robot_joint_controller/environment/path.sh
[0.084s] -- Up-to-date: /home/ww/Documents/simulation_all_ros2/install/robot_joint_controller/share/robot_joint_controller/environment/path.dsv
[0.084s] -- Up-to-date: /home/ww/Documents/simulation_all_ros2/install/robot_joint_controller/share/robot_joint_controller/local_setup.bash
[0.084s] -- Up-to-date: /home/ww/Documents/simulation_all_ros2/install/robot_joint_controller/share/robot_joint_controller/local_setup.sh
[0.084s] -- Up-to-date: /home/ww/Documents/simulation_all_ros2/install/robot_joint_controller/share/robot_joint_controller/local_setup.zsh
[0.085s] -- Up-to-date: /home/ww/Documents/simulation_all_ros2/install/robot_joint_controller/share/robot_joint_controller/local_setup.dsv
[0.085s] -- Installing: /home/ww/Documents/simulation_all_ros2/install/robot_joint_controller/share/robot_joint_controller/package.dsv
[0.085s] -- Up-to-date: /home/ww/Documents/simulation_all_ros2/install/robot_joint_controller/share/ament_index/resource_index/packages/robot_joint_controller
[0.085s] -- Up-to-date: /home/ww/Documents/simulation_all_ros2/install/robot_joint_controller/share/ament_index/resource_index/controller_interface__pluginlib__plugin/robot_joint_controller
[0.085s] -- Up-to-date: /home/ww/Documents/simulation_all_ros2/install/robot_joint_controller/share/robot_joint_controller/cmake/robot_joint_controllerExport.cmake
[0.085s] -- Up-to-date: /home/ww/Documents/simulation_all_ros2/install/robot_joint_controller/share/robot_joint_controller/cmake/robot_joint_controllerExport-noconfig.cmake
[0.085s] -- Up-to-date: /home/ww/Documents/simulation_all_ros2/install/robot_joint_controller/share/robot_joint_controller/cmake/ament_cmake_export_targets-extras.cmake
[0.086s] -- Up-to-date: /home/ww/Documents/simulation_all_ros2/install/robot_joint_controller/share/robot_joint_controller/cmake/ament_cmake_export_dependencies-extras.cmake
[0.086s] -- Up-to-date: /home/ww/Documents/simulation_all_ros2/install/robot_joint_controller/share/robot_joint_controller/cmake/robot_joint_controllerConfig.cmake
[0.086s] -- Up-to-date: /home/ww/Documents/simulation_all_ros2/install/robot_joint_controller/share/robot_joint_controller/cmake/robot_joint_controllerConfig-version.cmake
[0.086s] -- Up-to-date: /home/ww/Documents/simulation_all_ros2/install/robot_joint_controller/share/robot_joint_controller/package.xml
[0.086s] Invoked command in '/home/ww/Documents/simulation_all_ros2/build/robot_joint_controller' returned '0': AMENT_PREFIX_PATH=/home/ww/Documents/simulation_all_ros2/install/robot_msgs:${AMENT_PREFIX_PATH} CMAKE_PREFIX_PATH=/home/ww/Documents/simulation_all_ros2/install/robot_msgs:/opt/ros/foxy LD_LIBRARY_PATH=/home/ww/Documents/simulation_all_ros2/install/robot_msgs/lib:${LD_LIBRARY_PATH} PYTHONPATH=/home/ww/Documents/simulation_all_ros2/install/robot_msgs/lib/python3.8/site-packages:${PYTHONPATH} /usr/bin/cmake --install /home/ww/Documents/simulation_all_ros2/build/robot_joint_controller
