[0.009s] Invoking command in '/home/ww/Documents/simulation_all_ros2/build/robot_joint_controller': AMENT_PREFIX_PATH=/home/ww/Documents/simulation_all_ros2/install/robot_msgs:${AMENT_PREFIX_PATH} CMAKE_PREFIX_PATH=/home/ww/Documents/simulation_all_ros2/install/robot_msgs:/opt/ros/foxy LD_LIBRARY_PATH=/home/ww/Documents/simulation_all_ros2/install/robot_msgs/lib:${LD_LIBRARY_PATH} PYTHONPATH=/home/ww/Documents/simulation_all_ros2/install/robot_msgs/lib/python3.8/site-packages:${PYTHONPATH} /usr/bin/cmake /home/ww/Documents/simulation_all_ros2/src/robot_joint_controller -DCMAKE_INSTALL_PREFIX=/home/ww/Documents/simulation_all_ros2/install/robot_joint_controller
[0.048s] -- The CXX compiler identification is GNU 9.4.0
[0.051s] -- Check for working CXX compiler: /usr/bin/c++
[0.126s] -- Check for working CXX compiler: /usr/bin/c++ -- works
[0.127s] -- Detecting CXX compiler ABI info
[0.203s] -- Detecting CXX compiler ABI info - done
[0.210s] -- Detecting CXX compile features
[0.210s] -- Detecting CXX compile features - done
[0.212s] -- Found controller_manager: 0.11.0 (/opt/ros/foxy/share/controller_manager/cmake)
[0.231s] -- Found PythonInterp: /usr/bin/python3 (found suitable version "3.8.10", minimum required is "3") 
[0.231s] -- Using PYTHON_EXECUTABLE: /usr/bin/python3
[0.358s] -- Using all available rosidl_typesupport_c: rosidl_typesupport_fastrtps_c;rosidl_typesupport_introspection_c
[0.362s] -- Found rosidl_adapter: 1.3.1 (/opt/ros/foxy/share/rosidl_adapter/cmake)
[0.404s] -- Found OpenSSL: /usr/lib/x86_64-linux-gnu/libcrypto.so (found version "1.1.1f")  
[0.423s] -- Found FastRTPS: /opt/ros/foxy/include  
[0.467s] -- Using all available rosidl_typesupport_cpp: rosidl_typesupport_fastrtps_cpp;rosidl_typesupport_introspection_cpp
[0.778s] -- Found rmw_implementation_cmake: 1.0.4 (/opt/ros/foxy/share/rmw_implementation_cmake/cmake)
[0.779s] -- Using RMW implementation 'rmw_fastrtps_cpp' as default
[0.780s] -- Looking for C++ include pthread.h
[0.828s] -- Looking for C++ include pthread.h - found
[0.828s] -- Performing Test CMAKE_HAVE_LIBC_PTHREAD
[0.894s] -- Performing Test CMAKE_HAVE_LIBC_PTHREAD - Failed
[0.894s] -- Looking for pthread_create in pthreads
[0.949s] -- Looking for pthread_create in pthreads - not found
[0.949s] -- Looking for pthread_create in pthread
[1.003s] -- Looking for pthread_create in pthread - found
[1.004s] -- Found Threads: TRUE  
[1.196s] -- Found realtime_tools: 2.2.0 (/opt/ros/foxy/share/realtime_tools/cmake)
[1.217s] -- Found robot_msgs: 0.0.0 (/home/ww/Documents/simulation_all_ros2/install/robot_msgs/share/robot_msgs/cmake)
[1.438s] -- Configuring done
[1.447s] -- Generating done
[1.448s] -- Build files have been written to: /home/ww/Documents/simulation_all_ros2/build/robot_joint_controller
[1.452s] Invoked command in '/home/ww/Documents/simulation_all_ros2/build/robot_joint_controller' returned '0': AMENT_PREFIX_PATH=/home/ww/Documents/simulation_all_ros2/install/robot_msgs:${AMENT_PREFIX_PATH} CMAKE_PREFIX_PATH=/home/ww/Documents/simulation_all_ros2/install/robot_msgs:/opt/ros/foxy LD_LIBRARY_PATH=/home/ww/Documents/simulation_all_ros2/install/robot_msgs/lib:${LD_LIBRARY_PATH} PYTHONPATH=/home/ww/Documents/simulation_all_ros2/install/robot_msgs/lib/python3.8/site-packages:${PYTHONPATH} /usr/bin/cmake /home/ww/Documents/simulation_all_ros2/src/robot_joint_controller -DCMAKE_INSTALL_PREFIX=/home/ww/Documents/simulation_all_ros2/install/robot_joint_controller
[1.454s] Invoking command in '/home/ww/Documents/simulation_all_ros2/build/robot_joint_controller': AMENT_PREFIX_PATH=/home/ww/Documents/simulation_all_ros2/install/robot_msgs:${AMENT_PREFIX_PATH} CMAKE_PREFIX_PATH=/home/ww/Documents/simulation_all_ros2/install/robot_msgs:/opt/ros/foxy LD_LIBRARY_PATH=/home/ww/Documents/simulation_all_ros2/install/robot_msgs/lib:${LD_LIBRARY_PATH} PYTHONPATH=/home/ww/Documents/simulation_all_ros2/install/robot_msgs/lib/python3.8/site-packages:${PYTHONPATH} /usr/bin/cmake --build /home/ww/Documents/simulation_all_ros2/build/robot_joint_controller -- -j12 -l12
[1.482s] [35m[1mScanning dependencies of target robot_joint_controller[0m
[1.503s] [ 50%] [32mBuilding CXX object CMakeFiles/robot_joint_controller.dir/src/robot_joint_controller.cpp.o[0m
[1.566s] In file included from [01m[K/home/ww/Documents/simulation_all_ros2/src/robot_joint_controller/src/robot_joint_controller.cpp:2[m[K:
[1.566s] [01m[K/opt/ros/foxy/include/pluginlib/class_list_macros.h:36:2:[m[K [01;35m[Kwarning: [m[K#warning Including header <pluginlib/class_list_macros.h> is deprecated, include <pluginlib/class_list_macros.hpp> instead. [[01;35m[K-Wcpp[m[K]
[1.566s]    36 | #[01;35m[Kwarning[m[K Including header <pluginlib/class_list_macros.h> is deprecated, \
[1.566s]       |  [01;35m[K^~~~~~~[m[K
[2.242s] [01m[K/home/ww/Documents/simulation_all_ros2/src/robot_joint_controller/src/robot_joint_controller.cpp:[m[K In member function ‘[01m[Kvirtual controller_interface::return_type robot_joint_controller::RobotJointController::init(const string&)[m[K’:
[2.242s] [01m[K/home/ww/Documents/simulation_all_ros2/src/robot_joint_controller/src/robot_joint_controller.cpp:46:47:[m[K [01;35m[Kwarning: [m[K‘[01m[Kcontroller_interface::return_type::SUCCESS[m[K’ is deprecated: Use controller_interface::return_type::OK instead. [[01;35m[K-Wdeprecated-declarations[m[K]
[2.242s]    46 |     return controller_interface::return_type::[01;35m[KSUCCESS[m[K;
[2.242s]       |                                               [01;35m[K^~~~~~~[m[K
[2.242s] In file included from [01m[K/home/ww/Documents/simulation_all_ros2/src/robot_joint_controller/include/robot_joint_controller.hpp:7[m[K,
[2.242s]                  from [01m[K/home/ww/Documents/simulation_all_ros2/src/robot_joint_controller/src/robot_joint_controller.cpp:1[m[K:
[2.242s] [01m[K/opt/ros/foxy/include/controller_interface/controller_interface.hpp:42:3:[m[K [01;36m[Knote: [m[Kdeclared here
[2.242s]    42 |   [01;36m[KSUCCESS[m[K [[deprecated("Use controller_interface::return_type::OK instead.")]] = OK
[2.242s]       |   [01;36m[K^~~~~~~[m[K
[2.242s] [01m[K/home/ww/Documents/simulation_all_ros2/src/robot_joint_controller/src/robot_joint_controller.cpp:46:47:[m[K [01;35m[Kwarning: [m[K‘[01m[Kcontroller_interface::return_type::SUCCESS[m[K’ is deprecated: Use controller_interface::return_type::OK instead. [[01;35m[K-Wdeprecated-declarations[m[K]
[2.242s]    46 |     return controller_interface::return_type::[01;35m[KSUCCESS[m[K;
[2.242s]       |                                               [01;35m[K^~~~~~~[m[K
[2.242s] In file included from [01m[K/home/ww/Documents/simulation_all_ros2/src/robot_joint_controller/include/robot_joint_controller.hpp:7[m[K,
[2.242s]                  from [01m[K/home/ww/Documents/simulation_all_ros2/src/robot_joint_controller/src/robot_joint_controller.cpp:1[m[K:
[2.242s] [01m[K/opt/ros/foxy/include/controller_interface/controller_interface.hpp:42:3:[m[K [01;36m[Knote: [m[Kdeclared here
[2.242s]    42 |   [01;36m[KSUCCESS[m[K [[deprecated("Use controller_interface::return_type::OK instead.")]] = OK
[2.242s]       |   [01;36m[K^~~~~~~[m[K
[2.243s] [01m[K/home/ww/Documents/simulation_all_ros2/src/robot_joint_controller/src/robot_joint_controller.cpp:[m[K In member function ‘[01m[Kvirtual robot_joint_controller::RobotJointController::CallbackReturn robot_joint_controller::RobotJointController::on_configure(const rclcpp_lifecycle::State&)[m[K’:
[2.243s] [01m[K/home/ww/Documents/simulation_all_ros2/src/robot_joint_controller/src/robot_joint_controller.cpp:49:104:[m[K [01;35m[Kwarning: [m[Kunused parameter ‘[01m[Kprevious_state[m[K’ [[01;35m[K-Wunused-parameter[m[K]
[2.243s]    49 | RobotJointController::CallbackReturn RobotJointController::on_configure([01;35m[Kconst rclcpp_lifecycle::State &previous_state[m[K) {
[2.243s]       |                                                                         [01;35m[K~~~~~~~~~~~~~~~~~~~~~~~~~~~~~~~^~~~~~~~~~~~~~[m[K
[2.255s] [01m[K/home/ww/Documents/simulation_all_ros2/src/robot_joint_controller/src/robot_joint_controller.cpp:[m[K In member function ‘[01m[Kvirtual robot_joint_controller::RobotJointController::CallbackReturn robot_joint_controller::RobotJointController::on_activate(const rclcpp_lifecycle::State&)[m[K’:
[2.255s] [01m[K/home/ww/Documents/simulation_all_ros2/src/robot_joint_controller/src/robot_joint_controller.cpp:65:103:[m[K [01;35m[Kwarning: [m[Kunused parameter ‘[01m[Kprevious_state[m[K’ [[01;35m[K-Wunused-parameter[m[K]
[2.255s]    65 | RobotJointController::CallbackReturn RobotJointController::on_activate([01;35m[Kconst rclcpp_lifecycle::State &previous_state[m[K) {
[2.255s]       |                                                                        [01;35m[K~~~~~~~~~~~~~~~~~~~~~~~~~~~~~~~^~~~~~~~~~~~~~[m[K
[2.256s] [01m[K/home/ww/Documents/simulation_all_ros2/src/robot_joint_controller/src/robot_joint_controller.cpp:[m[K In member function ‘[01m[Kvirtual controller_interface::return_type robot_joint_controller::RobotJointController::update()[m[K’:
[2.256s] [01m[K/home/ww/Documents/simulation_all_ros2/src/robot_joint_controller/src/robot_joint_controller.cpp:205:47:[m[K [01;35m[Kwarning: [m[K‘[01m[Kcontroller_interface::return_type::SUCCESS[m[K’ is deprecated: Use controller_interface::return_type::OK instead. [[01;35m[K-Wdeprecated-declarations[m[K]
[2.257s]   205 |     return controller_interface::return_type::[01;35m[KSUCCESS[m[K;
[2.257s]       |                                               [01;35m[K^~~~~~~[m[K
[2.257s] In file included from [01m[K/home/ww/Documents/simulation_all_ros2/src/robot_joint_controller/include/robot_joint_controller.hpp:7[m[K,
[2.257s]                  from [01m[K/home/ww/Documents/simulation_all_ros2/src/robot_joint_controller/src/robot_joint_controller.cpp:1[m[K:
[2.257s] [01m[K/opt/ros/foxy/include/controller_interface/controller_interface.hpp:42:3:[m[K [01;36m[Knote: [m[Kdeclared here
[2.257s]    42 |   [01;36m[KSUCCESS[m[K [[deprecated("Use controller_interface::return_type::OK instead.")]] = OK
[2.257s]       |   [01;36m[K^~~~~~~[m[K
[2.257s] [01m[K/home/ww/Documents/simulation_all_ros2/src/robot_joint_controller/src/robot_joint_controller.cpp:205:47:[m[K [01;35m[Kwarning: [m[K‘[01m[Kcontroller_interface::return_type::SUCCESS[m[K’ is deprecated: Use controller_interface::return_type::OK instead. [[01;35m[K-Wdeprecated-declarations[m[K]
[2.257s]   205 |     return controller_interface::return_type::[01;35m[KSUCCESS[m[K;
[2.257s]       |                                               [01;35m[K^~~~~~~[m[K
[2.257s] In file included from [01m[K/home/ww/Documents/simulation_all_ros2/src/robot_joint_controller/include/robot_joint_controller.hpp:7[m[K,
[2.257s]                  from [01m[K/home/ww/Documents/simulation_all_ros2/src/robot_joint_controller/src/robot_joint_controller.cpp:1[m[K:
[2.257s] [01m[K/opt/ros/foxy/include/controller_interface/controller_interface.hpp:42:3:[m[K [01;36m[Knote: [m[Kdeclared here
[2.257s]    42 |   [01;36m[KSUCCESS[m[K [[deprecated("Use controller_interface::return_type::OK instead.")]] = OK
[2.257s]       |   [01;36m[K^~~~~~~[m[K
[2.257s] [01m[K/home/ww/Documents/simulation_all_ros2/src/robot_joint_controller/src/robot_joint_controller.cpp:[m[K In member function ‘[01m[Kvirtual robot_joint_controller::RobotJointController::CallbackReturn robot_joint_controller::RobotJointController::on_deactivate(const rclcpp_lifecycle::State&)[m[K’:
[2.257s] [01m[K/home/ww/Documents/simulation_all_ros2/src/robot_joint_controller/src/robot_joint_controller.cpp:208:105:[m[K [01;35m[Kwarning: [m[Kunused parameter ‘[01m[Kprevious_state[m[K’ [[01;35m[K-Wunused-parameter[m[K]
[2.257s]   208 | RobotJointController::CallbackReturn RobotJointController::on_deactivate([01;35m[Kconst rclcpp_lifecycle::State &previous_state[m[K) {
[2.257s]       |                                                                          [01;35m[K~~~~~~~~~~~~~~~~~~~~~~~~~~~~~~~^~~~~~~~~~~~~~[m[K
[4.474s] [100%] [32m[1mLinking CXX static library librobot_joint_controller.a[0m
[4.513s] [100%] Built target robot_joint_controller
[4.520s] Invoked command in '/home/ww/Documents/simulation_all_ros2/build/robot_joint_controller' returned '0': AMENT_PREFIX_PATH=/home/ww/Documents/simulation_all_ros2/install/robot_msgs:${AMENT_PREFIX_PATH} CMAKE_PREFIX_PATH=/home/ww/Documents/simulation_all_ros2/install/robot_msgs:/opt/ros/foxy LD_LIBRARY_PATH=/home/ww/Documents/simulation_all_ros2/install/robot_msgs/lib:${LD_LIBRARY_PATH} PYTHONPATH=/home/ww/Documents/simulation_all_ros2/install/robot_msgs/lib/python3.8/site-packages:${PYTHONPATH} /usr/bin/cmake --build /home/ww/Documents/simulation_all_ros2/build/robot_joint_controller -- -j12 -l12
[4.547s] Invoking command in '/home/ww/Documents/simulation_all_ros2/build/robot_joint_controller': AMENT_PREFIX_PATH=/home/ww/Documents/simulation_all_ros2/install/robot_msgs:${AMENT_PREFIX_PATH} CMAKE_PREFIX_PATH=/home/ww/Documents/simulation_all_ros2/install/robot_msgs:/opt/ros/foxy LD_LIBRARY_PATH=/home/ww/Documents/simulation_all_ros2/install/robot_msgs/lib:${LD_LIBRARY_PATH} PYTHONPATH=/home/ww/Documents/simulation_all_ros2/install/robot_msgs/lib/python3.8/site-packages:${PYTHONPATH} /usr/bin/cmake --install /home/ww/Documents/simulation_all_ros2/build/robot_joint_controller
[4.555s] -- Install configuration: ""
[4.555s] -- Installing: /home/ww/Documents/simulation_all_ros2/install/robot_joint_controller/share/robot_joint_controller/robot_joint_controller_plugins.xml
[4.555s] -- Installing: /home/ww/Documents/simulation_all_ros2/install/robot_joint_controller/lib/librobot_joint_controller.a
[4.559s] -- Installing: /home/ww/Documents/simulation_all_ros2/install/robot_joint_controller/share/robot_joint_controller/environment/library_path.sh
[4.559s] -- Installing: /home/ww/Documents/simulation_all_ros2/install/robot_joint_controller/share/robot_joint_controller/environment/library_path.dsv
[4.559s] -- Installing: /home/ww/Documents/simulation_all_ros2/install/robot_joint_controller/share/ament_index/resource_index/package_run_dependencies/robot_joint_controller
[4.559s] -- Installing: /home/ww/Documents/simulation_all_ros2/install/robot_joint_controller/share/ament_index/resource_index/parent_prefix_path/robot_joint_controller
[4.559s] -- Installing: /home/ww/Documents/simulation_all_ros2/install/robot_joint_controller/share/robot_joint_controller/environment/ament_prefix_path.sh
[4.559s] -- Installing: /home/ww/Documents/simulation_all_ros2/install/robot_joint_controller/share/robot_joint_controller/environment/ament_prefix_path.dsv
[4.559s] -- Installing: /home/ww/Documents/simulation_all_ros2/install/robot_joint_controller/share/robot_joint_controller/environment/path.sh
[4.559s] -- Installing: /home/ww/Documents/simulation_all_ros2/install/robot_joint_controller/share/robot_joint_controller/environment/path.dsv
[4.559s] -- Installing: /home/ww/Documents/simulation_all_ros2/install/robot_joint_controller/share/robot_joint_controller/local_setup.bash
[4.559s] -- Installing: /home/ww/Documents/simulation_all_ros2/install/robot_joint_controller/share/robot_joint_controller/local_setup.sh
[4.559s] -- Installing: /home/ww/Documents/simulation_all_ros2/install/robot_joint_controller/share/robot_joint_controller/local_setup.zsh
[4.559s] -- Installing: /home/ww/Documents/simulation_all_ros2/install/robot_joint_controller/share/robot_joint_controller/local_setup.dsv
[4.559s] -- Installing: /home/ww/Documents/simulation_all_ros2/install/robot_joint_controller/share/robot_joint_controller/package.dsv
[4.559s] -- Installing: /home/ww/Documents/simulation_all_ros2/install/robot_joint_controller/share/ament_index/resource_index/packages/robot_joint_controller
[4.559s] -- Installing: /home/ww/Documents/simulation_all_ros2/install/robot_joint_controller/share/ament_index/resource_index/controller_interface__pluginlib__plugin/robot_joint_controller
[4.559s] -- Installing: /home/ww/Documents/simulation_all_ros2/install/robot_joint_controller/share/robot_joint_controller/cmake/robot_joint_controllerExport.cmake
[4.560s] -- Installing: /home/ww/Documents/simulation_all_ros2/install/robot_joint_controller/share/robot_joint_controller/cmake/robot_joint_controllerExport-noconfig.cmake
[4.560s] -- Installing: /home/ww/Documents/simulation_all_ros2/install/robot_joint_controller/share/robot_joint_controller/cmake/ament_cmake_export_targets-extras.cmake
[4.560s] -- Installing: /home/ww/Documents/simulation_all_ros2/install/robot_joint_controller/share/robot_joint_controller/cmake/ament_cmake_export_dependencies-extras.cmake
[4.560s] -- Installing: /home/ww/Documents/simulation_all_ros2/install/robot_joint_controller/share/robot_joint_controller/cmake/robot_joint_controllerConfig.cmake
[4.560s] -- Installing: /home/ww/Documents/simulation_all_ros2/install/robot_joint_controller/share/robot_joint_controller/cmake/robot_joint_controllerConfig-version.cmake
[4.560s] -- Installing: /home/ww/Documents/simulation_all_ros2/install/robot_joint_controller/share/robot_joint_controller/package.xml
[4.561s] Invoked command in '/home/ww/Documents/simulation_all_ros2/build/robot_joint_controller' returned '0': AMENT_PREFIX_PATH=/home/ww/Documents/simulation_all_ros2/install/robot_msgs:${AMENT_PREFIX_PATH} CMAKE_PREFIX_PATH=/home/ww/Documents/simulation_all_ros2/install/robot_msgs:/opt/ros/foxy LD_LIBRARY_PATH=/home/ww/Documents/simulation_all_ros2/install/robot_msgs/lib:${LD_LIBRARY_PATH} PYTHONPATH=/home/ww/Documents/simulation_all_ros2/install/robot_msgs/lib/python3.8/site-packages:${PYTHONPATH} /usr/bin/cmake --install /home/ww/Documents/simulation_all_ros2/build/robot_joint_controller
