[0.194s] [34mcolcon[0m [1;30mDEBUG[0m [32mCommand line arguments: ['/usr/bin/colcon', 'build', '--packages-select', 'robot_msgs'][0m
[0.194s] [34mcolcon[0m [1;30mDEBUG[0m [32mParsed command line arguments: Namespace(allow_overriding=[], ament_cmake_args=None, base_paths=['.'], build_base='build', catkin_cmake_args=None, catkin_skip_building_tests=False, cmake_args=None, cmake_clean_cache=False, cmake_clean_first=False, cmake_force_configure=False, cmake_target=None, cmake_target_skip_unavailable=False, continue_on_error=False, event_handlers=None, executor='parallel', ignore_user_meta=False, install_base='install', log_base=None, log_level=None, main=<bound method BuildVerb.main of <colcon_core.verb.build.BuildVerb object at 0x7faf786cdb20>>, merge_install=False, metas=['./colcon.meta'], mixin=None, mixin_files=None, mixin_verb=('build',), packages_above=None, packages_above_and_dependencies=None, packages_above_depth=None, packages_end=None, packages_ignore=None, packages_ignore_regex=None, packages_select=['robot_msgs'], packages_select_build_failed=False, packages_select_by_dep=None, packages_select_regex=None, packages_select_test_failures=False, packages_skip=None, packages_skip_build_finished=False, packages_skip_by_dep=None, packages_skip_regex=None, packages_skip_test_passed=False, packages_skip_up_to=None, packages_start=None, packages_up_to=None, packages_up_to_regex=None, parallel_workers=16, paths=None, symlink_install=False, test_result_base=None, verb_extension=<colcon_core.verb.build.BuildVerb object at 0x7faf786cdb20>, verb_name='build', verb_parser=<colcon_mixin.mixin.mixin_argument.MixinArgumentDecorator object at 0x7faf786dd160>)[0m
[0.344s] [34mcolcon.colcon_core.package_discovery[0m [1;30mLevel 1[0m discover_packages(colcon_meta) check parameters
[0.344s] [34mcolcon.colcon_core.package_discovery[0m [1;30mLevel 1[0m discover_packages(recursive) check parameters
[0.344s] [34mcolcon.colcon_core.package_discovery[0m [1;30mLevel 1[0m discover_packages(ignore) check parameters
[0.344s] [34mcolcon.colcon_core.package_discovery[0m [1;30mLevel 1[0m discover_packages(path) check parameters
[0.344s] [34mcolcon.colcon_core.package_discovery[0m [1;30mLevel 1[0m discover_packages(colcon_meta) discover
[0.344s] [34mcolcon.colcon_core.package_discovery[0m [1;30mLevel 1[0m discover_packages(recursive) discover
[0.344s] [34mcolcon.colcon_core.package_discovery[0m [1;30mINFO[0m Crawling recursively for packages in '/home/wl/Documents/simulation_all_ros2'
[0.344s] [34mcolcon.colcon_core.package_identification[0m [1;30mLevel 1[0m _identify(.) by extensions ['ignore', 'ignore_ament_install']
[0.344s] [34mcolcon.colcon_core.package_identification[0m [1;30mLevel 1[0m _identify(.) by extension 'ignore'
[0.344s] [34mcolcon.colcon_core.package_identification[0m [1;30mLevel 1[0m _identify(.) by extension 'ignore_ament_install'
[0.344s] [34mcolcon.colcon_core.package_identification[0m [1;30mLevel 1[0m _identify(.) by extensions ['colcon_pkg']
[0.344s] [34mcolcon.colcon_core.package_identification[0m [1;30mLevel 1[0m _identify(.) by extension 'colcon_pkg'
[0.344s] [34mcolcon.colcon_core.package_identification[0m [1;30mLevel 1[0m _identify(.) by extensions ['colcon_meta']
[0.344s] [34mcolcon.colcon_core.package_identification[0m [1;30mLevel 1[0m _identify(.) by extension 'colcon_meta'
[0.344s] [34mcolcon.colcon_core.package_identification[0m [1;30mLevel 1[0m _identify(.) by extensions ['ros']
[0.344s] [34mcolcon.colcon_core.package_identification[0m [1;30mLevel 1[0m _identify(.) by extension 'ros'
[0.355s] [34mcolcon.colcon_core.package_identification[0m [1;30mLevel 1[0m _identify(.) by extensions ['cmake', 'python']
[0.355s] [34mcolcon.colcon_core.package_identification[0m [1;30mLevel 1[0m _identify(.) by extension 'cmake'
[0.355s] [34mcolcon.colcon_core.package_identification[0m [1;30mLevel 1[0m _identify(.) by extension 'python'
[0.355s] [34mcolcon.colcon_core.package_identification[0m [1;30mLevel 1[0m _identify(.) by extensions ['python_setup_py']
[0.355s] [34mcolcon.colcon_core.package_identification[0m [1;30mLevel 1[0m _identify(.) by extension 'python_setup_py'
[0.355s] [34mcolcon.colcon_core.package_identification[0m [1;30mLevel 1[0m _identify(build) by extensions ['ignore', 'ignore_ament_install']
[0.355s] [34mcolcon.colcon_core.package_identification[0m [1;30mLevel 1[0m _identify(build) by extension 'ignore'
[0.355s] [34mcolcon.colcon_core.package_identification[0m [1;30mLevel 1[0m _identify(build) ignored
[0.356s] [34mcolcon.colcon_core.package_identification[0m [1;30mLevel 1[0m _identify(install) by extensions ['ignore', 'ignore_ament_install']
[0.356s] [34mcolcon.colcon_core.package_identification[0m [1;30mLevel 1[0m _identify(install) by extension 'ignore'
[0.356s] [34mcolcon.colcon_core.package_identification[0m [1;30mLevel 1[0m _identify(install) ignored
[0.356s] [34mcolcon.colcon_core.package_identification[0m [1;30mLevel 1[0m _identify(log) by extensions ['ignore', 'ignore_ament_install']
[0.356s] [34mcolcon.colcon_core.package_identification[0m [1;30mLevel 1[0m _identify(log) by extension 'ignore'
[0.356s] [34mcolcon.colcon_core.package_identification[0m [1;30mLevel 1[0m _identify(log) ignored
[0.356s] [34mcolcon.colcon_core.package_identification[0m [1;30mLevel 1[0m _identify(src) by extensions ['ignore', 'ignore_ament_install']
[0.356s] [34mcolcon.colcon_core.package_identification[0m [1;30mLevel 1[0m _identify(src) by extension 'ignore'
[0.356s] [34mcolcon.colcon_core.package_identification[0m [1;30mLevel 1[0m _identify(src) by extension 'ignore_ament_install'
[0.356s] [34mcolcon.colcon_core.package_identification[0m [1;30mLevel 1[0m _identify(src) by extensions ['colcon_pkg']
[0.356s] [34mcolcon.colcon_core.package_identification[0m [1;30mLevel 1[0m _identify(src) by extension 'colcon_pkg'
[0.356s] [34mcolcon.colcon_core.package_identification[0m [1;30mLevel 1[0m _identify(src) by extensions ['colcon_meta']
[0.356s] [34mcolcon.colcon_core.package_identification[0m [1;30mLevel 1[0m _identify(src) by extension 'colcon_meta'
[0.356s] [34mcolcon.colcon_core.package_identification[0m [1;30mLevel 1[0m _identify(src) by extensions ['ros']
[0.356s] [34mcolcon.colcon_core.package_identification[0m [1;30mLevel 1[0m _identify(src) by extension 'ros'
[0.356s] [34mcolcon.colcon_core.package_identification[0m [1;30mLevel 1[0m _identify(src) by extensions ['cmake', 'python']
[0.356s] [34mcolcon.colcon_core.package_identification[0m [1;30mLevel 1[0m _identify(src) by extension 'cmake'
[0.360s] [34mcolcon.colcon_cmake.package_identification.cmake[0m [1;30mWARNING[0m [33mIgnoring 'src/CMakeLists.txt' since it seems to be a toplevel CMake file generated by 'catkin_make'[0m
[0.360s] [34mcolcon.colcon_core.package_identification[0m [1;30mLevel 1[0m _identify(src) by extension 'python'
[0.360s] [34mcolcon.colcon_core.package_identification[0m [1;30mLevel 1[0m _identify(src) by extensions ['python_setup_py']
[0.360s] [34mcolcon.colcon_core.package_identification[0m [1;30mLevel 1[0m _identify(src) by extension 'python_setup_py'
[0.360s] [34mcolcon.colcon_core.package_identification[0m [1;30mLevel 1[0m _identify(src/robot_joint_controller) by extensions ['ignore', 'ignore_ament_install']
[0.360s] [34mcolcon.colcon_core.package_identification[0m [1;30mLevel 1[0m _identify(src/robot_joint_controller) by extension 'ignore'
[0.360s] [34mcolcon.colcon_core.package_identification[0m [1;30mLevel 1[0m _identify(src/robot_joint_controller) by extension 'ignore_ament_install'
[0.360s] [34mcolcon.colcon_core.package_identification[0m [1;30mLevel 1[0m _identify(src/robot_joint_controller) by extensions ['colcon_pkg']
[0.360s] [34mcolcon.colcon_core.package_identification[0m [1;30mLevel 1[0m _identify(src/robot_joint_controller) by extension 'colcon_pkg'
[0.360s] [34mcolcon.colcon_core.package_identification[0m [1;30mLevel 1[0m _identify(src/robot_joint_controller) by extensions ['colcon_meta']
[0.360s] [34mcolcon.colcon_core.package_identification[0m [1;30mLevel 1[0m _identify(src/robot_joint_controller) by extension 'colcon_meta'
[0.360s] [34mcolcon.colcon_core.package_identification[0m [1;30mLevel 1[0m _identify(src/robot_joint_controller) by extensions ['ros']
[0.360s] [34mcolcon.colcon_core.package_identification[0m [1;30mLevel 1[0m _identify(src/robot_joint_controller) by extension 'ros'
[0.363s] [34mcolcon.colcon_core.package_identification[0m [1;30mDEBUG[0m [32mPackage 'src/robot_joint_controller' with type 'ros.catkin' and name 'robot_joint_controller'[0m
[0.363s] [34mcolcon.colcon_core.package_identification[0m [1;30mLevel 1[0m _identify(src/robot_msgs) by extensions ['ignore', 'ignore_ament_install']
[0.363s] [34mcolcon.colcon_core.package_identification[0m [1;30mLevel 1[0m _identify(src/robot_msgs) by extension 'ignore'
[0.363s] [34mcolcon.colcon_core.package_identification[0m [1;30mLevel 1[0m _identify(src/robot_msgs) by extension 'ignore_ament_install'
[0.363s] [34mcolcon.colcon_core.package_identification[0m [1;30mLevel 1[0m _identify(src/robot_msgs) by extensions ['colcon_pkg']
[0.363s] [34mcolcon.colcon_core.package_identification[0m [1;30mLevel 1[0m _identify(src/robot_msgs) by extension 'colcon_pkg'
[0.363s] [34mcolcon.colcon_core.package_identification[0m [1;30mLevel 1[0m _identify(src/robot_msgs) by extensions ['colcon_meta']
[0.363s] [34mcolcon.colcon_core.package_identification[0m [1;30mLevel 1[0m _identify(src/robot_msgs) by extension 'colcon_meta'
[0.363s] [34mcolcon.colcon_core.package_identification[0m [1;30mLevel 1[0m _identify(src/robot_msgs) by extensions ['ros']
[0.363s] [34mcolcon.colcon_core.package_identification[0m [1;30mLevel 1[0m _identify(src/robot_msgs) by extension 'ros'
[0.364s] [34mcolcon.colcon_core.package_identification[0m [1;30mDEBUG[0m [32mPackage 'src/robot_msgs' with type 'ros.ament_cmake' and name 'robot_msgs'[0m
[0.364s] [34mcolcon.colcon_core.package_identification[0m [1;30mLevel 1[0m _identify(src/robots) by extensions ['ignore', 'ignore_ament_install']
[0.364s] [34mcolcon.colcon_core.package_identification[0m [1;30mLevel 1[0m _identify(src/robots) by extension 'ignore'
[0.364s] [34mcolcon.colcon_core.package_identification[0m [1;30mLevel 1[0m _identify(src/robots) by extension 'ignore_ament_install'
[0.364s] [34mcolcon.colcon_core.package_identification[0m [1;30mLevel 1[0m _identify(src/robots) by extensions ['colcon_pkg']
[0.364s] [34mcolcon.colcon_core.package_identification[0m [1;30mLevel 1[0m _identify(src/robots) by extension 'colcon_pkg'
[0.364s] [34mcolcon.colcon_core.package_identification[0m [1;30mLevel 1[0m _identify(src/robots) by extensions ['colcon_meta']
[0.364s] [34mcolcon.colcon_core.package_identification[0m [1;30mLevel 1[0m _identify(src/robots) by extension 'colcon_meta'
[0.364s] [34mcolcon.colcon_core.package_identification[0m [1;30mLevel 1[0m _identify(src/robots) by extensions ['ros']
[0.364s] [34mcolcon.colcon_core.package_identification[0m [1;30mLevel 1[0m _identify(src/robots) by extension 'ros'
[0.364s] [34mcolcon.colcon_core.package_identification[0m [1;30mLevel 1[0m _identify(src/robots) by extensions ['cmake', 'python']
[0.364s] [34mcolcon.colcon_core.package_identification[0m [1;30mLevel 1[0m _identify(src/robots) by extension 'cmake'
[0.364s] [34mcolcon.colcon_core.package_identification[0m [1;30mLevel 1[0m _identify(src/robots) by extension 'python'
[0.364s] [34mcolcon.colcon_core.package_identification[0m [1;30mLevel 1[0m _identify(src/robots) by extensions ['python_setup_py']
[0.364s] [34mcolcon.colcon_core.package_identification[0m [1;30mLevel 1[0m _identify(src/robots) by extension 'python_setup_py'
[0.364s] [34mcolcon.colcon_core.package_identification[0m [1;30mLevel 1[0m _identify(src/robots/a1_description) by extensions ['ignore', 'ignore_ament_install']
[0.364s] [34mcolcon.colcon_core.package_identification[0m [1;30mLevel 1[0m _identify(src/robots/a1_description) by extension 'ignore'
[0.364s] [34mcolcon.colcon_core.package_identification[0m [1;30mLevel 1[0m _identify(src/robots/a1_description) by extension 'ignore_ament_install'
[0.364s] [34mcolcon.colcon_core.package_identification[0m [1;30mLevel 1[0m _identify(src/robots/a1_description) by extensions ['colcon_pkg']
[0.364s] [34mcolcon.colcon_core.package_identification[0m [1;30mLevel 1[0m _identify(src/robots/a1_description) by extension 'colcon_pkg'
[0.364s] [34mcolcon.colcon_core.package_identification[0m [1;30mLevel 1[0m _identify(src/robots/a1_description) by extensions ['colcon_meta']
[0.365s] [34mcolcon.colcon_core.package_identification[0m [1;30mLevel 1[0m _identify(src/robots/a1_description) by extension 'colcon_meta'
[0.365s] [34mcolcon.colcon_core.package_identification[0m [1;30mLevel 1[0m _identify(src/robots/a1_description) by extensions ['ros']
[0.365s] [34mcolcon.colcon_core.package_identification[0m [1;30mLevel 1[0m _identify(src/robots/a1_description) by extension 'ros'
[0.365s] [34mcolcon.colcon_core.package_identification[0m [1;30mDEBUG[0m [32mPackage 'src/robots/a1_description' with type 'ros.catkin' and name 'a1_description'[0m
[0.365s] [34mcolcon.colcon_core.package_identification[0m [1;30mLevel 1[0m _identify(src/robots/gh1_description) by extensions ['ignore', 'ignore_ament_install']
[0.365s] [34mcolcon.colcon_core.package_identification[0m [1;30mLevel 1[0m _identify(src/robots/gh1_description) by extension 'ignore'
[0.365s] [34mcolcon.colcon_core.package_identification[0m [1;30mLevel 1[0m _identify(src/robots/gh1_description) by extension 'ignore_ament_install'
[0.365s] [34mcolcon.colcon_core.package_identification[0m [1;30mLevel 1[0m _identify(src/robots/gh1_description) by extensions ['colcon_pkg']
[0.365s] [34mcolcon.colcon_core.package_identification[0m [1;30mLevel 1[0m _identify(src/robots/gh1_description) by extension 'colcon_pkg'
[0.365s] [34mcolcon.colcon_core.package_identification[0m [1;30mLevel 1[0m _identify(src/robots/gh1_description) by extensions ['colcon_meta']
[0.365s] [34mcolcon.colcon_core.package_identification[0m [1;30mLevel 1[0m _identify(src/robots/gh1_description) by extension 'colcon_meta'
[0.365s] [34mcolcon.colcon_core.package_identification[0m [1;30mLevel 1[0m _identify(src/robots/gh1_description) by extensions ['ros']
[0.365s] [34mcolcon.colcon_core.package_identification[0m [1;30mLevel 1[0m _identify(src/robots/gh1_description) by extension 'ros'
[0.367s] [34mcolcon.colcon_core.package_identification[0m [1;30mDEBUG[0m [32mPackage 'src/robots/gh1_description' with type 'ros.catkin' and name 'gh1_description'[0m
[0.367s] [34mcolcon.colcon_core.package_identification[0m [1;30mLevel 1[0m _identify(src/robots/go1_description) by extensions ['ignore', 'ignore_ament_install']
[0.367s] [34mcolcon.colcon_core.package_identification[0m [1;30mLevel 1[0m _identify(src/robots/go1_description) by extension 'ignore'
[0.367s] [34mcolcon.colcon_core.package_identification[0m [1;30mLevel 1[0m _identify(src/robots/go1_description) by extension 'ignore_ament_install'
[0.367s] [34mcolcon.colcon_core.package_identification[0m [1;30mLevel 1[0m _identify(src/robots/go1_description) by extensions ['colcon_pkg']
[0.367s] [34mcolcon.colcon_core.package_identification[0m [1;30mLevel 1[0m _identify(src/robots/go1_description) by extension 'colcon_pkg'
[0.367s] [34mcolcon.colcon_core.package_identification[0m [1;30mLevel 1[0m _identify(src/robots/go1_description) by extensions ['colcon_meta']
[0.367s] [34mcolcon.colcon_core.package_identification[0m [1;30mLevel 1[0m _identify(src/robots/go1_description) by extension 'colcon_meta'
[0.367s] [34mcolcon.colcon_core.package_identification[0m [1;30mLevel 1[0m _identify(src/robots/go1_description) by extensions ['ros']
[0.368s] [34mcolcon.colcon_core.package_identification[0m [1;30mLevel 1[0m _identify(src/robots/go1_description) by extension 'ros'
[0.368s] [34mcolcon.colcon_core.package_identification[0m [1;30mDEBUG[0m [32mPackage 'src/robots/go1_description' with type 'ros.catkin' and name 'go1_description'[0m
[0.368s] [34mcolcon.colcon_core.package_identification[0m [1;30mLevel 1[0m _identify(src/robots/gr1t1_description) by extensions ['ignore', 'ignore_ament_install']
[0.368s] [34mcolcon.colcon_core.package_identification[0m [1;30mLevel 1[0m _identify(src/robots/gr1t1_description) by extension 'ignore'
[0.368s] [34mcolcon.colcon_core.package_identification[0m [1;30mLevel 1[0m _identify(src/robots/gr1t1_description) by extension 'ignore_ament_install'
[0.368s] [34mcolcon.colcon_core.package_identification[0m [1;30mLevel 1[0m _identify(src/robots/gr1t1_description) by extensions ['colcon_pkg']
[0.369s] [34mcolcon.colcon_core.package_identification[0m [1;30mLevel 1[0m _identify(src/robots/gr1t1_description) by extension 'colcon_pkg'
[0.369s] [34mcolcon.colcon_core.package_identification[0m [1;30mLevel 1[0m _identify(src/robots/gr1t1_description) by extensions ['colcon_meta']
[0.369s] [34mcolcon.colcon_core.package_identification[0m [1;30mLevel 1[0m _identify(src/robots/gr1t1_description) by extension 'colcon_meta'
[0.369s] [34mcolcon.colcon_core.package_identification[0m [1;30mLevel 1[0m _identify(src/robots/gr1t1_description) by extensions ['ros']
[0.369s] [34mcolcon.colcon_core.package_identification[0m [1;30mLevel 1[0m _identify(src/robots/gr1t1_description) by extension 'ros'
[0.369s] [34mcolcon.colcon_core.package_identification[0m [1;30mDEBUG[0m [32mPackage 'src/robots/gr1t1_description' with type 'ros.catkin' and name 'gr1t1_description'[0m
[0.369s] [34mcolcon.colcon_core.package_identification[0m [1;30mLevel 1[0m _identify(src/robots/gr1t2_description) by extensions ['ignore', 'ignore_ament_install']
[0.369s] [34mcolcon.colcon_core.package_identification[0m [1;30mLevel 1[0m _identify(src/robots/gr1t2_description) by extension 'ignore'
[0.369s] [34mcolcon.colcon_core.package_identification[0m [1;30mLevel 1[0m _identify(src/robots/gr1t2_description) by extension 'ignore_ament_install'
[0.370s] [34mcolcon.colcon_core.package_identification[0m [1;30mLevel 1[0m _identify(src/robots/gr1t2_description) by extensions ['colcon_pkg']
[0.370s] [34mcolcon.colcon_core.package_identification[0m [1;30mLevel 1[0m _identify(src/robots/gr1t2_description) by extension 'colcon_pkg'
[0.370s] [34mcolcon.colcon_core.package_identification[0m [1;30mLevel 1[0m _identify(src/robots/gr1t2_description) by extensions ['colcon_meta']
[0.370s] [34mcolcon.colcon_core.package_identification[0m [1;30mLevel 1[0m _identify(src/robots/gr1t2_description) by extension 'colcon_meta'
[0.370s] [34mcolcon.colcon_core.package_identification[0m [1;30mLevel 1[0m _identify(src/robots/gr1t2_description) by extensions ['ros']
[0.370s] [34mcolcon.colcon_core.package_identification[0m [1;30mLevel 1[0m _identify(src/robots/gr1t2_description) by extension 'ros'
[0.371s] [34mcolcon.colcon_core.package_identification[0m [1;30mDEBUG[0m [32mPackage 'src/robots/gr1t2_description' with type 'ros.catkin' and name 'gr1t2_description'[0m
[0.371s] [34mcolcon.colcon_core.package_identification[0m [1;30mLevel 1[0m _identify(src/robots/iris_description) by extensions ['ignore', 'ignore_ament_install']
[0.371s] [34mcolcon.colcon_core.package_identification[0m [1;30mLevel 1[0m _identify(src/robots/iris_description) by extension 'ignore'
[0.371s] [34mcolcon.colcon_core.package_identification[0m [1;30mLevel 1[0m _identify(src/robots/iris_description) by extension 'ignore_ament_install'
[0.371s] [34mcolcon.colcon_core.package_identification[0m [1;30mLevel 1[0m _identify(src/robots/iris_description) by extensions ['colcon_pkg']
[0.371s] [34mcolcon.colcon_core.package_identification[0m [1;30mLevel 1[0m _identify(src/robots/iris_description) by extension 'colcon_pkg'
[0.371s] [34mcolcon.colcon_core.package_identification[0m [1;30mLevel 1[0m _identify(src/robots/iris_description) by extensions ['colcon_meta']
[0.371s] [34mcolcon.colcon_core.package_identification[0m [1;30mLevel 1[0m _identify(src/robots/iris_description) by extension 'colcon_meta'
[0.371s] [34mcolcon.colcon_core.package_identification[0m [1;30mLevel 1[0m _identify(src/robots/iris_description) by extensions ['ros']
[0.371s] [34mcolcon.colcon_core.package_identification[0m [1;30mLevel 1[0m _identify(src/robots/iris_description) by extension 'ros'
[0.381s] [34mcolcon.colcon_core.package_identification[0m [1;30mDEBUG[0m [32mPackage 'src/robots/iris_description' with type 'ros.catkin' and name 'iris_description'[0m
[0.381s] [34mcolcon.colcon_core.package_identification[0m [1;30mLevel 1[0m _identify(src/robots/mz_description) by extensions ['ignore', 'ignore_ament_install']
[0.381s] [34mcolcon.colcon_core.package_identification[0m [1;30mLevel 1[0m _identify(src/robots/mz_description) by extension 'ignore'
[0.381s] [34mcolcon.colcon_core.package_identification[0m [1;30mLevel 1[0m _identify(src/robots/mz_description) by extension 'ignore_ament_install'
[0.381s] [34mcolcon.colcon_core.package_identification[0m [1;30mLevel 1[0m _identify(src/robots/mz_description) by extensions ['colcon_pkg']
[0.381s] [34mcolcon.colcon_core.package_identification[0m [1;30mLevel 1[0m _identify(src/robots/mz_description) by extension 'colcon_pkg'
[0.381s] [34mcolcon.colcon_core.package_identification[0m [1;30mLevel 1[0m _identify(src/robots/mz_description) by extensions ['colcon_meta']
[0.381s] [34mcolcon.colcon_core.package_identification[0m [1;30mLevel 1[0m _identify(src/robots/mz_description) by extension 'colcon_meta'
[0.381s] [34mcolcon.colcon_core.package_identification[0m [1;30mLevel 1[0m _identify(src/robots/mz_description) by extensions ['ros']
[0.381s] [34mcolcon.colcon_core.package_identification[0m [1;30mLevel 1[0m _identify(src/robots/mz_description) by extension 'ros'
[0.382s] [34mcolcon.colcon_core.package_identification[0m [1;30mDEBUG[0m [32mPackage 'src/robots/mz_description' with type 'ros.catkin' and name 'mz_description'[0m
[0.382s] [34mcolcon.colcon_core.package_identification[0m [1;30mLevel 1[0m _identify(src/robots/qa01_description) by extensions ['ignore', 'ignore_ament_install']
[0.382s] [34mcolcon.colcon_core.package_identification[0m [1;30mLevel 1[0m _identify(src/robots/qa01_description) by extension 'ignore'
[0.382s] [34mcolcon.colcon_core.package_identification[0m [1;30mLevel 1[0m _identify(src/robots/qa01_description) by extension 'ignore_ament_install'
[0.382s] [34mcolcon.colcon_core.package_identification[0m [1;30mLevel 1[0m _identify(src/robots/qa01_description) by extensions ['colcon_pkg']
[0.382s] [34mcolcon.colcon_core.package_identification[0m [1;30mLevel 1[0m _identify(src/robots/qa01_description) by extension 'colcon_pkg'
[0.382s] [34mcolcon.colcon_core.package_identification[0m [1;30mLevel 1[0m _identify(src/robots/qa01_description) by extensions ['colcon_meta']
[0.382s] [34mcolcon.colcon_core.package_identification[0m [1;30mLevel 1[0m _identify(src/robots/qa01_description) by extension 'colcon_meta'
[0.382s] [34mcolcon.colcon_core.package_identification[0m [1;30mLevel 1[0m _identify(src/robots/qa01_description) by extensions ['ros']
[0.382s] [34mcolcon.colcon_core.package_identification[0m [1;30mLevel 1[0m _identify(src/robots/qa01_description) by extension 'ros'
[0.383s] [34mcolcon.colcon_core.package_identification[0m [1;30mDEBUG[0m [32mPackage 'src/robots/qa01_description' with type 'ros.catkin' and name 'qa01_description'[0m
[0.383s] [34mcolcon.colcon_core.package_identification[0m [1;30mLevel 1[0m _identify(src/robots/rm_65_b_description) by extensions ['ignore', 'ignore_ament_install']
[0.383s] [34mcolcon.colcon_core.package_identification[0m [1;30mLevel 1[0m _identify(src/robots/rm_65_b_description) by extension 'ignore'
[0.383s] [34mcolcon.colcon_core.package_identification[0m [1;30mLevel 1[0m _identify(src/robots/rm_65_b_description) by extension 'ignore_ament_install'
[0.383s] [34mcolcon.colcon_core.package_identification[0m [1;30mLevel 1[0m _identify(src/robots/rm_65_b_description) by extensions ['colcon_pkg']
[0.383s] [34mcolcon.colcon_core.package_identification[0m [1;30mLevel 1[0m _identify(src/robots/rm_65_b_description) by extension 'colcon_pkg'
[0.383s] [34mcolcon.colcon_core.package_identification[0m [1;30mLevel 1[0m _identify(src/robots/rm_65_b_description) by extensions ['colcon_meta']
[0.383s] [34mcolcon.colcon_core.package_identification[0m [1;30mLevel 1[0m _identify(src/robots/rm_65_b_description) by extension 'colcon_meta'
[0.383s] [34mcolcon.colcon_core.package_identification[0m [1;30mLevel 1[0m _identify(src/robots/rm_65_b_description) by extensions ['ros']
[0.383s] [34mcolcon.colcon_core.package_identification[0m [1;30mLevel 1[0m _identify(src/robots/rm_65_b_description) by extension 'ros'
[0.384s] [34mcolcon.colcon_core.package_identification[0m [1;30mDEBUG[0m [32mPackage 'src/robots/rm_65_b_description' with type 'ros.catkin' and name 'rm_65_b_description'[0m
[0.384s] [34mcolcon.colcon_core.package_identification[0m [1;30mLevel 1[0m _identify(src/robots/seven_description) by extensions ['ignore', 'ignore_ament_install']
[0.384s] [34mcolcon.colcon_core.package_identification[0m [1;30mLevel 1[0m _identify(src/robots/seven_description) by extension 'ignore'
[0.384s] [34mcolcon.colcon_core.package_identification[0m [1;30mLevel 1[0m _identify(src/robots/seven_description) by extension 'ignore_ament_install'
[0.384s] [34mcolcon.colcon_core.package_identification[0m [1;30mLevel 1[0m _identify(src/robots/seven_description) by extensions ['colcon_pkg']
[0.384s] [34mcolcon.colcon_core.package_identification[0m [1;30mLevel 1[0m _identify(src/robots/seven_description) by extension 'colcon_pkg'
[0.384s] [34mcolcon.colcon_core.package_identification[0m [1;30mLevel 1[0m _identify(src/robots/seven_description) by extensions ['colcon_meta']
[0.384s] [34mcolcon.colcon_core.package_identification[0m [1;30mLevel 1[0m _identify(src/robots/seven_description) by extension 'colcon_meta'
[0.384s] [34mcolcon.colcon_core.package_identification[0m [1;30mLevel 1[0m _identify(src/robots/seven_description) by extensions ['ros']
[0.384s] [34mcolcon.colcon_core.package_identification[0m [1;30mLevel 1[0m _identify(src/robots/seven_description) by extension 'ros'
[0.385s] [34mcolcon.colcon_core.package_identification[0m [1;30mDEBUG[0m [32mPackage 'src/robots/seven_description' with type 'ros.catkin' and name 'seven_description'[0m
[0.385s] [34mcolcon.colcon_core.package_identification[0m [1;30mLevel 1[0m _identify(src/robots/sz_description) by extensions ['ignore', 'ignore_ament_install']
[0.385s] [34mcolcon.colcon_core.package_identification[0m [1;30mLevel 1[0m _identify(src/robots/sz_description) by extension 'ignore'
[0.386s] [34mcolcon.colcon_core.package_identification[0m [1;30mLevel 1[0m _identify(src/robots/sz_description) by extension 'ignore_ament_install'
[0.386s] [34mcolcon.colcon_core.package_identification[0m [1;30mLevel 1[0m _identify(src/robots/sz_description) by extensions ['colcon_pkg']
[0.386s] [34mcolcon.colcon_core.package_identification[0m [1;30mLevel 1[0m _identify(src/robots/sz_description) by extension 'colcon_pkg'
[0.386s] [34mcolcon.colcon_core.package_identification[0m [1;30mLevel 1[0m _identify(src/robots/sz_description) by extensions ['colcon_meta']
[0.386s] [34mcolcon.colcon_core.package_identification[0m [1;30mLevel 1[0m _identify(src/robots/sz_description) by extension 'colcon_meta'
[0.386s] [34mcolcon.colcon_core.package_identification[0m [1;30mLevel 1[0m _identify(src/robots/sz_description) by extensions ['ros']
[0.386s] [34mcolcon.colcon_core.package_identification[0m [1;30mLevel 1[0m _identify(src/robots/sz_description) by extension 'ros'
[0.386s] [34mcolcon.colcon_core.package_identification[0m [1;30mDEBUG[0m [32mPackage 'src/robots/sz_description' with type 'ros.catkin' and name 'sz_description'[0m
[0.386s] [34mcolcon.colcon_core.package_identification[0m [1;30mLevel 1[0m _identify(src/simulation_all) by extensions ['ignore', 'ignore_ament_install']
[0.386s] [34mcolcon.colcon_core.package_identification[0m [1;30mLevel 1[0m _identify(src/simulation_all) by extension 'ignore'
[0.386s] [34mcolcon.colcon_core.package_identification[0m [1;30mLevel 1[0m _identify(src/simulation_all) by extension 'ignore_ament_install'
[0.386s] [34mcolcon.colcon_core.package_identification[0m [1;30mLevel 1[0m _identify(src/simulation_all) by extensions ['colcon_pkg']
[0.386s] [34mcolcon.colcon_core.package_identification[0m [1;30mLevel 1[0m _identify(src/simulation_all) by extension 'colcon_pkg'
[0.387s] [34mcolcon.colcon_core.package_identification[0m [1;30mLevel 1[0m _identify(src/simulation_all) by extensions ['colcon_meta']
[0.387s] [34mcolcon.colcon_core.package_identification[0m [1;30mLevel 1[0m _identify(src/simulation_all) by extension 'colcon_meta'
[0.387s] [34mcolcon.colcon_core.package_identification[0m [1;30mLevel 1[0m _identify(src/simulation_all) by extensions ['ros']
[0.387s] [34mcolcon.colcon_core.package_identification[0m [1;30mLevel 1[0m _identify(src/simulation_all) by extension 'ros'
[0.387s] [34mcolcon.colcon_core.package_identification[0m [1;30mDEBUG[0m [32mPackage 'src/simulation_all' with type 'ros.catkin' and name 'simulation_all'[0m
[0.387s] [34mcolcon.colcon_core.package_discovery[0m [1;30mLevel 1[0m discover_packages(recursive) using defaults
[0.387s] [34mcolcon.colcon_core.package_discovery[0m [1;30mLevel 1[0m discover_packages(ignore) discover
[0.387s] [34mcolcon.colcon_core.package_discovery[0m [1;30mLevel 1[0m discover_packages(ignore) using defaults
[0.387s] [34mcolcon.colcon_core.package_discovery[0m [1;30mLevel 1[0m discover_packages(path) discover
[0.387s] [34mcolcon.colcon_core.package_discovery[0m [1;30mLevel 1[0m discover_packages(path) using defaults
[0.403s] [34mcolcon.colcon_core.package_selection[0m [1;30mINFO[0m Skipping not selected package 'a1_description' in 'src/robots/a1_description'
[0.403s] [34mcolcon.colcon_core.package_selection[0m [1;30mINFO[0m Skipping not selected package 'gh1_description' in 'src/robots/gh1_description'
[0.403s] [34mcolcon.colcon_core.package_selection[0m [1;30mINFO[0m Skipping not selected package 'go1_description' in 'src/robots/go1_description'
[0.403s] [34mcolcon.colcon_core.package_selection[0m [1;30mINFO[0m Skipping not selected package 'gr1t1_description' in 'src/robots/gr1t1_description'
[0.403s] [34mcolcon.colcon_core.package_selection[0m [1;30mINFO[0m Skipping not selected package 'gr1t2_description' in 'src/robots/gr1t2_description'
[0.403s] [34mcolcon.colcon_core.package_selection[0m [1;30mINFO[0m Skipping not selected package 'iris_description' in 'src/robots/iris_description'
[0.403s] [34mcolcon.colcon_core.package_selection[0m [1;30mINFO[0m Skipping not selected package 'mz_description' in 'src/robots/mz_description'
[0.403s] [34mcolcon.colcon_core.package_selection[0m [1;30mINFO[0m Skipping not selected package 'qa01_description' in 'src/robots/qa01_description'
[0.403s] [34mcolcon.colcon_core.package_selection[0m [1;30mINFO[0m Skipping not selected package 'rm_65_b_description' in 'src/robots/rm_65_b_description'
[0.403s] [34mcolcon.colcon_core.package_selection[0m [1;30mINFO[0m Skipping not selected package 'seven_description' in 'src/robots/seven_description'
[0.403s] [34mcolcon.colcon_core.package_selection[0m [1;30mINFO[0m Skipping not selected package 'sz_description' in 'src/robots/sz_description'
[0.403s] [34mcolcon.colcon_core.package_selection[0m [1;30mINFO[0m Skipping not selected package 'robot_joint_controller' in 'src/robot_joint_controller'
[0.403s] [34mcolcon.colcon_core.package_selection[0m [1;30mINFO[0m Skipping not selected package 'simulation_all' in 'src/simulation_all'
[0.403s] [34mcolcon.colcon_core.package_discovery[0m [1;30mLevel 1[0m discover_packages(prefix_path) check parameters
[0.403s] [34mcolcon.colcon_core.package_discovery[0m [1;30mLevel 1[0m discover_packages(prefix_path) discover
[0.406s] [34mcolcon.colcon_installed_package_information.package_discovery[0m [1;30mDEBUG[0m [32mFound 371 installed packages in /opt/ros/foxy[0m
[0.408s] [34mcolcon.colcon_core.package_discovery[0m [1;30mLevel 1[0m discover_packages(prefix_path) using defaults
[0.471s] [34mcolcon.colcon_core.verb[0m [1;30mLevel 5[0m set package 'robot_msgs' build argument 'cmake_args' from command line to 'None'
[0.471s] [34mcolcon.colcon_core.verb[0m [1;30mLevel 5[0m set package 'robot_msgs' build argument 'cmake_target' from command line to 'None'
[0.471s] [34mcolcon.colcon_core.verb[0m [1;30mLevel 5[0m set package 'robot_msgs' build argument 'cmake_target_skip_unavailable' from command line to 'False'
[0.472s] [34mcolcon.colcon_core.verb[0m [1;30mLevel 5[0m set package 'robot_msgs' build argument 'cmake_clean_cache' from command line to 'False'
[0.472s] [34mcolcon.colcon_core.verb[0m [1;30mLevel 5[0m set package 'robot_msgs' build argument 'cmake_clean_first' from command line to 'False'
[0.472s] [34mcolcon.colcon_core.verb[0m [1;30mLevel 5[0m set package 'robot_msgs' build argument 'cmake_force_configure' from command line to 'False'
[0.472s] [34mcolcon.colcon_core.verb[0m [1;30mLevel 5[0m set package 'robot_msgs' build argument 'ament_cmake_args' from command line to 'None'
[0.472s] [34mcolcon.colcon_core.verb[0m [1;30mLevel 5[0m set package 'robot_msgs' build argument 'catkin_cmake_args' from command line to 'None'
[0.472s] [34mcolcon.colcon_core.verb[0m [1;30mLevel 5[0m set package 'robot_msgs' build argument 'catkin_skip_building_tests' from command line to 'False'
[0.472s] [34mcolcon.colcon_core.verb[0m [1;30mDEBUG[0m [32mBuilding package 'robot_msgs' with the following arguments: {'ament_cmake_args': None, 'build_base': '/home/wl/Documents/simulation_all_ros2/build/robot_msgs', 'catkin_cmake_args': None, 'catkin_skip_building_tests': False, 'cmake_args': None, 'cmake_clean_cache': False, 'cmake_clean_first': False, 'cmake_force_configure': False, 'cmake_target': None, 'cmake_target_skip_unavailable': False, 'install_base': '/home/wl/Documents/simulation_all_ros2/install/robot_msgs', 'merge_install': False, 'path': '/home/wl/Documents/simulation_all_ros2/src/robot_msgs', 'symlink_install': False, 'test_result_base': None}[0m
[0.472s] [34mcolcon.colcon_core.executor[0m [1;30mINFO[0m Executing jobs using 'parallel' executor
[0.473s] [34mcolcon.colcon_parallel_executor.executor.parallel[0m [1;30mDEBUG[0m [32mrun_until_complete[0m
[0.473s] [34mcolcon.colcon_ros.task.ament_cmake.build[0m [1;30mINFO[0m Building ROS package in '/home/wl/Documents/simulation_all_ros2/src/robot_msgs' with build type 'ament_cmake'
[0.473s] [34mcolcon.colcon_cmake.task.cmake.build[0m [1;30mINFO[0m Building CMake package in '/home/wl/Documents/simulation_all_ros2/src/robot_msgs'
[0.475s] [34mcolcon.colcon_core.plugin_system[0m [1;30mINFO[0m Skipping extension 'colcon_core.shell.bat': Not used on non-Windows systems
[0.476s] [34mcolcon.colcon_core.shell[0m [1;30mINFO[0m Skip shell extension 'powershell' for command environment: Not usable outside of PowerShell
[0.476s] [34mcolcon.colcon_core.shell[0m [1;30mDEBUG[0m [32mSkip shell extension 'dsv' for command environment[0m
[0.483s] [34mcolcon.colcon_core.event_handler.log_command[0m [1;30mDEBUG[0m [32mInvoking command in '/home/wl/Documents/simulation_all_ros2/build/robot_msgs': CMAKE_PREFIX_PATH=/opt/ros/foxy /usr/bin/cmake /home/wl/Documents/simulation_all_ros2/src/robot_msgs -DCMAKE_INSTALL_PREFIX=/home/wl/Documents/simulation_all_ros2/install/robot_msgs[0m
[1.583s] [34mcolcon.colcon_core.event_handler.log_command[0m [1;30mDEBUG[0m [32mInvoked command in '/home/wl/Documents/simulation_all_ros2/build/robot_msgs' returned '1': CMAKE_PREFIX_PATH=/opt/ros/foxy /usr/bin/cmake /home/wl/Documents/simulation_all_ros2/src/robot_msgs -DCMAKE_INSTALL_PREFIX=/home/wl/Documents/simulation_all_ros2/install/robot_msgs[0m
[1.593s] [34mcolcon.colcon_core.environment[0m [1;30mLevel 1[0m create_environment_scripts_only(robot_msgs)
[1.596s] [34mcolcon.colcon_core.environment[0m [1;30mLevel 1[0m checking '/home/wl/Documents/simulation_all_ros2/install/robot_msgs' for CMake module files
[1.596s] [34mcolcon.colcon_core.environment[0m [1;30mLevel 1[0m checking '/home/wl/Documents/simulation_all_ros2/install/robot_msgs' for CMake config files
[1.597s] [34mcolcon.colcon_core.environment[0m [1;30mLevel 1[0m checking '/home/wl/Documents/simulation_all_ros2/install/robot_msgs/bin'
[1.597s] [34mcolcon.colcon_core.environment[0m [1;30mLevel 1[0m checking '/home/wl/Documents/simulation_all_ros2/install/robot_msgs/lib/pkgconfig/robot_msgs.pc'
[1.597s] [34mcolcon.colcon_core.environment[0m [1;30mLevel 1[0m checking '/home/wl/Documents/simulation_all_ros2/install/robot_msgs/lib/python3.8/site-packages'
[1.597s] [34mcolcon.colcon_core.environment[0m [1;30mLevel 1[0m checking '/home/wl/Documents/simulation_all_ros2/install/robot_msgs/bin'
[1.597s] [34mcolcon.colcon_core.shell[0m [1;30mINFO[0m Creating package script '/home/wl/Documents/simulation_all_ros2/install/robot_msgs/share/robot_msgs/package.ps1'
[1.598s] [34mcolcon.colcon_core.shell[0m [1;30mINFO[0m Creating package descriptor '/home/wl/Documents/simulation_all_ros2/install/robot_msgs/share/robot_msgs/package.dsv'
[1.598s] [34mcolcon.colcon_core.shell[0m [1;30mINFO[0m Creating package script '/home/wl/Documents/simulation_all_ros2/install/robot_msgs/share/robot_msgs/package.sh'
[1.599s] [34mcolcon.colcon_core.shell[0m [1;30mINFO[0m Creating package script '/home/wl/Documents/simulation_all_ros2/install/robot_msgs/share/robot_msgs/package.bash'
[1.600s] [34mcolcon.colcon_core.shell[0m [1;30mINFO[0m Creating package script '/home/wl/Documents/simulation_all_ros2/install/robot_msgs/share/robot_msgs/package.zsh'
[1.600s] [34mcolcon.colcon_core.environment[0m [1;30mLevel 1[0m create_file_with_runtime_dependencies(/home/wl/Documents/simulation_all_ros2/install/robot_msgs/share/colcon-core/packages/robot_msgs)
[1.611s] [34mcolcon.colcon_parallel_executor.executor.parallel[0m [1;30mDEBUG[0m [32mclosing loop[0m
[1.611s] [34mcolcon.colcon_parallel_executor.executor.parallel[0m [1;30mDEBUG[0m [32mloop closed[0m
[1.611s] [34mcolcon.colcon_parallel_executor.executor.parallel[0m [1;30mDEBUG[0m [32mrun_until_complete finished with '1'[0m
[1.611s] [34mcolcon.colcon_core.event_reactor[0m [1;30mDEBUG[0m [32mjoining thread[0m
[1.616s] [34mcolcon.colcon_core.plugin_system[0m [1;30mINFO[0m Skipping extension 'colcon_notification.desktop_notification.terminal_notifier': Not used on non-Darwin systems
[1.616s] [34mcolcon.colcon_core.plugin_system[0m [1;30mINFO[0m Skipping extension 'colcon_notification.desktop_notification.win32': Not used on non-Windows systems
[1.616s] [34mcolcon.colcon_notification.desktop_notification[0m [1;30mINFO[0m Sending desktop notification using 'notify2'
[1.628s] [34mcolcon.colcon_core.event_reactor[0m [1;30mDEBUG[0m [32mjoined thread[0m
[1.629s] [34mcolcon.colcon_core.shell[0m [1;30mINFO[0m Creating prefix script '/home/wl/Documents/simulation_all_ros2/install/local_setup.ps1'
[1.629s] [34mcolcon.colcon_core.shell[0m [1;30mINFO[0m Creating prefix util module '/home/wl/Documents/simulation_all_ros2/install/_local_setup_util_ps1.py'
[1.631s] [34mcolcon.colcon_core.shell[0m [1;30mINFO[0m Creating prefix chain script '/home/wl/Documents/simulation_all_ros2/install/setup.ps1'
[1.632s] [34mcolcon.colcon_core.shell[0m [1;30mINFO[0m Creating prefix script '/home/wl/Documents/simulation_all_ros2/install/local_setup.sh'
[1.632s] [34mcolcon.colcon_core.shell[0m [1;30mINFO[0m Creating prefix util module '/home/wl/Documents/simulation_all_ros2/install/_local_setup_util_sh.py'
[1.633s] [34mcolcon.colcon_core.shell[0m [1;30mINFO[0m Creating prefix chain script '/home/wl/Documents/simulation_all_ros2/install/setup.sh'
[1.633s] [34mcolcon.colcon_core.shell[0m [1;30mINFO[0m Creating prefix script '/home/wl/Documents/simulation_all_ros2/install/local_setup.bash'
[1.634s] [34mcolcon.colcon_core.shell[0m [1;30mINFO[0m Creating prefix chain script '/home/wl/Documents/simulation_all_ros2/install/setup.bash'
[1.635s] [34mcolcon.colcon_core.shell[0m [1;30mINFO[0m Creating prefix script '/home/wl/Documents/simulation_all_ros2/install/local_setup.zsh'
[1.635s] [34mcolcon.colcon_core.shell[0m [1;30mINFO[0m Creating prefix chain script '/home/wl/Documents/simulation_all_ros2/install/setup.zsh'
