-- The C compiler identification is GNU 9.4.0
-- The CXX compiler identification is GNU 9.4.0
-- Check for working C compiler: /usr/bin/cc
-- Check for working C compiler: /usr/bin/cc -- works
-- Detecting C compiler ABI info
-- Detecting C compiler ABI info - done
-- Detecting C compile features
-- Detecting C compile features - done
-- Check for working CXX compiler: /usr/bin/c++
-- Check for working CXX compiler: /usr/bin/c++ -- works
-- Detecting CXX compiler ABI info
-- Detecting CXX compiler ABI info - done
-- Detecting CXX compile features
-- Detecting CXX compile features - done
-- Found ament_cmake: 0.9.12 (/opt/ros/foxy/share/ament_cmake/cmake)
-- Found PythonInterp: /usr/bin/python3 (found suitable version "3.8.10", minimum required is "3") 
-- Using PYTHON_EXECUTABLE: /usr/bin/python3
-- Found rosidl_default_generators: 1.0.1 (/opt/ros/foxy/share/rosidl_default_generators/cmake)
-- Using all available rosidl_typesupport_c: rosidl_typesupport_fastrtps_c;rosidl_typesupport_introspection_c
-- Found rosidl_adapter: 1.3.1 (/opt/ros/foxy/share/rosidl_adapter/cmake)
-- Found OpenSSL: /usr/lib/x86_64-linux-gnu/libcrypto.so (found version "1.1.1f")  
-- Found FastRTPS: /opt/ros/foxy/include  
-- Using all available rosidl_typesupport_cpp: rosidl_typesupport_fastrtps_cpp;rosidl_typesupport_introspection_cpp
-- Found std_msgs: 2.0.5 (/opt/ros/foxy/share/std_msgs/cmake)
-- Found geometry_msgs: 2.0.5 (/opt/ros/foxy/share/geometry_msgs/cmake)
-- Found sensor_msgs: 2.0.5 (/opt/ros/foxy/share/sensor_msgs/cmake)
-- Found PythonInterp: /usr/bin/python3 (found version "3.8.10") 
-- Found ament_cmake_ros: 0.9.2 (/opt/ros/foxy/share/ament_cmake_ros/cmake)
-- Using all available rosidl_typesupport_c: rosidl_typesupport_fastrtps_c;rosidl_typesupport_introspection_c
-- Using all available rosidl_typesupport_cpp: rosidl_typesupport_fastrtps_cpp;rosidl_typesupport_introspection_cpp
-- Found PythonInterp: /usr/bin/python3 (found suitable version "3.8.10", minimum required is "3.5") 
-- Found python_cmake_module: 0.8.1 (/opt/ros/foxy/share/python_cmake_module/cmake)
-- Found PythonLibs: /usr/lib/x86_64-linux-gnu/libpython3.8.so (found suitable version "3.8.10", minimum required is "3.5") 
-- Using PYTHON_EXECUTABLE: /usr/bin/python3
-- Using PYTHON_INCLUDE_DIRS: /usr/include/python3.8
-- Using PYTHON_LIBRARIES: /usr/lib/x86_64-linux-gnu/libpython3.8.so
-- Found PythonExtra: .so  
-- Found ament_lint_auto: 0.9.8 (/opt/ros/foxy/share/ament_lint_auto/cmake)
-- Added test 'copyright' to check source files copyright and LICENSE
-- Added test 'lint_cmake' to check CMake code style
-- Added test 'xmllint' to check XML markup files
-- Configuring done
-- Generating done
-- Build files have been written to: /home/ww/Documents/simulation_all_ros2/build/robot_msgs
[35m[1mScanning dependencies of target robot_msgs__cpp[0m
[  1%] [34m[1mGenerating C code for ROS interfaces[0m
[  3%] [34m[1mGenerating C++ code for ROS interfaces[0m
[  3%] Built target robot_msgs__cpp
[  6%] [34m[1mGenerating C++ type support for eProsima Fast-RTPS[0m
[  6%] [34m[1mGenerating C++ type support dispatch for ROS interfaces[0m
[  7%] [34m[1mGenerating C++ introspection for ROS interfaces[0m
[35m[1mScanning dependencies of target robot_msgs__rosidl_generator_c[0m
[ 15%] [32mBuilding C object CMakeFiles/robot_msgs__rosidl_generator_c.dir/rosidl_generator_c/robot_msgs/msg/detail/robot_command__functions.c.o[0m
[ 15%] [32mBuilding C object CMakeFiles/robot_msgs__rosidl_generator_c.dir/rosidl_generator_c/robot_msgs/msg/detail/motor_state__functions.c.o[0m
[ 15%] [32mBuilding C object CMakeFiles/robot_msgs__rosidl_generator_c.dir/rosidl_generator_c/robot_msgs/msg/detail/motor_command__functions.c.o[0m
[ 15%] [32mBuilding C object CMakeFiles/robot_msgs__rosidl_generator_c.dir/rosidl_generator_c/robot_msgs/msg/detail/robot_state__functions.c.o[0m
[ 15%] [32mBuilding C object CMakeFiles/robot_msgs__rosidl_generator_c.dir/rosidl_generator_c/robot_msgs/msg/detail/imu__functions.c.o[0m
[ 17%] [32m[1mLinking C shared library librobot_msgs__rosidl_generator_c.so[0m
[ 17%] Built target robot_msgs__rosidl_generator_c
[ 20%] [34m[1mGenerating C type support dispatch for ROS interfaces[0m
[ 20%] [34m[1mGenerating C introspection for ROS interfaces[0m
[35m[1mScanning dependencies of target robot_msgs__rosidl_typesupport_cpp[0m
[ 22%] [32mBuilding CXX object CMakeFiles/robot_msgs__rosidl_typesupport_cpp.dir/rosidl_typesupport_cpp/robot_msgs/msg/imu__type_support.cpp.o[0m
[ 23%] [32mBuilding CXX object CMakeFiles/robot_msgs__rosidl_typesupport_cpp.dir/rosidl_typesupport_cpp/robot_msgs/msg/robot_command__type_support.cpp.o[0m
[ 26%] [32mBuilding CXX object CMakeFiles/robot_msgs__rosidl_typesupport_cpp.dir/rosidl_typesupport_cpp/robot_msgs/msg/motor_command__type_support.cpp.o[0m
[ 26%] [32mBuilding CXX object CMakeFiles/robot_msgs__rosidl_typesupport_cpp.dir/rosidl_typesupport_cpp/robot_msgs/msg/motor_state__type_support.cpp.o[0m
[ 28%] [32mBuilding CXX object CMakeFiles/robot_msgs__rosidl_typesupport_cpp.dir/rosidl_typesupport_cpp/robot_msgs/msg/robot_state__type_support.cpp.o[0m
[35m[1mScanning dependencies of target robot_msgs__rosidl_typesupport_introspection_cpp[0m
[ 30%] [32mBuilding CXX object CMakeFiles/robot_msgs__rosidl_typesupport_introspection_cpp.dir/rosidl_typesupport_introspection_cpp/robot_msgs/msg/detail/motor_command__type_support.cpp.o[0m
[ 31%] [32mBuilding CXX object CMakeFiles/robot_msgs__rosidl_typesupport_introspection_cpp.dir/rosidl_typesupport_introspection_cpp/robot_msgs/msg/detail/motor_state__type_support.cpp.o[0m
[ 33%] [32mBuilding CXX object CMakeFiles/robot_msgs__rosidl_typesupport_introspection_cpp.dir/rosidl_typesupport_introspection_cpp/robot_msgs/msg/detail/robot_state__type_support.cpp.o[0m
[35m[1mScanning dependencies of target robot_msgs__rosidl_typesupport_fastrtps_cpp[0m
[ 34%] [32mBuilding CXX object CMakeFiles/robot_msgs__rosidl_typesupport_introspection_cpp.dir/rosidl_typesupport_introspection_cpp/robot_msgs/msg/detail/robot_command__type_support.cpp.o[0m
[ 36%] [32mBuilding CXX object CMakeFiles/robot_msgs__rosidl_typesupport_fastrtps_cpp.dir/rosidl_typesupport_fastrtps_cpp/robot_msgs/msg/detail/dds_fastrtps/motor_command__type_support.cpp.o[0m
[35m[1mScanning dependencies of target robot_msgs__rosidl_typesupport_c[0m
[ 38%] [32mBuilding CXX object CMakeFiles/robot_msgs__rosidl_typesupport_c.dir/rosidl_typesupport_c/robot_msgs/msg/motor_command__type_support.cpp.o[0m
[ 39%] [32mBuilding CXX object CMakeFiles/robot_msgs__rosidl_typesupport_c.dir/rosidl_typesupport_c/robot_msgs/msg/motor_state__type_support.cpp.o[0m
[ 41%] [32mBuilding CXX object CMakeFiles/robot_msgs__rosidl_typesupport_c.dir/rosidl_typesupport_c/robot_msgs/msg/robot_command__type_support.cpp.o[0m
[ 42%] [32mBuilding CXX object CMakeFiles/robot_msgs__rosidl_typesupport_c.dir/rosidl_typesupport_c/robot_msgs/msg/robot_state__type_support.cpp.o[0m
[ 44%] [32mBuilding CXX object CMakeFiles/robot_msgs__rosidl_typesupport_introspection_cpp.dir/rosidl_typesupport_introspection_cpp/robot_msgs/msg/detail/imu__type_support.cpp.o[0m
[ 46%] [32mBuilding CXX object CMakeFiles/robot_msgs__rosidl_typesupport_c.dir/rosidl_typesupport_c/robot_msgs/msg/imu__type_support.cpp.o[0m
[ 47%] [32mBuilding CXX object CMakeFiles/robot_msgs__rosidl_typesupport_fastrtps_cpp.dir/rosidl_typesupport_fastrtps_cpp/robot_msgs/msg/detail/dds_fastrtps/robot_command__type_support.cpp.o[0m
[ 49%] [32mBuilding CXX object CMakeFiles/robot_msgs__rosidl_typesupport_fastrtps_cpp.dir/rosidl_typesupport_fastrtps_cpp/robot_msgs/msg/detail/dds_fastrtps/robot_state__type_support.cpp.o[0m
[ 50%] [32mBuilding CXX object CMakeFiles/robot_msgs__rosidl_typesupport_fastrtps_cpp.dir/rosidl_typesupport_fastrtps_cpp/robot_msgs/msg/detail/dds_fastrtps/motor_state__type_support.cpp.o[0m
[35m[1mScanning dependencies of target robot_msgs__rosidl_typesupport_introspection_c[0m
[ 52%] [32m[1mLinking CXX shared library librobot_msgs__rosidl_typesupport_cpp.so[0m
[ 53%] [32m[1mLinking CXX shared library librobot_msgs__rosidl_typesupport_c.so[0m
[ 55%] [32mBuilding C object CMakeFiles/robot_msgs__rosidl_typesupport_introspection_c.dir/rosidl_typesupport_introspection_c/robot_msgs/msg/detail/motor_command__type_support.c.o[0m
[ 57%] [32mBuilding CXX object CMakeFiles/robot_msgs__rosidl_typesupport_fastrtps_cpp.dir/rosidl_typesupport_fastrtps_cpp/robot_msgs/msg/detail/dds_fastrtps/imu__type_support.cpp.o[0m
[ 58%] [32mBuilding C object CMakeFiles/robot_msgs__rosidl_typesupport_introspection_c.dir/rosidl_typesupport_introspection_c/robot_msgs/msg/detail/motor_state__type_support.c.o[0m
[ 58%] Built target robot_msgs__rosidl_typesupport_cpp
[ 60%] [32mBuilding C object CMakeFiles/robot_msgs__rosidl_typesupport_introspection_c.dir/rosidl_typesupport_introspection_c/robot_msgs/msg/detail/robot_command__type_support.c.o[0m
[ 61%] [32mBuilding C object CMakeFiles/robot_msgs__rosidl_typesupport_introspection_c.dir/rosidl_typesupport_introspection_c/robot_msgs/msg/detail/robot_state__type_support.c.o[0m
[ 63%] [32mBuilding C object CMakeFiles/robot_msgs__rosidl_typesupport_introspection_c.dir/rosidl_typesupport_introspection_c/robot_msgs/msg/detail/imu__type_support.c.o[0m
[ 63%] Built target robot_msgs__rosidl_typesupport_c
[ 65%] [32m[1mLinking C shared library librobot_msgs__rosidl_typesupport_introspection_c.so[0m
[ 65%] Built target robot_msgs__rosidl_typesupport_introspection_c
[ 66%] [32m[1mLinking CXX shared library librobot_msgs__rosidl_typesupport_introspection_cpp.so[0m
[ 66%] Built target robot_msgs__rosidl_typesupport_introspection_cpp
[ 68%] [32m[1mLinking CXX shared library librobot_msgs__rosidl_typesupport_fastrtps_cpp.so[0m
[ 68%] Built target robot_msgs__rosidl_typesupport_fastrtps_cpp
[ 69%] [34m[1mGenerating C type support for eProsima Fast-RTPS[0m
[35m[1mScanning dependencies of target robot_msgs__rosidl_typesupport_fastrtps_c[0m
[ 71%] [32mBuilding CXX object CMakeFiles/robot_msgs__rosidl_typesupport_fastrtps_c.dir/rosidl_typesupport_fastrtps_c/robot_msgs/msg/detail/motor_command__type_support_c.cpp.o[0m
[ 73%] [32mBuilding CXX object CMakeFiles/robot_msgs__rosidl_typesupport_fastrtps_c.dir/rosidl_typesupport_fastrtps_c/robot_msgs/msg/detail/motor_state__type_support_c.cpp.o[0m
[ 74%] [32mBuilding CXX object CMakeFiles/robot_msgs__rosidl_typesupport_fastrtps_c.dir/rosidl_typesupport_fastrtps_c/robot_msgs/msg/detail/robot_command__type_support_c.cpp.o[0m
[ 76%] [32mBuilding CXX object CMakeFiles/robot_msgs__rosidl_typesupport_fastrtps_c.dir/rosidl_typesupport_fastrtps_c/robot_msgs/msg/detail/robot_state__type_support_c.cpp.o[0m
[ 77%] [32mBuilding CXX object CMakeFiles/robot_msgs__rosidl_typesupport_fastrtps_c.dir/rosidl_typesupport_fastrtps_c/robot_msgs/msg/detail/imu__type_support_c.cpp.o[0m
[ 79%] [32m[1mLinking CXX shared library librobot_msgs__rosidl_typesupport_fastrtps_c.so[0m
[ 79%] Built target robot_msgs__rosidl_typesupport_fastrtps_c
[35m[1mScanning dependencies of target robot_msgs[0m
[ 79%] Built target robot_msgs
[35m[1mScanning dependencies of target robot_msgs__py[0m
[ 80%] [34m[1mGenerating Python code for ROS interfaces[0m
[ 80%] Built target robot_msgs__py
[35m[1mScanning dependencies of target robot_msgs__python[0m
[ 82%] [32mBuilding C object CMakeFiles/robot_msgs__python.dir/rosidl_generator_py/robot_msgs/msg/_motor_command_s.c.o[0m
[ 84%] [32mBuilding C object CMakeFiles/robot_msgs__python.dir/rosidl_generator_py/robot_msgs/msg/_motor_state_s.c.o[0m
[ 87%] [32mBuilding C object CMakeFiles/robot_msgs__python.dir/rosidl_generator_py/robot_msgs/msg/_robot_command_s.c.o[0m
[ 87%] [32mBuilding C object CMakeFiles/robot_msgs__python.dir/rosidl_generator_py/robot_msgs/msg/_robot_state_s.c.o[0m
[ 88%] [32mBuilding C object CMakeFiles/robot_msgs__python.dir/rosidl_generator_py/robot_msgs/msg/_imu_s.c.o[0m
[ 90%] [32m[1mLinking C shared library rosidl_generator_py/robot_msgs/librobot_msgs__python.so[0m
[ 90%] Built target robot_msgs__python
[35m[1mScanning dependencies of target robot_msgs__rosidl_typesupport_introspection_c__pyext[0m
[35m[1mScanning dependencies of target robot_msgs__rosidl_typesupport_c__pyext[0m
[35m[1mScanning dependencies of target robot_msgs__rosidl_typesupport_fastrtps_c__pyext[0m
[ 92%] [32mBuilding C object CMakeFiles/robot_msgs__rosidl_typesupport_c__pyext.dir/rosidl_generator_py/robot_msgs/_robot_msgs_s.ep.rosidl_typesupport_c.c.o[0m
[ 93%] [32mBuilding C object CMakeFiles/robot_msgs__rosidl_typesupport_introspection_c__pyext.dir/rosidl_generator_py/robot_msgs/_robot_msgs_s.ep.rosidl_typesupport_introspection_c.c.o[0m
[ 95%] [32mBuilding C object CMakeFiles/robot_msgs__rosidl_typesupport_fastrtps_c__pyext.dir/rosidl_generator_py/robot_msgs/_robot_msgs_s.ep.rosidl_typesupport_fastrtps_c.c.o[0m
[ 96%] [32m[1mLinking C shared library rosidl_generator_py/robot_msgs/robot_msgs_s__rosidl_typesupport_c.cpython-38-x86_64-linux-gnu.so[0m
[ 98%] [32m[1mLinking C shared library rosidl_generator_py/robot_msgs/robot_msgs_s__rosidl_typesupport_introspection_c.cpython-38-x86_64-linux-gnu.so[0m
[100%] [32m[1mLinking CXX shared library rosidl_generator_py/robot_msgs/robot_msgs_s__rosidl_typesupport_fastrtps_c.cpython-38-x86_64-linux-gnu.so[0m
[100%] Built target robot_msgs__rosidl_typesupport_c__pyext
[100%] Built target robot_msgs__rosidl_typesupport_introspection_c__pyext
[100%] Built target robot_msgs__rosidl_typesupport_fastrtps_c__pyext
-- Install configuration: ""
-- Installing: /home/ww/Documents/simulation_all_ros2/install/robot_msgs/share/ament_index/resource_index/rosidl_interfaces/robot_msgs
-- Up-to-date: /home/ww/Documents/simulation_all_ros2/install/robot_msgs/include/robot_msgs
-- Up-to-date: /home/ww/Documents/simulation_all_ros2/install/robot_msgs/include/robot_msgs/msg
-- Installing: /home/ww/Documents/simulation_all_ros2/install/robot_msgs/include/robot_msgs/msg/rosidl_generator_c__visibility_control.h
-- Installing: /home/ww/Documents/simulation_all_ros2/install/robot_msgs/include/robot_msgs/msg/robot_command.h
-- Installing: /home/ww/Documents/simulation_all_ros2/install/robot_msgs/include/robot_msgs/msg/motor_command.h
-- Installing: /home/ww/Documents/simulation_all_ros2/install/robot_msgs/include/robot_msgs/msg/robot_state.h
-- Up-to-date: /home/ww/Documents/simulation_all_ros2/install/robot_msgs/include/robot_msgs/msg/detail
-- Installing: /home/ww/Documents/simulation_all_ros2/install/robot_msgs/include/robot_msgs/msg/detail/motor_command__functions.c
-- Installing: /home/ww/Documents/simulation_all_ros2/install/robot_msgs/include/robot_msgs/msg/detail/robot_command__functions.c
-- Installing: /home/ww/Documents/simulation_all_ros2/install/robot_msgs/include/robot_msgs/msg/detail/robot_state__functions.h
-- Installing: /home/ww/Documents/simulation_all_ros2/install/robot_msgs/include/robot_msgs/msg/detail/motor_state__struct.h
-- Installing: /home/ww/Documents/simulation_all_ros2/install/robot_msgs/include/robot_msgs/msg/detail/imu__functions.h
-- Installing: /home/ww/Documents/simulation_all_ros2/install/robot_msgs/include/robot_msgs/msg/detail/robot_state__struct.h
-- Installing: /home/ww/Documents/simulation_all_ros2/install/robot_msgs/include/robot_msgs/msg/detail/motor_command__functions.h
-- Installing: /home/ww/Documents/simulation_all_ros2/install/robot_msgs/include/robot_msgs/msg/detail/motor_command__type_support.h
-- Installing: /home/ww/Documents/simulation_all_ros2/install/robot_msgs/include/robot_msgs/msg/detail/robot_command__type_support.h
-- Installing: /home/ww/Documents/simulation_all_ros2/install/robot_msgs/include/robot_msgs/msg/detail/robot_command__functions.h
-- Installing: /home/ww/Documents/simulation_all_ros2/install/robot_msgs/include/robot_msgs/msg/detail/motor_state__functions.h
-- Installing: /home/ww/Documents/simulation_all_ros2/install/robot_msgs/include/robot_msgs/msg/detail/robot_command__struct.h
-- Installing: /home/ww/Documents/simulation_all_ros2/install/robot_msgs/include/robot_msgs/msg/detail/imu__functions.c
-- Installing: /home/ww/Documents/simulation_all_ros2/install/robot_msgs/include/robot_msgs/msg/detail/robot_state__type_support.h
-- Installing: /home/ww/Documents/simulation_all_ros2/install/robot_msgs/include/robot_msgs/msg/detail/robot_state__functions.c
-- Installing: /home/ww/Documents/simulation_all_ros2/install/robot_msgs/include/robot_msgs/msg/detail/imu__type_support.h
-- Installing: /home/ww/Documents/simulation_all_ros2/install/robot_msgs/include/robot_msgs/msg/detail/motor_state__type_support.h
-- Installing: /home/ww/Documents/simulation_all_ros2/install/robot_msgs/include/robot_msgs/msg/detail/motor_command__struct.h
-- Installing: /home/ww/Documents/simulation_all_ros2/install/robot_msgs/include/robot_msgs/msg/detail/imu__struct.h
-- Installing: /home/ww/Documents/simulation_all_ros2/install/robot_msgs/include/robot_msgs/msg/detail/motor_state__functions.c
-- Installing: /home/ww/Documents/simulation_all_ros2/install/robot_msgs/include/robot_msgs/msg/imu.h
-- Installing: /home/ww/Documents/simulation_all_ros2/install/robot_msgs/include/robot_msgs/msg/motor_state.h
-- Installing: /home/ww/Documents/simulation_all_ros2/install/robot_msgs/share/robot_msgs/environment/library_path.sh
-- Installing: /home/ww/Documents/simulation_all_ros2/install/robot_msgs/share/robot_msgs/environment/library_path.dsv
-- Installing: /home/ww/Documents/simulation_all_ros2/install/robot_msgs/lib/librobot_msgs__rosidl_generator_c.so
-- Set runtime path of "/home/ww/Documents/simulation_all_ros2/install/robot_msgs/lib/librobot_msgs__rosidl_generator_c.so" to ""
-- Up-to-date: /home/ww/Documents/simulation_all_ros2/install/robot_msgs/include/robot_msgs
-- Up-to-date: /home/ww/Documents/simulation_all_ros2/install/robot_msgs/include/robot_msgs/msg
-- Installing: /home/ww/Documents/simulation_all_ros2/install/robot_msgs/include/robot_msgs/msg/rosidl_typesupport_fastrtps_c__visibility_control.h
-- Up-to-date: /home/ww/Documents/simulation_all_ros2/install/robot_msgs/include/robot_msgs/msg/detail
-- Installing: /home/ww/Documents/simulation_all_ros2/install/robot_msgs/include/robot_msgs/msg/detail/motor_command__rosidl_typesupport_fastrtps_c.h
-- Installing: /home/ww/Documents/simulation_all_ros2/install/robot_msgs/include/robot_msgs/msg/detail/motor_state__rosidl_typesupport_fastrtps_c.h
-- Installing: /home/ww/Documents/simulation_all_ros2/install/robot_msgs/include/robot_msgs/msg/detail/robot_state__rosidl_typesupport_fastrtps_c.h
-- Installing: /home/ww/Documents/simulation_all_ros2/install/robot_msgs/include/robot_msgs/msg/detail/imu__rosidl_typesupport_fastrtps_c.h
-- Installing: /home/ww/Documents/simulation_all_ros2/install/robot_msgs/include/robot_msgs/msg/detail/robot_command__rosidl_typesupport_fastrtps_c.h
-- Installing: /home/ww/Documents/simulation_all_ros2/install/robot_msgs/lib/librobot_msgs__rosidl_typesupport_fastrtps_c.so
-- Set runtime path of "/home/ww/Documents/simulation_all_ros2/install/robot_msgs/lib/librobot_msgs__rosidl_typesupport_fastrtps_c.so" to ""
-- Up-to-date: /home/ww/Documents/simulation_all_ros2/install/robot_msgs/include/robot_msgs
-- Up-to-date: /home/ww/Documents/simulation_all_ros2/install/robot_msgs/include/robot_msgs/msg
-- Installing: /home/ww/Documents/simulation_all_ros2/install/robot_msgs/include/robot_msgs/msg/rosidl_typesupport_fastrtps_cpp__visibility_control.h
-- Up-to-date: /home/ww/Documents/simulation_all_ros2/install/robot_msgs/include/robot_msgs/msg/detail
-- Installing: /home/ww/Documents/simulation_all_ros2/install/robot_msgs/include/robot_msgs/msg/detail/robot_command__rosidl_typesupport_fastrtps_cpp.hpp
-- Installing: /home/ww/Documents/simulation_all_ros2/install/robot_msgs/include/robot_msgs/msg/detail/motor_state__rosidl_typesupport_fastrtps_cpp.hpp
-- Installing: /home/ww/Documents/simulation_all_ros2/install/robot_msgs/include/robot_msgs/msg/detail/dds_fastrtps
-- Installing: /home/ww/Documents/simulation_all_ros2/install/robot_msgs/include/robot_msgs/msg/detail/imu__rosidl_typesupport_fastrtps_cpp.hpp
-- Installing: /home/ww/Documents/simulation_all_ros2/install/robot_msgs/include/robot_msgs/msg/detail/motor_command__rosidl_typesupport_fastrtps_cpp.hpp
-- Installing: /home/ww/Documents/simulation_all_ros2/install/robot_msgs/include/robot_msgs/msg/detail/robot_state__rosidl_typesupport_fastrtps_cpp.hpp
-- Installing: /home/ww/Documents/simulation_all_ros2/install/robot_msgs/lib/librobot_msgs__rosidl_typesupport_fastrtps_cpp.so
-- Set runtime path of "/home/ww/Documents/simulation_all_ros2/install/robot_msgs/lib/librobot_msgs__rosidl_typesupport_fastrtps_cpp.so" to ""
-- Up-to-date: /home/ww/Documents/simulation_all_ros2/install/robot_msgs/include/robot_msgs
-- Up-to-date: /home/ww/Documents/simulation_all_ros2/install/robot_msgs/include/robot_msgs/msg
-- Installing: /home/ww/Documents/simulation_all_ros2/install/robot_msgs/include/robot_msgs/msg/rosidl_typesupport_introspection_c__visibility_control.h
-- Up-to-date: /home/ww/Documents/simulation_all_ros2/install/robot_msgs/include/robot_msgs/msg/detail
-- Installing: /home/ww/Documents/simulation_all_ros2/install/robot_msgs/include/robot_msgs/msg/detail/motor_command__type_support.c
-- Installing: /home/ww/Documents/simulation_all_ros2/install/robot_msgs/include/robot_msgs/msg/detail/imu__type_support.c
-- Installing: /home/ww/Documents/simulation_all_ros2/install/robot_msgs/include/robot_msgs/msg/detail/robot_command__rosidl_typesupport_introspection_c.h
-- Installing: /home/ww/Documents/simulation_all_ros2/install/robot_msgs/include/robot_msgs/msg/detail/imu__rosidl_typesupport_introspection_c.h
-- Installing: /home/ww/Documents/simulation_all_ros2/install/robot_msgs/include/robot_msgs/msg/detail/robot_state__type_support.c
-- Installing: /home/ww/Documents/simulation_all_ros2/install/robot_msgs/include/robot_msgs/msg/detail/motor_state__rosidl_typesupport_introspection_c.h
-- Installing: /home/ww/Documents/simulation_all_ros2/install/robot_msgs/include/robot_msgs/msg/detail/robot_state__rosidl_typesupport_introspection_c.h
-- Installing: /home/ww/Documents/simulation_all_ros2/install/robot_msgs/include/robot_msgs/msg/detail/motor_state__type_support.c
-- Installing: /home/ww/Documents/simulation_all_ros2/install/robot_msgs/include/robot_msgs/msg/detail/robot_command__type_support.c
-- Installing: /home/ww/Documents/simulation_all_ros2/install/robot_msgs/include/robot_msgs/msg/detail/motor_command__rosidl_typesupport_introspection_c.h
-- Installing: /home/ww/Documents/simulation_all_ros2/install/robot_msgs/lib/librobot_msgs__rosidl_typesupport_introspection_c.so
-- Set runtime path of "/home/ww/Documents/simulation_all_ros2/install/robot_msgs/lib/librobot_msgs__rosidl_typesupport_introspection_c.so" to ""
-- Installing: /home/ww/Documents/simulation_all_ros2/install/robot_msgs/lib/librobot_msgs__rosidl_typesupport_c.so
-- Set runtime path of "/home/ww/Documents/simulation_all_ros2/install/robot_msgs/lib/librobot_msgs__rosidl_typesupport_c.so" to ""
-- Up-to-date: /home/ww/Documents/simulation_all_ros2/install/robot_msgs/include/robot_msgs
-- Up-to-date: /home/ww/Documents/simulation_all_ros2/install/robot_msgs/include/robot_msgs/msg
-- Installing: /home/ww/Documents/simulation_all_ros2/install/robot_msgs/include/robot_msgs/msg/imu.hpp
-- Installing: /home/ww/Documents/simulation_all_ros2/install/robot_msgs/include/robot_msgs/msg/rosidl_generator_cpp__visibility_control.hpp
-- Installing: /home/ww/Documents/simulation_all_ros2/install/robot_msgs/include/robot_msgs/msg/motor_state.hpp
-- Installing: /home/ww/Documents/simulation_all_ros2/install/robot_msgs/include/robot_msgs/msg/robot_state.hpp
-- Installing: /home/ww/Documents/simulation_all_ros2/install/robot_msgs/include/robot_msgs/msg/motor_command.hpp
-- Installing: /home/ww/Documents/simulation_all_ros2/install/robot_msgs/include/robot_msgs/msg/robot_command.hpp
-- Up-to-date: /home/ww/Documents/simulation_all_ros2/install/robot_msgs/include/robot_msgs/msg/detail
-- Installing: /home/ww/Documents/simulation_all_ros2/install/robot_msgs/include/robot_msgs/msg/detail/imu__traits.hpp
-- Installing: /home/ww/Documents/simulation_all_ros2/install/robot_msgs/include/robot_msgs/msg/detail/motor_state__type_support.hpp
-- Installing: /home/ww/Documents/simulation_all_ros2/install/robot_msgs/include/robot_msgs/msg/detail/motor_command__traits.hpp
-- Installing: /home/ww/Documents/simulation_all_ros2/install/robot_msgs/include/robot_msgs/msg/detail/robot_command__traits.hpp
-- Installing: /home/ww/Documents/simulation_all_ros2/install/robot_msgs/include/robot_msgs/msg/detail/robot_state__struct.hpp
-- Installing: /home/ww/Documents/simulation_all_ros2/install/robot_msgs/include/robot_msgs/msg/detail/motor_command__type_support.hpp
-- Installing: /home/ww/Documents/simulation_all_ros2/install/robot_msgs/include/robot_msgs/msg/detail/robot_state__type_support.hpp
-- Installing: /home/ww/Documents/simulation_all_ros2/install/robot_msgs/include/robot_msgs/msg/detail/motor_state__traits.hpp
-- Installing: /home/ww/Documents/simulation_all_ros2/install/robot_msgs/include/robot_msgs/msg/detail/robot_command__type_support.hpp
-- Installing: /home/ww/Documents/simulation_all_ros2/install/robot_msgs/include/robot_msgs/msg/detail/motor_command__struct.hpp
-- Installing: /home/ww/Documents/simulation_all_ros2/install/robot_msgs/include/robot_msgs/msg/detail/robot_state__builder.hpp
-- Installing: /home/ww/Documents/simulation_all_ros2/install/robot_msgs/include/robot_msgs/msg/detail/motor_command__builder.hpp
-- Installing: /home/ww/Documents/simulation_all_ros2/install/robot_msgs/include/robot_msgs/msg/detail/imu__type_support.hpp
-- Installing: /home/ww/Documents/simulation_all_ros2/install/robot_msgs/include/robot_msgs/msg/detail/motor_state__builder.hpp
-- Installing: /home/ww/Documents/simulation_all_ros2/install/robot_msgs/include/robot_msgs/msg/detail/motor_state__struct.hpp
-- Installing: /home/ww/Documents/simulation_all_ros2/install/robot_msgs/include/robot_msgs/msg/detail/robot_command__struct.hpp
-- Installing: /home/ww/Documents/simulation_all_ros2/install/robot_msgs/include/robot_msgs/msg/detail/imu__struct.hpp
-- Installing: /home/ww/Documents/simulation_all_ros2/install/robot_msgs/include/robot_msgs/msg/detail/robot_state__traits.hpp
-- Installing: /home/ww/Documents/simulation_all_ros2/install/robot_msgs/include/robot_msgs/msg/detail/robot_command__builder.hpp
-- Installing: /home/ww/Documents/simulation_all_ros2/install/robot_msgs/include/robot_msgs/msg/detail/imu__builder.hpp
-- Up-to-date: /home/ww/Documents/simulation_all_ros2/install/robot_msgs/include/robot_msgs
-- Up-to-date: /home/ww/Documents/simulation_all_ros2/install/robot_msgs/include/robot_msgs/msg
-- Up-to-date: /home/ww/Documents/simulation_all_ros2/install/robot_msgs/include/robot_msgs/msg/detail
-- Installing: /home/ww/Documents/simulation_all_ros2/install/robot_msgs/include/robot_msgs/msg/detail/motor_command__rosidl_typesupport_introspection_cpp.hpp
-- Installing: /home/ww/Documents/simulation_all_ros2/install/robot_msgs/include/robot_msgs/msg/detail/imu__type_support.cpp
-- Installing: /home/ww/Documents/simulation_all_ros2/install/robot_msgs/include/robot_msgs/msg/detail/robot_command__rosidl_typesupport_introspection_cpp.hpp
-- Installing: /home/ww/Documents/simulation_all_ros2/install/robot_msgs/include/robot_msgs/msg/detail/robot_state__type_support.cpp
-- Installing: /home/ww/Documents/simulation_all_ros2/install/robot_msgs/include/robot_msgs/msg/detail/motor_command__type_support.cpp
-- Installing: /home/ww/Documents/simulation_all_ros2/install/robot_msgs/include/robot_msgs/msg/detail/motor_state__type_support.cpp
-- Installing: /home/ww/Documents/simulation_all_ros2/install/robot_msgs/include/robot_msgs/msg/detail/robot_state__rosidl_typesupport_introspection_cpp.hpp
-- Installing: /home/ww/Documents/simulation_all_ros2/install/robot_msgs/include/robot_msgs/msg/detail/robot_command__type_support.cpp
-- Installing: /home/ww/Documents/simulation_all_ros2/install/robot_msgs/include/robot_msgs/msg/detail/motor_state__rosidl_typesupport_introspection_cpp.hpp
-- Installing: /home/ww/Documents/simulation_all_ros2/install/robot_msgs/include/robot_msgs/msg/detail/imu__rosidl_typesupport_introspection_cpp.hpp
-- Installing: /home/ww/Documents/simulation_all_ros2/install/robot_msgs/lib/librobot_msgs__rosidl_typesupport_introspection_cpp.so
-- Set runtime path of "/home/ww/Documents/simulation_all_ros2/install/robot_msgs/lib/librobot_msgs__rosidl_typesupport_introspection_cpp.so" to ""
-- Installing: /home/ww/Documents/simulation_all_ros2/install/robot_msgs/lib/librobot_msgs__rosidl_typesupport_cpp.so
-- Set runtime path of "/home/ww/Documents/simulation_all_ros2/install/robot_msgs/lib/librobot_msgs__rosidl_typesupport_cpp.so" to ""
-- Installing: /home/ww/Documents/simulation_all_ros2/install/robot_msgs/share/robot_msgs/environment/pythonpath.sh
-- Installing: /home/ww/Documents/simulation_all_ros2/install/robot_msgs/share/robot_msgs/environment/pythonpath.dsv
-- Installing: /home/ww/Documents/simulation_all_ros2/install/robot_msgs/lib/python3.8/site-packages/robot_msgs/__init__.py
Compiling '/home/ww/Documents/simulation_all_ros2/install/robot_msgs/lib/python3.8/site-packages/robot_msgs/__init__.py'...
-- Up-to-date: /home/ww/Documents/simulation_all_ros2/install/robot_msgs/lib/python3.8/site-packages/robot_msgs/msg
-- Installing: /home/ww/Documents/simulation_all_ros2/install/robot_msgs/lib/python3.8/site-packages/robot_msgs/msg/__init__.py
-- Installing: /home/ww/Documents/simulation_all_ros2/install/robot_msgs/lib/python3.8/site-packages/robot_msgs/msg/_motor_state_s.c
-- Installing: /home/ww/Documents/simulation_all_ros2/install/robot_msgs/lib/python3.8/site-packages/robot_msgs/msg/_robot_state.py
-- Installing: /home/ww/Documents/simulation_all_ros2/install/robot_msgs/lib/python3.8/site-packages/robot_msgs/msg/_robot_command_s.c
-- Installing: /home/ww/Documents/simulation_all_ros2/install/robot_msgs/lib/python3.8/site-packages/robot_msgs/msg/_motor_state.py
-- Installing: /home/ww/Documents/simulation_all_ros2/install/robot_msgs/lib/python3.8/site-packages/robot_msgs/msg/_imu.py
-- Installing: /home/ww/Documents/simulation_all_ros2/install/robot_msgs/lib/python3.8/site-packages/robot_msgs/msg/_motor_command_s.c
-- Installing: /home/ww/Documents/simulation_all_ros2/install/robot_msgs/lib/python3.8/site-packages/robot_msgs/msg/_robot_state_s.c
-- Installing: /home/ww/Documents/simulation_all_ros2/install/robot_msgs/lib/python3.8/site-packages/robot_msgs/msg/_motor_command.py
-- Installing: /home/ww/Documents/simulation_all_ros2/install/robot_msgs/lib/python3.8/site-packages/robot_msgs/msg/_robot_command.py
-- Installing: /home/ww/Documents/simulation_all_ros2/install/robot_msgs/lib/python3.8/site-packages/robot_msgs/msg/_imu_s.c
-- Installing: /home/ww/Documents/simulation_all_ros2/install/robot_msgs/lib/python3.8/site-packages/robot_msgs/robot_msgs_s__rosidl_typesupport_fastrtps_c.cpython-38-x86_64-linux-gnu.so
-- Set runtime path of "/home/ww/Documents/simulation_all_ros2/install/robot_msgs/lib/python3.8/site-packages/robot_msgs/robot_msgs_s__rosidl_typesupport_fastrtps_c.cpython-38-x86_64-linux-gnu.so" to ""
-- Installing: /home/ww/Documents/simulation_all_ros2/install/robot_msgs/lib/python3.8/site-packages/robot_msgs/robot_msgs_s__rosidl_typesupport_introspection_c.cpython-38-x86_64-linux-gnu.so
-- Set runtime path of "/home/ww/Documents/simulation_all_ros2/install/robot_msgs/lib/python3.8/site-packages/robot_msgs/robot_msgs_s__rosidl_typesupport_introspection_c.cpython-38-x86_64-linux-gnu.so" to ""
-- Installing: /home/ww/Documents/simulation_all_ros2/install/robot_msgs/lib/python3.8/site-packages/robot_msgs/robot_msgs_s__rosidl_typesupport_c.cpython-38-x86_64-linux-gnu.so
-- Set runtime path of "/home/ww/Documents/simulation_all_ros2/install/robot_msgs/lib/python3.8/site-packages/robot_msgs/robot_msgs_s__rosidl_typesupport_c.cpython-38-x86_64-linux-gnu.so" to ""
-- Installing: /home/ww/Documents/simulation_all_ros2/install/robot_msgs/lib/librobot_msgs__python.so
-- Set runtime path of "/home/ww/Documents/simulation_all_ros2/install/robot_msgs/lib/librobot_msgs__python.so" to ""
-- Installing: /home/ww/Documents/simulation_all_ros2/install/robot_msgs/share/robot_msgs/msg/MotorCommand.idl
-- Installing: /home/ww/Documents/simulation_all_ros2/install/robot_msgs/share/robot_msgs/msg/MotorState.idl
-- Installing: /home/ww/Documents/simulation_all_ros2/install/robot_msgs/share/robot_msgs/msg/RobotCommand.idl
-- Installing: /home/ww/Documents/simulation_all_ros2/install/robot_msgs/share/robot_msgs/msg/RobotState.idl
-- Installing: /home/ww/Documents/simulation_all_ros2/install/robot_msgs/share/robot_msgs/msg/IMU.idl
-- Up-to-date: /home/ww/Documents/simulation_all_ros2/install/robot_msgs/share/robot_msgs/msg/MotorCommand.msg
-- Up-to-date: /home/ww/Documents/simulation_all_ros2/install/robot_msgs/share/robot_msgs/msg/MotorState.msg
-- Up-to-date: /home/ww/Documents/simulation_all_ros2/install/robot_msgs/share/robot_msgs/msg/RobotCommand.msg
-- Up-to-date: /home/ww/Documents/simulation_all_ros2/install/robot_msgs/share/robot_msgs/msg/RobotState.msg
-- Up-to-date: /home/ww/Documents/simulation_all_ros2/install/robot_msgs/share/robot_msgs/msg/IMU.msg
-- Installing: /home/ww/Documents/simulation_all_ros2/install/robot_msgs/share/ament_index/resource_index/package_run_dependencies/robot_msgs
-- Installing: /home/ww/Documents/simulation_all_ros2/install/robot_msgs/share/ament_index/resource_index/parent_prefix_path/robot_msgs
-- Installing: /home/ww/Documents/simulation_all_ros2/install/robot_msgs/share/robot_msgs/environment/ament_prefix_path.sh
-- Installing: /home/ww/Documents/simulation_all_ros2/install/robot_msgs/share/robot_msgs/environment/ament_prefix_path.dsv
-- Installing: /home/ww/Documents/simulation_all_ros2/install/robot_msgs/share/robot_msgs/environment/path.sh
-- Installing: /home/ww/Documents/simulation_all_ros2/install/robot_msgs/share/robot_msgs/environment/path.dsv
-- Installing: /home/ww/Documents/simulation_all_ros2/install/robot_msgs/share/robot_msgs/local_setup.bash
-- Installing: /home/ww/Documents/simulation_all_ros2/install/robot_msgs/share/robot_msgs/local_setup.sh
-- Installing: /home/ww/Documents/simulation_all_ros2/install/robot_msgs/share/robot_msgs/local_setup.zsh
-- Installing: /home/ww/Documents/simulation_all_ros2/install/robot_msgs/share/robot_msgs/local_setup.dsv
-- Installing: /home/ww/Documents/simulation_all_ros2/install/robot_msgs/share/robot_msgs/package.dsv
-- Installing: /home/ww/Documents/simulation_all_ros2/install/robot_msgs/share/ament_index/resource_index/packages/robot_msgs
-- Installing: /home/ww/Documents/simulation_all_ros2/install/robot_msgs/share/robot_msgs/cmake/robot_msgs__rosidl_generator_cExport.cmake
-- Installing: /home/ww/Documents/simulation_all_ros2/install/robot_msgs/share/robot_msgs/cmake/robot_msgs__rosidl_generator_cExport-noconfig.cmake
-- Installing: /home/ww/Documents/simulation_all_ros2/install/robot_msgs/share/robot_msgs/cmake/robot_msgs__rosidl_typesupport_introspection_cExport.cmake
-- Installing: /home/ww/Documents/simulation_all_ros2/install/robot_msgs/share/robot_msgs/cmake/robot_msgs__rosidl_typesupport_introspection_cExport-noconfig.cmake
-- Installing: /home/ww/Documents/simulation_all_ros2/install/robot_msgs/share/robot_msgs/cmake/robot_msgs__rosidl_typesupport_cExport.cmake
-- Installing: /home/ww/Documents/simulation_all_ros2/install/robot_msgs/share/robot_msgs/cmake/robot_msgs__rosidl_typesupport_cExport-noconfig.cmake
-- Installing: /home/ww/Documents/simulation_all_ros2/install/robot_msgs/share/robot_msgs/cmake/robot_msgs__rosidl_generator_cppExport.cmake
-- Installing: /home/ww/Documents/simulation_all_ros2/install/robot_msgs/share/robot_msgs/cmake/robot_msgs__rosidl_typesupport_introspection_cppExport.cmake
-- Installing: /home/ww/Documents/simulation_all_ros2/install/robot_msgs/share/robot_msgs/cmake/robot_msgs__rosidl_typesupport_introspection_cppExport-noconfig.cmake
-- Installing: /home/ww/Documents/simulation_all_ros2/install/robot_msgs/share/robot_msgs/cmake/robot_msgs__rosidl_typesupport_cppExport.cmake
-- Installing: /home/ww/Documents/simulation_all_ros2/install/robot_msgs/share/robot_msgs/cmake/robot_msgs__rosidl_typesupport_cppExport-noconfig.cmake
-- Installing: /home/ww/Documents/simulation_all_ros2/install/robot_msgs/share/robot_msgs/cmake/rosidl_cmake-extras.cmake
-- Installing: /home/ww/Documents/simulation_all_ros2/install/robot_msgs/share/robot_msgs/cmake/ament_cmake_export_dependencies-extras.cmake
-- Installing: /home/ww/Documents/simulation_all_ros2/install/robot_msgs/share/robot_msgs/cmake/ament_cmake_export_libraries-extras.cmake
-- Installing: /home/ww/Documents/simulation_all_ros2/install/robot_msgs/share/robot_msgs/cmake/ament_cmake_export_targets-extras.cmake
-- Installing: /home/ww/Documents/simulation_all_ros2/install/robot_msgs/share/robot_msgs/cmake/ament_cmake_export_include_directories-extras.cmake
-- Installing: /home/ww/Documents/simulation_all_ros2/install/robot_msgs/share/robot_msgs/cmake/rosidl_cmake_export_typesupport_libraries-extras.cmake
-- Installing: /home/ww/Documents/simulation_all_ros2/install/robot_msgs/share/robot_msgs/cmake/rosidl_cmake_export_typesupport_targets-extras.cmake
-- Installing: /home/ww/Documents/simulation_all_ros2/install/robot_msgs/share/robot_msgs/cmake/robot_msgsConfig.cmake
-- Installing: /home/ww/Documents/simulation_all_ros2/install/robot_msgs/share/robot_msgs/cmake/robot_msgsConfig-version.cmake
-- Up-to-date: /home/ww/Documents/simulation_all_ros2/install/robot_msgs/share/robot_msgs/package.xml
