[0.007s] Invoking command in '/home/ww/Documents/simulation_all_ros2/build/robot_msgs': CMAKE_PREFIX_PATH=/opt/ros/foxy /usr/bin/cmake /home/ww/Documents/simulation_all_ros2/src/robot_msgs -DCMAKE_INSTALL_PREFIX=/home/ww/Documents/simulation_all_ros2/install/robot_msgs
[0.088s] -- The C compiler identification is GNU 9.4.0
[0.151s] -- The CXX compiler identification is GNU 9.4.0
[0.156s] -- Check for working C compiler: /usr/bin/cc
[0.247s] -- Check for working C compiler: /usr/bin/cc -- works
[0.248s] -- Detecting C compiler ABI info
[0.313s] -- Detecting C compiler ABI info - done
[0.322s] -- Detecting C compile features
[0.322s] -- Detecting C compile features - done
[0.325s] -- Check for working CXX compiler: /usr/bin/c++
[0.378s] -- Check for working CXX compiler: /usr/bin/c++ -- works
[0.379s] -- Detecting CXX compiler ABI info
[0.434s] -- Detecting CXX compiler ABI info - done
[0.441s] -- Detecting CXX compile features
[0.442s] -- Detecting CXX compile features - done
[0.443s] -- Found ament_cmake: 0.9.12 (/opt/ros/foxy/share/ament_cmake/cmake)
[0.466s] -- Found PythonInterp: /usr/bin/python3 (found suitable version "3.8.10", minimum required is "3") 
[0.466s] -- Using PYTHON_EXECUTABLE: /usr/bin/python3
[0.586s] -- Found rosidl_default_generators: 1.0.1 (/opt/ros/foxy/share/rosidl_default_generators/cmake)
[0.588s] -- Using all available rosidl_typesupport_c: rosidl_typesupport_fastrtps_c;rosidl_typesupport_introspection_c
[0.593s] -- Found rosidl_adapter: 1.3.1 (/opt/ros/foxy/share/rosidl_adapter/cmake)
[0.653s] -- Found OpenSSL: /usr/lib/x86_64-linux-gnu/libcrypto.so (found version "1.1.1f")  
[0.671s] -- Found FastRTPS: /opt/ros/foxy/include  
[0.719s] -- Using all available rosidl_typesupport_cpp: rosidl_typesupport_fastrtps_cpp;rosidl_typesupport_introspection_cpp
[0.737s] -- Found std_msgs: 2.0.5 (/opt/ros/foxy/share/std_msgs/cmake)
[0.759s] -- Found geometry_msgs: 2.0.5 (/opt/ros/foxy/share/geometry_msgs/cmake)
[0.780s] -- Found sensor_msgs: 2.0.5 (/opt/ros/foxy/share/sensor_msgs/cmake)
[0.834s] -- Found PythonInterp: /usr/bin/python3 (found version "3.8.10") 
[0.963s] -- Found ament_cmake_ros: 0.9.2 (/opt/ros/foxy/share/ament_cmake_ros/cmake)
[1.128s] -- Using all available rosidl_typesupport_c: rosidl_typesupport_fastrtps_c;rosidl_typesupport_introspection_c
[1.208s] -- Using all available rosidl_typesupport_cpp: rosidl_typesupport_fastrtps_cpp;rosidl_typesupport_introspection_cpp
[1.223s] -- Found PythonInterp: /usr/bin/python3 (found suitable version "3.8.10", minimum required is "3.5") 
[1.224s] -- Found python_cmake_module: 0.8.1 (/opt/ros/foxy/share/python_cmake_module/cmake)
[1.240s] -- Found PythonLibs: /usr/lib/x86_64-linux-gnu/libpython3.8.so (found suitable version "3.8.10", minimum required is "3.5") 
[1.240s] -- Using PYTHON_EXECUTABLE: /usr/bin/python3
[1.240s] -- Using PYTHON_INCLUDE_DIRS: /usr/include/python3.8
[1.240s] -- Using PYTHON_LIBRARIES: /usr/lib/x86_64-linux-gnu/libpython3.8.so
[1.253s] -- Found PythonExtra: .so  
[1.356s] -- Found ament_lint_auto: 0.9.8 (/opt/ros/foxy/share/ament_lint_auto/cmake)
[1.371s] -- Added test 'copyright' to check source files copyright and LICENSE
[1.372s] -- Added test 'lint_cmake' to check CMake code style
[1.372s] -- Added test 'xmllint' to check XML markup files
[1.375s] -- Configuring done
[1.415s] -- Generating done
[1.416s] -- Build files have been written to: /home/ww/Documents/simulation_all_ros2/build/robot_msgs
[1.422s] Invoked command in '/home/ww/Documents/simulation_all_ros2/build/robot_msgs' returned '0': CMAKE_PREFIX_PATH=/opt/ros/foxy /usr/bin/cmake /home/ww/Documents/simulation_all_ros2/src/robot_msgs -DCMAKE_INSTALL_PREFIX=/home/ww/Documents/simulation_all_ros2/install/robot_msgs
[1.423s] Invoking command in '/home/ww/Documents/simulation_all_ros2/build/robot_msgs': CMAKE_PREFIX_PATH=/opt/ros/foxy /usr/bin/cmake --build /home/ww/Documents/simulation_all_ros2/build/robot_msgs -- -j12 -l12
[1.446s] [35m[1mScanning dependencies of target robot_msgs__cpp[0m
[1.447s] [  1%] [34m[1mGenerating C code for ROS interfaces[0m
[1.452s] [  3%] [34m[1mGenerating C++ code for ROS interfaces[0m
[1.722s] [  3%] Built target robot_msgs__cpp
[1.729s] [  6%] [34m[1mGenerating C++ type support for eProsima Fast-RTPS[0m
[1.729s] [  6%] [34m[1mGenerating C++ type support dispatch for ROS interfaces[0m
[1.729s] [  7%] [34m[1mGenerating C++ introspection for ROS interfaces[0m
[1.732s] [35m[1mScanning dependencies of target robot_msgs__rosidl_generator_c[0m
[1.742s] [ 15%] [32mBuilding C object CMakeFiles/robot_msgs__rosidl_generator_c.dir/rosidl_generator_c/robot_msgs/msg/detail/robot_command__functions.c.o[0m
[1.742s] [ 15%] [32mBuilding C object CMakeFiles/robot_msgs__rosidl_generator_c.dir/rosidl_generator_c/robot_msgs/msg/detail/motor_state__functions.c.o[0m
[1.743s] [ 15%] [32mBuilding C object CMakeFiles/robot_msgs__rosidl_generator_c.dir/rosidl_generator_c/robot_msgs/msg/detail/motor_command__functions.c.o[0m
[1.743s] [ 15%] [32mBuilding C object CMakeFiles/robot_msgs__rosidl_generator_c.dir/rosidl_generator_c/robot_msgs/msg/detail/robot_state__functions.c.o[0m
[1.743s] [ 15%] [32mBuilding C object CMakeFiles/robot_msgs__rosidl_generator_c.dir/rosidl_generator_c/robot_msgs/msg/detail/imu__functions.c.o[0m
[1.784s] [ 17%] [32m[1mLinking C shared library librobot_msgs__rosidl_generator_c.so[0m
[1.811s] [ 17%] Built target robot_msgs__rosidl_generator_c
[1.818s] [ 20%] [34m[1mGenerating C type support dispatch for ROS interfaces[0m
[1.818s] [ 20%] [34m[1mGenerating C introspection for ROS interfaces[0m
[1.936s] [35m[1mScanning dependencies of target robot_msgs__rosidl_typesupport_cpp[0m
[1.945s] [ 22%] [32mBuilding CXX object CMakeFiles/robot_msgs__rosidl_typesupport_cpp.dir/rosidl_typesupport_cpp/robot_msgs/msg/imu__type_support.cpp.o[0m
[1.946s] [ 23%] [32mBuilding CXX object CMakeFiles/robot_msgs__rosidl_typesupport_cpp.dir/rosidl_typesupport_cpp/robot_msgs/msg/robot_command__type_support.cpp.o[0m
[1.946s] [ 26%] [32mBuilding CXX object CMakeFiles/robot_msgs__rosidl_typesupport_cpp.dir/rosidl_typesupport_cpp/robot_msgs/msg/motor_command__type_support.cpp.o[0m
[1.946s] [ 26%] [32mBuilding CXX object CMakeFiles/robot_msgs__rosidl_typesupport_cpp.dir/rosidl_typesupport_cpp/robot_msgs/msg/motor_state__type_support.cpp.o[0m
[1.946s] [ 28%] [32mBuilding CXX object CMakeFiles/robot_msgs__rosidl_typesupport_cpp.dir/rosidl_typesupport_cpp/robot_msgs/msg/robot_state__type_support.cpp.o[0m
[1.975s] [35m[1mScanning dependencies of target robot_msgs__rosidl_typesupport_introspection_cpp[0m
[1.993s] [ 30%] [32mBuilding CXX object CMakeFiles/robot_msgs__rosidl_typesupport_introspection_cpp.dir/rosidl_typesupport_introspection_cpp/robot_msgs/msg/detail/motor_command__type_support.cpp.o[0m
[1.993s] [ 31%] [32mBuilding CXX object CMakeFiles/robot_msgs__rosidl_typesupport_introspection_cpp.dir/rosidl_typesupport_introspection_cpp/robot_msgs/msg/detail/motor_state__type_support.cpp.o[0m
[1.997s] [ 33%] [32mBuilding CXX object CMakeFiles/robot_msgs__rosidl_typesupport_introspection_cpp.dir/rosidl_typesupport_introspection_cpp/robot_msgs/msg/detail/robot_state__type_support.cpp.o[0m
[1.997s] [35m[1mScanning dependencies of target robot_msgs__rosidl_typesupport_fastrtps_cpp[0m
[1.998s] [ 34%] [32mBuilding CXX object CMakeFiles/robot_msgs__rosidl_typesupport_introspection_cpp.dir/rosidl_typesupport_introspection_cpp/robot_msgs/msg/detail/robot_command__type_support.cpp.o[0m
[2.018s] [ 36%] [32mBuilding CXX object CMakeFiles/robot_msgs__rosidl_typesupport_fastrtps_cpp.dir/rosidl_typesupport_fastrtps_cpp/robot_msgs/msg/detail/dds_fastrtps/motor_command__type_support.cpp.o[0m
[2.108s] [35m[1mScanning dependencies of target robot_msgs__rosidl_typesupport_c[0m
[2.133s] [ 38%] [32mBuilding CXX object CMakeFiles/robot_msgs__rosidl_typesupport_c.dir/rosidl_typesupport_c/robot_msgs/msg/motor_command__type_support.cpp.o[0m
[2.161s] [ 39%] [32mBuilding CXX object CMakeFiles/robot_msgs__rosidl_typesupport_c.dir/rosidl_typesupport_c/robot_msgs/msg/motor_state__type_support.cpp.o[0m
[2.171s] [ 41%] [32mBuilding CXX object CMakeFiles/robot_msgs__rosidl_typesupport_c.dir/rosidl_typesupport_c/robot_msgs/msg/robot_command__type_support.cpp.o[0m
[2.180s] [ 42%] [32mBuilding CXX object CMakeFiles/robot_msgs__rosidl_typesupport_c.dir/rosidl_typesupport_c/robot_msgs/msg/robot_state__type_support.cpp.o[0m
[2.189s] [ 44%] [32mBuilding CXX object CMakeFiles/robot_msgs__rosidl_typesupport_introspection_cpp.dir/rosidl_typesupport_introspection_cpp/robot_msgs/msg/detail/imu__type_support.cpp.o[0m
[2.191s] [ 46%] [32mBuilding CXX object CMakeFiles/robot_msgs__rosidl_typesupport_c.dir/rosidl_typesupport_c/robot_msgs/msg/imu__type_support.cpp.o[0m
[2.204s] [ 47%] [32mBuilding CXX object CMakeFiles/robot_msgs__rosidl_typesupport_fastrtps_cpp.dir/rosidl_typesupport_fastrtps_cpp/robot_msgs/msg/detail/dds_fastrtps/robot_command__type_support.cpp.o[0m
[2.205s] [ 49%] [32mBuilding CXX object CMakeFiles/robot_msgs__rosidl_typesupport_fastrtps_cpp.dir/rosidl_typesupport_fastrtps_cpp/robot_msgs/msg/detail/dds_fastrtps/robot_state__type_support.cpp.o[0m
[2.207s] [ 50%] [32mBuilding CXX object CMakeFiles/robot_msgs__rosidl_typesupport_fastrtps_cpp.dir/rosidl_typesupport_fastrtps_cpp/robot_msgs/msg/detail/dds_fastrtps/motor_state__type_support.cpp.o[0m
[2.212s] [35m[1mScanning dependencies of target robot_msgs__rosidl_typesupport_introspection_c[0m
[2.213s] [ 52%] [32m[1mLinking CXX shared library librobot_msgs__rosidl_typesupport_cpp.so[0m
[2.219s] [ 53%] [32m[1mLinking CXX shared library librobot_msgs__rosidl_typesupport_c.so[0m
[2.225s] [ 55%] [32mBuilding C object CMakeFiles/robot_msgs__rosidl_typesupport_introspection_c.dir/rosidl_typesupport_introspection_c/robot_msgs/msg/detail/motor_command__type_support.c.o[0m
[2.231s] [ 57%] [32mBuilding CXX object CMakeFiles/robot_msgs__rosidl_typesupport_fastrtps_cpp.dir/rosidl_typesupport_fastrtps_cpp/robot_msgs/msg/detail/dds_fastrtps/imu__type_support.cpp.o[0m
[2.241s] [ 58%] [32mBuilding C object CMakeFiles/robot_msgs__rosidl_typesupport_introspection_c.dir/rosidl_typesupport_introspection_c/robot_msgs/msg/detail/motor_state__type_support.c.o[0m
[2.256s] [ 58%] Built target robot_msgs__rosidl_typesupport_cpp
[2.259s] [ 60%] [32mBuilding C object CMakeFiles/robot_msgs__rosidl_typesupport_introspection_c.dir/rosidl_typesupport_introspection_c/robot_msgs/msg/detail/robot_command__type_support.c.o[0m
[2.263s] [ 61%] [32mBuilding C object CMakeFiles/robot_msgs__rosidl_typesupport_introspection_c.dir/rosidl_typesupport_introspection_c/robot_msgs/msg/detail/robot_state__type_support.c.o[0m
[2.264s] [ 63%] [32mBuilding C object CMakeFiles/robot_msgs__rosidl_typesupport_introspection_c.dir/rosidl_typesupport_introspection_c/robot_msgs/msg/detail/imu__type_support.c.o[0m
[2.265s] [ 63%] Built target robot_msgs__rosidl_typesupport_c
[2.295s] [ 65%] [32m[1mLinking C shared library librobot_msgs__rosidl_typesupport_introspection_c.so[0m
[2.323s] [ 65%] Built target robot_msgs__rosidl_typesupport_introspection_c
[2.384s] [ 66%] [32m[1mLinking CXX shared library librobot_msgs__rosidl_typesupport_introspection_cpp.so[0m
[2.428s] [ 66%] Built target robot_msgs__rosidl_typesupport_introspection_cpp
[2.467s] [ 68%] [32m[1mLinking CXX shared library librobot_msgs__rosidl_typesupport_fastrtps_cpp.so[0m
[2.517s] [ 68%] Built target robot_msgs__rosidl_typesupport_fastrtps_cpp
[2.523s] [ 69%] [34m[1mGenerating C type support for eProsima Fast-RTPS[0m
[2.742s] [35m[1mScanning dependencies of target robot_msgs__rosidl_typesupport_fastrtps_c[0m
[2.755s] [ 71%] [32mBuilding CXX object CMakeFiles/robot_msgs__rosidl_typesupport_fastrtps_c.dir/rosidl_typesupport_fastrtps_c/robot_msgs/msg/detail/motor_command__type_support_c.cpp.o[0m
[2.755s] [ 73%] [32mBuilding CXX object CMakeFiles/robot_msgs__rosidl_typesupport_fastrtps_c.dir/rosidl_typesupport_fastrtps_c/robot_msgs/msg/detail/motor_state__type_support_c.cpp.o[0m
[2.756s] [ 74%] [32mBuilding CXX object CMakeFiles/robot_msgs__rosidl_typesupport_fastrtps_c.dir/rosidl_typesupport_fastrtps_c/robot_msgs/msg/detail/robot_command__type_support_c.cpp.o[0m
[2.756s] [ 76%] [32mBuilding CXX object CMakeFiles/robot_msgs__rosidl_typesupport_fastrtps_c.dir/rosidl_typesupport_fastrtps_c/robot_msgs/msg/detail/robot_state__type_support_c.cpp.o[0m
[2.758s] [ 77%] [32mBuilding CXX object CMakeFiles/robot_msgs__rosidl_typesupport_fastrtps_c.dir/rosidl_typesupport_fastrtps_c/robot_msgs/msg/detail/imu__type_support_c.cpp.o[0m
[2.939s] [ 79%] [32m[1mLinking CXX shared library librobot_msgs__rosidl_typesupport_fastrtps_c.so[0m
[2.988s] [ 79%] Built target robot_msgs__rosidl_typesupport_fastrtps_c
[2.993s] [35m[1mScanning dependencies of target robot_msgs[0m
[2.998s] [ 79%] Built target robot_msgs
[3.003s] [35m[1mScanning dependencies of target robot_msgs__py[0m
[3.010s] [ 80%] [34m[1mGenerating Python code for ROS interfaces[0m
[3.490s] [ 80%] Built target robot_msgs__py
[3.494s] [35m[1mScanning dependencies of target robot_msgs__python[0m
[3.528s] [ 82%] [32mBuilding C object CMakeFiles/robot_msgs__python.dir/rosidl_generator_py/robot_msgs/msg/_motor_command_s.c.o[0m
[3.529s] [ 84%] [32mBuilding C object CMakeFiles/robot_msgs__python.dir/rosidl_generator_py/robot_msgs/msg/_motor_state_s.c.o[0m
[3.529s] [ 87%] [32mBuilding C object CMakeFiles/robot_msgs__python.dir/rosidl_generator_py/robot_msgs/msg/_robot_command_s.c.o[0m
[3.529s] [ 87%] [32mBuilding C object CMakeFiles/robot_msgs__python.dir/rosidl_generator_py/robot_msgs/msg/_robot_state_s.c.o[0m
[3.533s] [ 88%] [32mBuilding C object CMakeFiles/robot_msgs__python.dir/rosidl_generator_py/robot_msgs/msg/_imu_s.c.o[0m
[3.621s] [ 90%] [32m[1mLinking C shared library rosidl_generator_py/robot_msgs/librobot_msgs__python.so[0m
[3.648s] [ 90%] Built target robot_msgs__python
[3.653s] [35m[1mScanning dependencies of target robot_msgs__rosidl_typesupport_introspection_c__pyext[0m
[3.653s] [35m[1mScanning dependencies of target robot_msgs__rosidl_typesupport_c__pyext[0m
[3.653s] [35m[1mScanning dependencies of target robot_msgs__rosidl_typesupport_fastrtps_c__pyext[0m
[3.663s] [ 92%] [32mBuilding C object CMakeFiles/robot_msgs__rosidl_typesupport_c__pyext.dir/rosidl_generator_py/robot_msgs/_robot_msgs_s.ep.rosidl_typesupport_c.c.o[0m
[3.663s] [ 93%] [32mBuilding C object CMakeFiles/robot_msgs__rosidl_typesupport_introspection_c__pyext.dir/rosidl_generator_py/robot_msgs/_robot_msgs_s.ep.rosidl_typesupport_introspection_c.c.o[0m
[3.664s] [ 95%] [32mBuilding C object CMakeFiles/robot_msgs__rosidl_typesupport_fastrtps_c__pyext.dir/rosidl_generator_py/robot_msgs/_robot_msgs_s.ep.rosidl_typesupport_fastrtps_c.c.o[0m
[3.731s] [ 96%] [32m[1mLinking C shared library rosidl_generator_py/robot_msgs/robot_msgs_s__rosidl_typesupport_c.cpython-38-x86_64-linux-gnu.so[0m
[3.731s] [ 98%] [32m[1mLinking C shared library rosidl_generator_py/robot_msgs/robot_msgs_s__rosidl_typesupport_introspection_c.cpython-38-x86_64-linux-gnu.so[0m
[3.733s] [100%] [32m[1mLinking CXX shared library rosidl_generator_py/robot_msgs/robot_msgs_s__rosidl_typesupport_fastrtps_c.cpython-38-x86_64-linux-gnu.so[0m
[3.753s] [100%] Built target robot_msgs__rosidl_typesupport_c__pyext
[3.754s] [100%] Built target robot_msgs__rosidl_typesupport_introspection_c__pyext
[3.772s] [100%] Built target robot_msgs__rosidl_typesupport_fastrtps_c__pyext
[3.777s] Invoked command in '/home/ww/Documents/simulation_all_ros2/build/robot_msgs' returned '0': CMAKE_PREFIX_PATH=/opt/ros/foxy /usr/bin/cmake --build /home/ww/Documents/simulation_all_ros2/build/robot_msgs -- -j12 -l12
[3.830s] Invoking command in '/home/ww/Documents/simulation_all_ros2/build/robot_msgs': CMAKE_PREFIX_PATH=/opt/ros/foxy /usr/bin/cmake --install /home/ww/Documents/simulation_all_ros2/build/robot_msgs
[3.835s] -- Install configuration: ""
[3.835s] -- Installing: /home/ww/Documents/simulation_all_ros2/install/robot_msgs/share/ament_index/resource_index/rosidl_interfaces/robot_msgs
[3.835s] -- Up-to-date: /home/ww/Documents/simulation_all_ros2/install/robot_msgs/include/robot_msgs
[3.835s] -- Up-to-date: /home/ww/Documents/simulation_all_ros2/install/robot_msgs/include/robot_msgs/msg
[3.835s] -- Installing: /home/ww/Documents/simulation_all_ros2/install/robot_msgs/include/robot_msgs/msg/rosidl_generator_c__visibility_control.h
[3.835s] -- Installing: /home/ww/Documents/simulation_all_ros2/install/robot_msgs/include/robot_msgs/msg/robot_command.h
[3.835s] -- Installing: /home/ww/Documents/simulation_all_ros2/install/robot_msgs/include/robot_msgs/msg/motor_command.h
[3.835s] -- Installing: /home/ww/Documents/simulation_all_ros2/install/robot_msgs/include/robot_msgs/msg/robot_state.h
[3.835s] -- Up-to-date: /home/ww/Documents/simulation_all_ros2/install/robot_msgs/include/robot_msgs/msg/detail
[3.835s] -- Installing: /home/ww/Documents/simulation_all_ros2/install/robot_msgs/include/robot_msgs/msg/detail/motor_command__functions.c
[3.835s] -- Installing: /home/ww/Documents/simulation_all_ros2/install/robot_msgs/include/robot_msgs/msg/detail/robot_command__functions.c
[3.835s] -- Installing: /home/ww/Documents/simulation_all_ros2/install/robot_msgs/include/robot_msgs/msg/detail/robot_state__functions.h
[3.836s] -- Installing: /home/ww/Documents/simulation_all_ros2/install/robot_msgs/include/robot_msgs/msg/detail/motor_state__struct.h
[3.836s] -- Installing: /home/ww/Documents/simulation_all_ros2/install/robot_msgs/include/robot_msgs/msg/detail/imu__functions.h
[3.836s] -- Installing: /home/ww/Documents/simulation_all_ros2/install/robot_msgs/include/robot_msgs/msg/detail/robot_state__struct.h
[3.836s] -- Installing: /home/ww/Documents/simulation_all_ros2/install/robot_msgs/include/robot_msgs/msg/detail/motor_command__functions.h
[3.836s] -- Installing: /home/ww/Documents/simulation_all_ros2/install/robot_msgs/include/robot_msgs/msg/detail/motor_command__type_support.h
[3.836s] -- Installing: /home/ww/Documents/simulation_all_ros2/install/robot_msgs/include/robot_msgs/msg/detail/robot_command__type_support.h
[3.836s] -- Installing: /home/ww/Documents/simulation_all_ros2/install/robot_msgs/include/robot_msgs/msg/detail/robot_command__functions.h
[3.836s] -- Installing: /home/ww/Documents/simulation_all_ros2/install/robot_msgs/include/robot_msgs/msg/detail/motor_state__functions.h
[3.836s] -- Installing: /home/ww/Documents/simulation_all_ros2/install/robot_msgs/include/robot_msgs/msg/detail/robot_command__struct.h
[3.836s] -- Installing: /home/ww/Documents/simulation_all_ros2/install/robot_msgs/include/robot_msgs/msg/detail/imu__functions.c
[3.836s] -- Installing: /home/ww/Documents/simulation_all_ros2/install/robot_msgs/include/robot_msgs/msg/detail/robot_state__type_support.h
[3.836s] -- Installing: /home/ww/Documents/simulation_all_ros2/install/robot_msgs/include/robot_msgs/msg/detail/robot_state__functions.c
[3.836s] -- Installing: /home/ww/Documents/simulation_all_ros2/install/robot_msgs/include/robot_msgs/msg/detail/imu__type_support.h
[3.836s] -- Installing: /home/ww/Documents/simulation_all_ros2/install/robot_msgs/include/robot_msgs/msg/detail/motor_state__type_support.h
[3.836s] -- Installing: /home/ww/Documents/simulation_all_ros2/install/robot_msgs/include/robot_msgs/msg/detail/motor_command__struct.h
[3.836s] -- Installing: /home/ww/Documents/simulation_all_ros2/install/robot_msgs/include/robot_msgs/msg/detail/imu__struct.h
[3.836s] -- Installing: /home/ww/Documents/simulation_all_ros2/install/robot_msgs/include/robot_msgs/msg/detail/motor_state__functions.c
[3.836s] -- Installing: /home/ww/Documents/simulation_all_ros2/install/robot_msgs/include/robot_msgs/msg/imu.h
[3.836s] -- Installing: /home/ww/Documents/simulation_all_ros2/install/robot_msgs/include/robot_msgs/msg/motor_state.h
[3.836s] -- Installing: /home/ww/Documents/simulation_all_ros2/install/robot_msgs/share/robot_msgs/environment/library_path.sh
[3.837s] -- Installing: /home/ww/Documents/simulation_all_ros2/install/robot_msgs/share/robot_msgs/environment/library_path.dsv
[3.837s] -- Installing: /home/ww/Documents/simulation_all_ros2/install/robot_msgs/lib/librobot_msgs__rosidl_generator_c.so
[3.837s] -- Set runtime path of "/home/ww/Documents/simulation_all_ros2/install/robot_msgs/lib/librobot_msgs__rosidl_generator_c.so" to ""
[3.837s] -- Up-to-date: /home/ww/Documents/simulation_all_ros2/install/robot_msgs/include/robot_msgs
[3.837s] -- Up-to-date: /home/ww/Documents/simulation_all_ros2/install/robot_msgs/include/robot_msgs/msg
[3.837s] -- Installing: /home/ww/Documents/simulation_all_ros2/install/robot_msgs/include/robot_msgs/msg/rosidl_typesupport_fastrtps_c__visibility_control.h
[3.837s] -- Up-to-date: /home/ww/Documents/simulation_all_ros2/install/robot_msgs/include/robot_msgs/msg/detail
[3.837s] -- Installing: /home/ww/Documents/simulation_all_ros2/install/robot_msgs/include/robot_msgs/msg/detail/motor_command__rosidl_typesupport_fastrtps_c.h
[3.837s] -- Installing: /home/ww/Documents/simulation_all_ros2/install/robot_msgs/include/robot_msgs/msg/detail/motor_state__rosidl_typesupport_fastrtps_c.h
[3.837s] -- Installing: /home/ww/Documents/simulation_all_ros2/install/robot_msgs/include/robot_msgs/msg/detail/robot_state__rosidl_typesupport_fastrtps_c.h
[3.837s] -- Installing: /home/ww/Documents/simulation_all_ros2/install/robot_msgs/include/robot_msgs/msg/detail/imu__rosidl_typesupport_fastrtps_c.h
[3.837s] -- Installing: /home/ww/Documents/simulation_all_ros2/install/robot_msgs/include/robot_msgs/msg/detail/robot_command__rosidl_typesupport_fastrtps_c.h
[3.837s] -- Installing: /home/ww/Documents/simulation_all_ros2/install/robot_msgs/lib/librobot_msgs__rosidl_typesupport_fastrtps_c.so
[3.837s] -- Set runtime path of "/home/ww/Documents/simulation_all_ros2/install/robot_msgs/lib/librobot_msgs__rosidl_typesupport_fastrtps_c.so" to ""
[3.838s] -- Up-to-date: /home/ww/Documents/simulation_all_ros2/install/robot_msgs/include/robot_msgs
[3.838s] -- Up-to-date: /home/ww/Documents/simulation_all_ros2/install/robot_msgs/include/robot_msgs/msg
[3.838s] -- Installing: /home/ww/Documents/simulation_all_ros2/install/robot_msgs/include/robot_msgs/msg/rosidl_typesupport_fastrtps_cpp__visibility_control.h
[3.838s] -- Up-to-date: /home/ww/Documents/simulation_all_ros2/install/robot_msgs/include/robot_msgs/msg/detail
[3.838s] -- Installing: /home/ww/Documents/simulation_all_ros2/install/robot_msgs/include/robot_msgs/msg/detail/robot_command__rosidl_typesupport_fastrtps_cpp.hpp
[3.838s] -- Installing: /home/ww/Documents/simulation_all_ros2/install/robot_msgs/include/robot_msgs/msg/detail/motor_state__rosidl_typesupport_fastrtps_cpp.hpp
[3.838s] -- Installing: /home/ww/Documents/simulation_all_ros2/install/robot_msgs/include/robot_msgs/msg/detail/dds_fastrtps
[3.838s] -- Installing: /home/ww/Documents/simulation_all_ros2/install/robot_msgs/include/robot_msgs/msg/detail/imu__rosidl_typesupport_fastrtps_cpp.hpp
[3.838s] -- Installing: /home/ww/Documents/simulation_all_ros2/install/robot_msgs/include/robot_msgs/msg/detail/motor_command__rosidl_typesupport_fastrtps_cpp.hpp
[3.838s] -- Installing: /home/ww/Documents/simulation_all_ros2/install/robot_msgs/include/robot_msgs/msg/detail/robot_state__rosidl_typesupport_fastrtps_cpp.hpp
[3.838s] -- Installing: /home/ww/Documents/simulation_all_ros2/install/robot_msgs/lib/librobot_msgs__rosidl_typesupport_fastrtps_cpp.so
[3.838s] -- Set runtime path of "/home/ww/Documents/simulation_all_ros2/install/robot_msgs/lib/librobot_msgs__rosidl_typesupport_fastrtps_cpp.so" to ""
[3.838s] -- Up-to-date: /home/ww/Documents/simulation_all_ros2/install/robot_msgs/include/robot_msgs
[3.838s] -- Up-to-date: /home/ww/Documents/simulation_all_ros2/install/robot_msgs/include/robot_msgs/msg
[3.838s] -- Installing: /home/ww/Documents/simulation_all_ros2/install/robot_msgs/include/robot_msgs/msg/rosidl_typesupport_introspection_c__visibility_control.h
[3.838s] -- Up-to-date: /home/ww/Documents/simulation_all_ros2/install/robot_msgs/include/robot_msgs/msg/detail
[3.838s] -- Installing: /home/ww/Documents/simulation_all_ros2/install/robot_msgs/include/robot_msgs/msg/detail/motor_command__type_support.c
[3.838s] -- Installing: /home/ww/Documents/simulation_all_ros2/install/robot_msgs/include/robot_msgs/msg/detail/imu__type_support.c
[3.839s] -- Installing: /home/ww/Documents/simulation_all_ros2/install/robot_msgs/include/robot_msgs/msg/detail/robot_command__rosidl_typesupport_introspection_c.h
[3.839s] -- Installing: /home/ww/Documents/simulation_all_ros2/install/robot_msgs/include/robot_msgs/msg/detail/imu__rosidl_typesupport_introspection_c.h
[3.839s] -- Installing: /home/ww/Documents/simulation_all_ros2/install/robot_msgs/include/robot_msgs/msg/detail/robot_state__type_support.c
[3.839s] -- Installing: /home/ww/Documents/simulation_all_ros2/install/robot_msgs/include/robot_msgs/msg/detail/motor_state__rosidl_typesupport_introspection_c.h
[3.839s] -- Installing: /home/ww/Documents/simulation_all_ros2/install/robot_msgs/include/robot_msgs/msg/detail/robot_state__rosidl_typesupport_introspection_c.h
[3.839s] -- Installing: /home/ww/Documents/simulation_all_ros2/install/robot_msgs/include/robot_msgs/msg/detail/motor_state__type_support.c
[3.839s] -- Installing: /home/ww/Documents/simulation_all_ros2/install/robot_msgs/include/robot_msgs/msg/detail/robot_command__type_support.c
[3.839s] -- Installing: /home/ww/Documents/simulation_all_ros2/install/robot_msgs/include/robot_msgs/msg/detail/motor_command__rosidl_typesupport_introspection_c.h
[3.840s] -- Installing: /home/ww/Documents/simulation_all_ros2/install/robot_msgs/lib/librobot_msgs__rosidl_typesupport_introspection_c.so
[3.840s] -- Set runtime path of "/home/ww/Documents/simulation_all_ros2/install/robot_msgs/lib/librobot_msgs__rosidl_typesupport_introspection_c.so" to ""
[3.840s] -- Installing: /home/ww/Documents/simulation_all_ros2/install/robot_msgs/lib/librobot_msgs__rosidl_typesupport_c.so
[3.841s] -- Set runtime path of "/home/ww/Documents/simulation_all_ros2/install/robot_msgs/lib/librobot_msgs__rosidl_typesupport_c.so" to ""
[3.841s] -- Up-to-date: /home/ww/Documents/simulation_all_ros2/install/robot_msgs/include/robot_msgs
[3.841s] -- Up-to-date: /home/ww/Documents/simulation_all_ros2/install/robot_msgs/include/robot_msgs/msg
[3.841s] -- Installing: /home/ww/Documents/simulation_all_ros2/install/robot_msgs/include/robot_msgs/msg/imu.hpp
[3.841s] -- Installing: /home/ww/Documents/simulation_all_ros2/install/robot_msgs/include/robot_msgs/msg/rosidl_generator_cpp__visibility_control.hpp
[3.841s] -- Installing: /home/ww/Documents/simulation_all_ros2/install/robot_msgs/include/robot_msgs/msg/motor_state.hpp
[3.841s] -- Installing: /home/ww/Documents/simulation_all_ros2/install/robot_msgs/include/robot_msgs/msg/robot_state.hpp
[3.841s] -- Installing: /home/ww/Documents/simulation_all_ros2/install/robot_msgs/include/robot_msgs/msg/motor_command.hpp
[3.841s] -- Installing: /home/ww/Documents/simulation_all_ros2/install/robot_msgs/include/robot_msgs/msg/robot_command.hpp
[3.841s] -- Up-to-date: /home/ww/Documents/simulation_all_ros2/install/robot_msgs/include/robot_msgs/msg/detail
[3.841s] -- Installing: /home/ww/Documents/simulation_all_ros2/install/robot_msgs/include/robot_msgs/msg/detail/imu__traits.hpp
[3.841s] -- Installing: /home/ww/Documents/simulation_all_ros2/install/robot_msgs/include/robot_msgs/msg/detail/motor_state__type_support.hpp
[3.841s] -- Installing: /home/ww/Documents/simulation_all_ros2/install/robot_msgs/include/robot_msgs/msg/detail/motor_command__traits.hpp
[3.841s] -- Installing: /home/ww/Documents/simulation_all_ros2/install/robot_msgs/include/robot_msgs/msg/detail/robot_command__traits.hpp
[3.841s] -- Installing: /home/ww/Documents/simulation_all_ros2/install/robot_msgs/include/robot_msgs/msg/detail/robot_state__struct.hpp
[3.841s] -- Installing: /home/ww/Documents/simulation_all_ros2/install/robot_msgs/include/robot_msgs/msg/detail/motor_command__type_support.hpp
[3.841s] -- Installing: /home/ww/Documents/simulation_all_ros2/install/robot_msgs/include/robot_msgs/msg/detail/robot_state__type_support.hpp
[3.841s] -- Installing: /home/ww/Documents/simulation_all_ros2/install/robot_msgs/include/robot_msgs/msg/detail/motor_state__traits.hpp
[3.841s] -- Installing: /home/ww/Documents/simulation_all_ros2/install/robot_msgs/include/robot_msgs/msg/detail/robot_command__type_support.hpp
[3.841s] -- Installing: /home/ww/Documents/simulation_all_ros2/install/robot_msgs/include/robot_msgs/msg/detail/motor_command__struct.hpp
[3.841s] -- Installing: /home/ww/Documents/simulation_all_ros2/install/robot_msgs/include/robot_msgs/msg/detail/robot_state__builder.hpp
[3.842s] -- Installing: /home/ww/Documents/simulation_all_ros2/install/robot_msgs/include/robot_msgs/msg/detail/motor_command__builder.hpp
[3.842s] -- Installing: /home/ww/Documents/simulation_all_ros2/install/robot_msgs/include/robot_msgs/msg/detail/imu__type_support.hpp
[3.842s] -- Installing: /home/ww/Documents/simulation_all_ros2/install/robot_msgs/include/robot_msgs/msg/detail/motor_state__builder.hpp
[3.842s] -- Installing: /home/ww/Documents/simulation_all_ros2/install/robot_msgs/include/robot_msgs/msg/detail/motor_state__struct.hpp
[3.842s] -- Installing: /home/ww/Documents/simulation_all_ros2/install/robot_msgs/include/robot_msgs/msg/detail/robot_command__struct.hpp
[3.842s] -- Installing: /home/ww/Documents/simulation_all_ros2/install/robot_msgs/include/robot_msgs/msg/detail/imu__struct.hpp
[3.842s] -- Installing: /home/ww/Documents/simulation_all_ros2/install/robot_msgs/include/robot_msgs/msg/detail/robot_state__traits.hpp
[3.842s] -- Installing: /home/ww/Documents/simulation_all_ros2/install/robot_msgs/include/robot_msgs/msg/detail/robot_command__builder.hpp
[3.842s] -- Installing: /home/ww/Documents/simulation_all_ros2/install/robot_msgs/include/robot_msgs/msg/detail/imu__builder.hpp
[3.842s] -- Up-to-date: /home/ww/Documents/simulation_all_ros2/install/robot_msgs/include/robot_msgs
[3.842s] -- Up-to-date: /home/ww/Documents/simulation_all_ros2/install/robot_msgs/include/robot_msgs/msg
[3.842s] -- Up-to-date: /home/ww/Documents/simulation_all_ros2/install/robot_msgs/include/robot_msgs/msg/detail
[3.842s] -- Installing: /home/ww/Documents/simulation_all_ros2/install/robot_msgs/include/robot_msgs/msg/detail/motor_command__rosidl_typesupport_introspection_cpp.hpp
[3.842s] -- Installing: /home/ww/Documents/simulation_all_ros2/install/robot_msgs/include/robot_msgs/msg/detail/imu__type_support.cpp
[3.842s] -- Installing: /home/ww/Documents/simulation_all_ros2/install/robot_msgs/include/robot_msgs/msg/detail/robot_command__rosidl_typesupport_introspection_cpp.hpp
[3.842s] -- Installing: /home/ww/Documents/simulation_all_ros2/install/robot_msgs/include/robot_msgs/msg/detail/robot_state__type_support.cpp
[3.842s] -- Installing: /home/ww/Documents/simulation_all_ros2/install/robot_msgs/include/robot_msgs/msg/detail/motor_command__type_support.cpp
[3.842s] -- Installing: /home/ww/Documents/simulation_all_ros2/install/robot_msgs/include/robot_msgs/msg/detail/motor_state__type_support.cpp
[3.842s] -- Installing: /home/ww/Documents/simulation_all_ros2/install/robot_msgs/include/robot_msgs/msg/detail/robot_state__rosidl_typesupport_introspection_cpp.hpp
[3.842s] -- Installing: /home/ww/Documents/simulation_all_ros2/install/robot_msgs/include/robot_msgs/msg/detail/robot_command__type_support.cpp
[3.842s] -- Installing: /home/ww/Documents/simulation_all_ros2/install/robot_msgs/include/robot_msgs/msg/detail/motor_state__rosidl_typesupport_introspection_cpp.hpp
[3.842s] -- Installing: /home/ww/Documents/simulation_all_ros2/install/robot_msgs/include/robot_msgs/msg/detail/imu__rosidl_typesupport_introspection_cpp.hpp
[3.843s] -- Installing: /home/ww/Documents/simulation_all_ros2/install/robot_msgs/lib/librobot_msgs__rosidl_typesupport_introspection_cpp.so
[3.843s] -- Set runtime path of "/home/ww/Documents/simulation_all_ros2/install/robot_msgs/lib/librobot_msgs__rosidl_typesupport_introspection_cpp.so" to ""
[3.843s] -- Installing: /home/ww/Documents/simulation_all_ros2/install/robot_msgs/lib/librobot_msgs__rosidl_typesupport_cpp.so
[3.843s] -- Set runtime path of "/home/ww/Documents/simulation_all_ros2/install/robot_msgs/lib/librobot_msgs__rosidl_typesupport_cpp.so" to ""
[3.843s] -- Installing: /home/ww/Documents/simulation_all_ros2/install/robot_msgs/share/robot_msgs/environment/pythonpath.sh
[3.843s] -- Installing: /home/ww/Documents/simulation_all_ros2/install/robot_msgs/share/robot_msgs/environment/pythonpath.dsv
[3.843s] -- Installing: /home/ww/Documents/simulation_all_ros2/install/robot_msgs/lib/python3.8/site-packages/robot_msgs/__init__.py
[3.862s] Compiling '/home/ww/Documents/simulation_all_ros2/install/robot_msgs/lib/python3.8/site-packages/robot_msgs/__init__.py'...
[3.864s] -- Up-to-date: /home/ww/Documents/simulation_all_ros2/install/robot_msgs/lib/python3.8/site-packages/robot_msgs/msg
[3.864s] -- Installing: /home/ww/Documents/simulation_all_ros2/install/robot_msgs/lib/python3.8/site-packages/robot_msgs/msg/__init__.py
[3.864s] -- Installing: /home/ww/Documents/simulation_all_ros2/install/robot_msgs/lib/python3.8/site-packages/robot_msgs/msg/_motor_state_s.c
[3.864s] -- Installing: /home/ww/Documents/simulation_all_ros2/install/robot_msgs/lib/python3.8/site-packages/robot_msgs/msg/_robot_state.py
[3.864s] -- Installing: /home/ww/Documents/simulation_all_ros2/install/robot_msgs/lib/python3.8/site-packages/robot_msgs/msg/_robot_command_s.c
[3.864s] -- Installing: /home/ww/Documents/simulation_all_ros2/install/robot_msgs/lib/python3.8/site-packages/robot_msgs/msg/_motor_state.py
[3.864s] -- Installing: /home/ww/Documents/simulation_all_ros2/install/robot_msgs/lib/python3.8/site-packages/robot_msgs/msg/_imu.py
[3.864s] -- Installing: /home/ww/Documents/simulation_all_ros2/install/robot_msgs/lib/python3.8/site-packages/robot_msgs/msg/_motor_command_s.c
[3.864s] -- Installing: /home/ww/Documents/simulation_all_ros2/install/robot_msgs/lib/python3.8/site-packages/robot_msgs/msg/_robot_state_s.c
[3.864s] -- Installing: /home/ww/Documents/simulation_all_ros2/install/robot_msgs/lib/python3.8/site-packages/robot_msgs/msg/_motor_command.py
[3.864s] -- Installing: /home/ww/Documents/simulation_all_ros2/install/robot_msgs/lib/python3.8/site-packages/robot_msgs/msg/_robot_command.py
[3.865s] -- Installing: /home/ww/Documents/simulation_all_ros2/install/robot_msgs/lib/python3.8/site-packages/robot_msgs/msg/_imu_s.c
[3.865s] -- Installing: /home/ww/Documents/simulation_all_ros2/install/robot_msgs/lib/python3.8/site-packages/robot_msgs/robot_msgs_s__rosidl_typesupport_fastrtps_c.cpython-38-x86_64-linux-gnu.so
[3.865s] -- Set runtime path of "/home/ww/Documents/simulation_all_ros2/install/robot_msgs/lib/python3.8/site-packages/robot_msgs/robot_msgs_s__rosidl_typesupport_fastrtps_c.cpython-38-x86_64-linux-gnu.so" to ""
[3.866s] -- Installing: /home/ww/Documents/simulation_all_ros2/install/robot_msgs/lib/python3.8/site-packages/robot_msgs/robot_msgs_s__rosidl_typesupport_introspection_c.cpython-38-x86_64-linux-gnu.so
[3.866s] -- Set runtime path of "/home/ww/Documents/simulation_all_ros2/install/robot_msgs/lib/python3.8/site-packages/robot_msgs/robot_msgs_s__rosidl_typesupport_introspection_c.cpython-38-x86_64-linux-gnu.so" to ""
[3.866s] -- Installing: /home/ww/Documents/simulation_all_ros2/install/robot_msgs/lib/python3.8/site-packages/robot_msgs/robot_msgs_s__rosidl_typesupport_c.cpython-38-x86_64-linux-gnu.so
[3.867s] -- Set runtime path of "/home/ww/Documents/simulation_all_ros2/install/robot_msgs/lib/python3.8/site-packages/robot_msgs/robot_msgs_s__rosidl_typesupport_c.cpython-38-x86_64-linux-gnu.so" to ""
[3.867s] -- Installing: /home/ww/Documents/simulation_all_ros2/install/robot_msgs/lib/librobot_msgs__python.so
[3.867s] -- Set runtime path of "/home/ww/Documents/simulation_all_ros2/install/robot_msgs/lib/librobot_msgs__python.so" to ""
[3.867s] -- Installing: /home/ww/Documents/simulation_all_ros2/install/robot_msgs/share/robot_msgs/msg/MotorCommand.idl
[3.867s] -- Installing: /home/ww/Documents/simulation_all_ros2/install/robot_msgs/share/robot_msgs/msg/MotorState.idl
[3.867s] -- Installing: /home/ww/Documents/simulation_all_ros2/install/robot_msgs/share/robot_msgs/msg/RobotCommand.idl
[3.867s] -- Installing: /home/ww/Documents/simulation_all_ros2/install/robot_msgs/share/robot_msgs/msg/RobotState.idl
[3.867s] -- Installing: /home/ww/Documents/simulation_all_ros2/install/robot_msgs/share/robot_msgs/msg/IMU.idl
[3.867s] -- Up-to-date: /home/ww/Documents/simulation_all_ros2/install/robot_msgs/share/robot_msgs/msg/MotorCommand.msg
[3.867s] -- Up-to-date: /home/ww/Documents/simulation_all_ros2/install/robot_msgs/share/robot_msgs/msg/MotorState.msg
[3.867s] -- Up-to-date: /home/ww/Documents/simulation_all_ros2/install/robot_msgs/share/robot_msgs/msg/RobotCommand.msg
[3.867s] -- Up-to-date: /home/ww/Documents/simulation_all_ros2/install/robot_msgs/share/robot_msgs/msg/RobotState.msg
[3.867s] -- Up-to-date: /home/ww/Documents/simulation_all_ros2/install/robot_msgs/share/robot_msgs/msg/IMU.msg
[3.867s] -- Installing: /home/ww/Documents/simulation_all_ros2/install/robot_msgs/share/ament_index/resource_index/package_run_dependencies/robot_msgs
[3.867s] -- Installing: /home/ww/Documents/simulation_all_ros2/install/robot_msgs/share/ament_index/resource_index/parent_prefix_path/robot_msgs
[3.867s] -- Installing: /home/ww/Documents/simulation_all_ros2/install/robot_msgs/share/robot_msgs/environment/ament_prefix_path.sh
[3.868s] -- Installing: /home/ww/Documents/simulation_all_ros2/install/robot_msgs/share/robot_msgs/environment/ament_prefix_path.dsv
[3.868s] -- Installing: /home/ww/Documents/simulation_all_ros2/install/robot_msgs/share/robot_msgs/environment/path.sh
[3.868s] -- Installing: /home/ww/Documents/simulation_all_ros2/install/robot_msgs/share/robot_msgs/environment/path.dsv
[3.868s] -- Installing: /home/ww/Documents/simulation_all_ros2/install/robot_msgs/share/robot_msgs/local_setup.bash
[3.868s] -- Installing: /home/ww/Documents/simulation_all_ros2/install/robot_msgs/share/robot_msgs/local_setup.sh
[3.868s] -- Installing: /home/ww/Documents/simulation_all_ros2/install/robot_msgs/share/robot_msgs/local_setup.zsh
[3.868s] -- Installing: /home/ww/Documents/simulation_all_ros2/install/robot_msgs/share/robot_msgs/local_setup.dsv
[3.868s] -- Installing: /home/ww/Documents/simulation_all_ros2/install/robot_msgs/share/robot_msgs/package.dsv
[3.868s] -- Installing: /home/ww/Documents/simulation_all_ros2/install/robot_msgs/share/ament_index/resource_index/packages/robot_msgs
[3.868s] -- Installing: /home/ww/Documents/simulation_all_ros2/install/robot_msgs/share/robot_msgs/cmake/robot_msgs__rosidl_generator_cExport.cmake
[3.868s] -- Installing: /home/ww/Documents/simulation_all_ros2/install/robot_msgs/share/robot_msgs/cmake/robot_msgs__rosidl_generator_cExport-noconfig.cmake
[3.868s] -- Installing: /home/ww/Documents/simulation_all_ros2/install/robot_msgs/share/robot_msgs/cmake/robot_msgs__rosidl_typesupport_introspection_cExport.cmake
[3.869s] -- Installing: /home/ww/Documents/simulation_all_ros2/install/robot_msgs/share/robot_msgs/cmake/robot_msgs__rosidl_typesupport_introspection_cExport-noconfig.cmake
[3.869s] -- Installing: /home/ww/Documents/simulation_all_ros2/install/robot_msgs/share/robot_msgs/cmake/robot_msgs__rosidl_typesupport_cExport.cmake
[3.869s] -- Installing: /home/ww/Documents/simulation_all_ros2/install/robot_msgs/share/robot_msgs/cmake/robot_msgs__rosidl_typesupport_cExport-noconfig.cmake
[3.869s] -- Installing: /home/ww/Documents/simulation_all_ros2/install/robot_msgs/share/robot_msgs/cmake/robot_msgs__rosidl_generator_cppExport.cmake
[3.869s] -- Installing: /home/ww/Documents/simulation_all_ros2/install/robot_msgs/share/robot_msgs/cmake/robot_msgs__rosidl_typesupport_introspection_cppExport.cmake
[3.869s] -- Installing: /home/ww/Documents/simulation_all_ros2/install/robot_msgs/share/robot_msgs/cmake/robot_msgs__rosidl_typesupport_introspection_cppExport-noconfig.cmake
[3.869s] -- Installing: /home/ww/Documents/simulation_all_ros2/install/robot_msgs/share/robot_msgs/cmake/robot_msgs__rosidl_typesupport_cppExport.cmake
[3.869s] -- Installing: /home/ww/Documents/simulation_all_ros2/install/robot_msgs/share/robot_msgs/cmake/robot_msgs__rosidl_typesupport_cppExport-noconfig.cmake
[3.869s] -- Installing: /home/ww/Documents/simulation_all_ros2/install/robot_msgs/share/robot_msgs/cmake/rosidl_cmake-extras.cmake
[3.870s] -- Installing: /home/ww/Documents/simulation_all_ros2/install/robot_msgs/share/robot_msgs/cmake/ament_cmake_export_dependencies-extras.cmake
[3.870s] -- Installing: /home/ww/Documents/simulation_all_ros2/install/robot_msgs/share/robot_msgs/cmake/ament_cmake_export_libraries-extras.cmake
[3.870s] -- Installing: /home/ww/Documents/simulation_all_ros2/install/robot_msgs/share/robot_msgs/cmake/ament_cmake_export_targets-extras.cmake
[3.870s] -- Installing: /home/ww/Documents/simulation_all_ros2/install/robot_msgs/share/robot_msgs/cmake/ament_cmake_export_include_directories-extras.cmake
[3.870s] -- Installing: /home/ww/Documents/simulation_all_ros2/install/robot_msgs/share/robot_msgs/cmake/rosidl_cmake_export_typesupport_libraries-extras.cmake
[3.870s] -- Installing: /home/ww/Documents/simulation_all_ros2/install/robot_msgs/share/robot_msgs/cmake/rosidl_cmake_export_typesupport_targets-extras.cmake
[3.870s] -- Installing: /home/ww/Documents/simulation_all_ros2/install/robot_msgs/share/robot_msgs/cmake/robot_msgsConfig.cmake
[3.870s] -- Installing: /home/ww/Documents/simulation_all_ros2/install/robot_msgs/share/robot_msgs/cmake/robot_msgsConfig-version.cmake
[3.870s] -- Up-to-date: /home/ww/Documents/simulation_all_ros2/install/robot_msgs/share/robot_msgs/package.xml
[3.871s] Invoked command in '/home/ww/Documents/simulation_all_ros2/build/robot_msgs' returned '0': CMAKE_PREFIX_PATH=/opt/ros/foxy /usr/bin/cmake --install /home/ww/Documents/simulation_all_ros2/build/robot_msgs
